Command line arguments: {Namespace(batch=512, epochs=50, out='save', save=5, size='full')}
Building vocab...
TR vocab size: 50004, EN vocab size: 50002
Done building vocab
GPUs available: 1
Iterators built.
Training model...
Epoch 1 / 50
Epoch Step: 1 Loss: 9.422706 Tokens per Sec: 156.030121
Epoch Step: 1001 Loss: 4.126481 Tokens per Sec: 1367.363037
Epoch Step: 2001 Loss: 4.045610 Tokens per Sec: 1358.112061
Epoch Step: 3001 Loss: 4.497801 Tokens per Sec: 1358.359375
Epoch Step: 4001 Loss: 4.555133 Tokens per Sec: 1355.715210
Epoch Step: 5001 Loss: 4.495737 Tokens per Sec: 1359.273438
Epoch Step: 6001 Loss: 4.141959 Tokens per Sec: 1347.131470
Epoch Step: 7001 Loss: 4.674860 Tokens per Sec: 1359.430542
Epoch Step: 8001 Loss: 4.240319 Tokens per Sec: 1360.568604
Epoch Step: 9001 Loss: 4.588715 Tokens per Sec: 1346.729126
Epoch Step: 10001 Loss: 4.106883 Tokens per Sec: 1355.524292
Epoch Step: 11001 Loss: 3.069922 Tokens per Sec: 1350.738647
Epoch Step: 12001 Loss: 4.121490 Tokens per Sec: 1359.815430
Epoch Step: 13001 Loss: 4.383790 Tokens per Sec: 1342.049316
Epoch Step: 14001 Loss: 3.841154 Tokens per Sec: 1361.628052
Epoch Step: 15001 Loss: 4.039929 Tokens per Sec: 1347.863159
Epoch Step: 16001 Loss: 4.152014 Tokens per Sec: 1362.055176
Epoch Step: 17001 Loss: 3.918963 Tokens per Sec: 1349.006104
Epoch Step: 18001 Loss: 3.717118 Tokens per Sec: 1349.409912
Epoch Step: 19001 Loss: 0.722036 Tokens per Sec: 1351.638550
Epoch Step: 20001 Loss: 4.149737 Tokens per Sec: 1348.284912
Epoch Step: 21001 Loss: 3.989593 Tokens per Sec: 1356.569702
Epoch Step: 22001 Loss: 3.751642 Tokens per Sec: 1350.816772
Epoch Step: 23001 Loss: 3.311940 Tokens per Sec: 1354.847168
Epoch Step: 24001 Loss: 3.840699 Tokens per Sec: 1355.224243
Epoch Step: 25001 Loss: 3.917247 Tokens per Sec: 1355.463379
Epoch Step: 26001 Loss: 4.693945 Tokens per Sec: 1350.204834
Epoch Step: 27001 Loss: 3.647914 Tokens per Sec: 1348.457886
Epoch Step: 28001 Loss: 4.047802 Tokens per Sec: 1356.129517
Epoch Step: 29001 Loss: 2.886370 Tokens per Sec: 1357.581299
Epoch Step: 30001 Loss: 3.930175 Tokens per Sec: 1358.463501
Epoch Step: 31001 Loss: 3.552225 Tokens per Sec: 1342.695923
Epoch Step: 32001 Loss: 3.569571 Tokens per Sec: 1354.820923
Epoch Step: 33001 Loss: 0.638516 Tokens per Sec: 1355.206665
Epoch Step: 34001 Loss: 0.651988 Tokens per Sec: 1351.893433
Epoch Step: 35001 Loss: 2.861262 Tokens per Sec: 1351.938110
Epoch Step: 36001 Loss: 1.628437 Tokens per Sec: 1357.121826
Epoch Step: 37001 Loss: 2.593514 Tokens per Sec: 1350.166260
Epoch Step: 38001 Loss: 2.843835 Tokens per Sec: 1354.685669
Epoch Step: 39001 Loss: 0.817353 Tokens per Sec: 1350.341064
Epoch Step: 40001 Loss: 3.904694 Tokens per Sec: 1354.144653
Epoch Step: 1 Loss: 0.587861 Tokens per Sec: 752.323120
Validation loss: 3.573669
Epoch 2 / 50
Epoch Step: 1 Loss: 4.255920 Tokens per Sec: 184.417526
Epoch Step: 1001 Loss: 4.038059 Tokens per Sec: 1359.878906
Epoch Step: 2001 Loss: 3.624607 Tokens per Sec: 1352.185425
Epoch Step: 3001 Loss: 3.285714 Tokens per Sec: 1346.886230
Epoch Step: 4001 Loss: 2.563986 Tokens per Sec: 1362.301636
Epoch Step: 5001 Loss: 4.576223 Tokens per Sec: 1344.364624
Epoch Step: 6001 Loss: 3.995583 Tokens per Sec: 1359.035400
Epoch Step: 7001 Loss: 2.955596 Tokens per Sec: 1344.612915
Epoch Step: 8001 Loss: 3.849741 Tokens per Sec: 1355.692017
Epoch Step: 9001 Loss: 3.354885 Tokens per Sec: 1355.384277
Epoch Step: 10001 Loss: 4.973090 Tokens per Sec: 1362.982544
Epoch Step: 11001 Loss: 2.552187 Tokens per Sec: 1348.233887
Epoch Step: 12001 Loss: 3.001783 Tokens per Sec: 1353.499390
Epoch Step: 13001 Loss: 4.436700 Tokens per Sec: 1355.372559
Epoch Step: 14001 Loss: 2.740947 Tokens per Sec: 1347.118896
Epoch Step: 15001 Loss: 3.180744 Tokens per Sec: 1361.696777
Epoch Step: 16001 Loss: 3.929948 Tokens per Sec: 1343.173340
Epoch Step: 17001 Loss: 3.301742 Tokens per Sec: 1361.806396
Epoch Step: 18001 Loss: 2.376788 Tokens per Sec: 1347.165649
Epoch Step: 19001 Loss: 3.507707 Tokens per Sec: 1351.333496
Epoch Step: 20001 Loss: 2.748076 Tokens per Sec: 1345.390747
Epoch Step: 21001 Loss: 3.872291 Tokens per Sec: 1357.102905
Epoch Step: 22001 Loss: 3.843438 Tokens per Sec: 1360.645142
Epoch Step: 23001 Loss: 3.494103 Tokens per Sec: 1349.866333
Epoch Step: 24001 Loss: 4.734194 Tokens per Sec: 1350.608765
Epoch Step: 25001 Loss: 3.030457 Tokens per Sec: 1354.295166
Epoch Step: 26001 Loss: 3.382399 Tokens per Sec: 1353.266113
Epoch Step: 27001 Loss: 3.953696 Tokens per Sec: 1354.727661
Epoch Step: 28001 Loss: 3.489005 Tokens per Sec: 1351.336670
Epoch Step: 29001 Loss: 2.983944 Tokens per Sec: 1354.633301
Epoch Step: 30001 Loss: 3.554108 Tokens per Sec: 1345.972534
Epoch Step: 31001 Loss: 3.959863 Tokens per Sec: 1355.904663
Epoch Step: 32001 Loss: 2.581899 Tokens per Sec: 1358.104492
Epoch Step: 33001 Loss: 3.666336 Tokens per Sec: 1348.649292
Epoch Step: 34001 Loss: 2.069109 Tokens per Sec: 1361.043579
Epoch Step: 35001 Loss: 4.484023 Tokens per Sec: 1358.282837
Epoch Step: 36001 Loss: 4.046560 Tokens per Sec: 1348.786987
Epoch Step: 37001 Loss: 3.085723 Tokens per Sec: 1354.515503
Epoch Step: 38001 Loss: 2.600257 Tokens per Sec: 1342.409546
Epoch Step: 39001 Loss: 3.667270 Tokens per Sec: 1355.739990
Epoch Step: 40001 Loss: 4.733230 Tokens per Sec: 1349.656128
Epoch Step: 1 Loss: 0.558923 Tokens per Sec: 783.375183
Validation loss: 3.413265
Epoch 3 / 50
Epoch Step: 1 Loss: 2.936874 Tokens per Sec: 134.380646
Epoch Step: 1001 Loss: 3.166764 Tokens per Sec: 1352.146362
Epoch Step: 2001 Loss: 0.644676 Tokens per Sec: 1357.040283
Epoch Step: 3001 Loss: 4.216841 Tokens per Sec: 1353.469238
Epoch Step: 4001 Loss: 2.656124 Tokens per Sec: 1355.625488
Epoch Step: 5001 Loss: 3.513585 Tokens per Sec: 1355.774048
Epoch Step: 6001 Loss: 4.294956 Tokens per Sec: 1347.406128
Epoch Step: 7001 Loss: 3.432727 Tokens per Sec: 1347.890015
Epoch Step: 8001 Loss: 3.131569 Tokens per Sec: 1354.494263
Epoch Step: 9001 Loss: 4.332331 Tokens per Sec: 1360.279907
Epoch Step: 10001 Loss: 4.228950 Tokens per Sec: 1352.893921
Epoch Step: 11001 Loss: 3.968396 Tokens per Sec: 1357.315552
Epoch Step: 12001 Loss: 1.766599 Tokens per Sec: 1343.576416
Epoch Step: 13001 Loss: 3.619176 Tokens per Sec: 1355.902466
Epoch Step: 14001 Loss: 3.364036 Tokens per Sec: 1349.266846
Epoch Step: 15001 Loss: 2.850389 Tokens per Sec: 1357.095093
Epoch Step: 16001 Loss: 2.482303 Tokens per Sec: 1352.225098
Epoch Step: 17001 Loss: 3.488066 Tokens per Sec: 1352.261597
Epoch Step: 18001 Loss: 3.710939 Tokens per Sec: 1360.367554
Epoch Step: 19001 Loss: 1.005110 Tokens per Sec: 1349.585938
Epoch Step: 20001 Loss: 3.830607 Tokens per Sec: 1353.093994
Epoch Step: 21001 Loss: 2.808928 Tokens per Sec: 1354.518188
Epoch Step: 22001 Loss: 3.613378 Tokens per Sec: 1353.860840
Epoch Step: 23001 Loss: 3.197757 Tokens per Sec: 1355.148682
Epoch Step: 24001 Loss: 2.699227 Tokens per Sec: 1353.073486
Epoch Step: 25001 Loss: 3.311342 Tokens per Sec: 1358.583984
Epoch Step: 26001 Loss: 3.236734 Tokens per Sec: 1347.407227
Epoch Step: 27001 Loss: 4.044136 Tokens per Sec: 1359.917725
Epoch Step: 28001 Loss: 3.605086 Tokens per Sec: 1356.724487
Epoch Step: 29001 Loss: 3.014541 Tokens per Sec: 1359.476196
Epoch Step: 30001 Loss: 4.160363 Tokens per Sec: 1350.548096
Epoch Step: 31001 Loss: 2.443002 Tokens per Sec: 1355.624512
Epoch Step: 32001 Loss: 4.922583 Tokens per Sec: 1354.488403
Epoch Step: 33001 Loss: 3.851072 Tokens per Sec: 1354.057617
Epoch Step: 34001 Loss: 2.958499 Tokens per Sec: 1361.244995
Epoch Step: 35001 Loss: 3.256286 Tokens per Sec: 1361.130493
Epoch Step: 36001 Loss: 2.703890 Tokens per Sec: 1355.209717
Epoch Step: 37001 Loss: 3.649118 Tokens per Sec: 1345.645386
Epoch Step: 38001 Loss: 2.788102 Tokens per Sec: 1351.358032
Epoch Step: 39001 Loss: 2.355513 Tokens per Sec: 1356.483276
Epoch Step: 40001 Loss: 2.286925 Tokens per Sec: 1355.600952
Epoch Step: 1 Loss: 0.480002 Tokens per Sec: 760.125427
Validation loss: 3.303399
Epoch 4 / 50
Epoch Step: 1 Loss: 4.050747 Tokens per Sec: 184.704010
Epoch Step: 1001 Loss: 3.733507 Tokens per Sec: 1354.490845
Epoch Step: 2001 Loss: 4.054894 Tokens per Sec: 1357.752686
Epoch Step: 3001 Loss: 2.655308 Tokens per Sec: 1349.476807
Epoch Step: 4001 Loss: 3.809575 Tokens per Sec: 1351.727051
Epoch Step: 5001 Loss: 3.686337 Tokens per Sec: 1356.643433
Epoch Step: 6001 Loss: 4.435448 Tokens per Sec: 1350.985229
Epoch Step: 7001 Loss: 2.272749 Tokens per Sec: 1353.887451
Epoch Step: 8001 Loss: 4.078588 Tokens per Sec: 1350.082397
Epoch Step: 9001 Loss: 2.814394 Tokens per Sec: 1355.643799
Epoch Step: 10001 Loss: 3.453936 Tokens per Sec: 1351.033691
Epoch Step: 11001 Loss: 4.075826 Tokens per Sec: 1349.930542
Epoch Step: 12001 Loss: 3.812436 Tokens per Sec: 1360.421753
Epoch Step: 13001 Loss: 2.030033 Tokens per Sec: 1351.973999
Epoch Step: 14001 Loss: 0.738881 Tokens per Sec: 1351.088379
Epoch Step: 15001 Loss: 2.946209 Tokens per Sec: 1354.645874
Epoch Step: 16001 Loss: 3.641181 Tokens per Sec: 1358.893311
Epoch Step: 17001 Loss: 2.211086 Tokens per Sec: 1345.990356
Epoch Step: 18001 Loss: 3.832829 Tokens per Sec: 1357.259766
Epoch Step: 19001 Loss: 2.692962 Tokens per Sec: 1354.724731
Epoch Step: 20001 Loss: 3.884818 Tokens per Sec: 1361.258545
Epoch Step: 21001 Loss: 3.130619 Tokens per Sec: 1354.438721
Epoch Step: 22001 Loss: 2.708406 Tokens per Sec: 1348.682617
Epoch Step: 23001 Loss: 3.126424 Tokens per Sec: 1357.232910
Epoch Step: 24001 Loss: 2.574143 Tokens per Sec: 1354.249023
Epoch Step: 25001 Loss: 0.587569 Tokens per Sec: 1354.999023
Epoch Step: 26001 Loss: 2.965346 Tokens per Sec: 1351.732544
Epoch Step: 27001 Loss: 3.307092 Tokens per Sec: 1356.345947
Epoch Step: 28001 Loss: 3.681250 Tokens per Sec: 1350.450806
Epoch Step: 29001 Loss: 2.411948 Tokens per Sec: 1350.212891
Epoch Step: 30001 Loss: 3.442359 Tokens per Sec: 1365.714478
Epoch Step: 31001 Loss: 3.662100 Tokens per Sec: 1348.543457
Epoch Step: 32001 Loss: 3.747605 Tokens per Sec: 1350.387573
Epoch Step: 33001 Loss: 3.586543 Tokens per Sec: 1355.885376
Epoch Step: 34001 Loss: 2.919194 Tokens per Sec: 1361.879761
Epoch Step: 35001 Loss: 2.943188 Tokens per Sec: 1343.571289
Epoch Step: 36001 Loss: 3.293442 Tokens per Sec: 1359.839111
Epoch Step: 37001 Loss: 4.125566 Tokens per Sec: 1353.140015
Epoch Step: 38001 Loss: 2.962442 Tokens per Sec: 1357.938232
Epoch Step: 39001 Loss: 3.231609 Tokens per Sec: 1365.071167
Epoch Step: 40001 Loss: 4.707718 Tokens per Sec: 1342.507690
Epoch Step: 1 Loss: 0.475403 Tokens per Sec: 757.885132
Validation loss: 3.199543
Epoch 5 / 50
Epoch Step: 1 Loss: 3.317450 Tokens per Sec: 107.269241
Epoch Step: 1001 Loss: 2.240369 Tokens per Sec: 1354.154541
Epoch Step: 2001 Loss: 3.382195 Tokens per Sec: 1350.977173
Epoch Step: 3001 Loss: 3.039601 Tokens per Sec: 1355.006958
Epoch Step: 4001 Loss: 4.717710 Tokens per Sec: 1353.814941
Epoch Step: 5001 Loss: 3.799792 Tokens per Sec: 1357.696899
Epoch Step: 6001 Loss: 2.615912 Tokens per Sec: 1349.989502
Epoch Step: 7001 Loss: 3.728671 Tokens per Sec: 1356.523071
Epoch Step: 8001 Loss: 2.787545 Tokens per Sec: 1355.464966
Epoch Step: 9001 Loss: 3.388328 Tokens per Sec: 1358.358643
Epoch Step: 10001 Loss: 2.687621 Tokens per Sec: 1341.822754
Epoch Step: 11001 Loss: 3.136777 Tokens per Sec: 1349.923828
Epoch Step: 12001 Loss: 3.919394 Tokens per Sec: 1352.666382
Epoch Step: 13001 Loss: 3.019805 Tokens per Sec: 1355.686401
Epoch Step: 14001 Loss: 3.189751 Tokens per Sec: 1351.886108
Epoch Step: 15001 Loss: 3.694431 Tokens per Sec: 1347.219727
Epoch Step: 16001 Loss: 4.367036 Tokens per Sec: 1354.181763
Epoch Step: 17001 Loss: 4.305064 Tokens per Sec: 1354.275269
Epoch Step: 18001 Loss: 3.939270 Tokens per Sec: 1353.404785
Epoch Step: 19001 Loss: 3.488750 Tokens per Sec: 1359.691040
Epoch Step: 20001 Loss: 3.265028 Tokens per Sec: 1349.270386
Epoch Step: 21001 Loss: 3.491312 Tokens per Sec: 1352.298218
Epoch Step: 22001 Loss: 2.553431 Tokens per Sec: 1353.495605
Epoch Step: 23001 Loss: 2.944005 Tokens per Sec: 1346.898315
Epoch Step: 24001 Loss: 3.948857 Tokens per Sec: 1356.722778
Epoch Step: 25001 Loss: 2.735155 Tokens per Sec: 1346.617676
Epoch Step: 26001 Loss: 1.940299 Tokens per Sec: 1361.186035
Epoch Step: 27001 Loss: 2.935141 Tokens per Sec: 1346.366943
Epoch Step: 28001 Loss: 3.615451 Tokens per Sec: 1343.804443
Epoch Step: 29001 Loss: 3.569979 Tokens per Sec: 1360.532593
Epoch Step: 30001 Loss: 4.079125 Tokens per Sec: 1353.860474
Epoch Step: 31001 Loss: 3.822253 Tokens per Sec: 1354.098389
Epoch Step: 32001 Loss: 1.761685 Tokens per Sec: 1359.610352
Epoch Step: 33001 Loss: 3.995640 Tokens per Sec: 1346.284912
Epoch Step: 34001 Loss: 3.221656 Tokens per Sec: 1356.318115
Epoch Step: 35001 Loss: 3.041978 Tokens per Sec: 1345.884766
Epoch Step: 36001 Loss: 3.406417 Tokens per Sec: 1364.673340
Epoch Step: 37001 Loss: 1.835824 Tokens per Sec: 1355.642578
Epoch Step: 38001 Loss: 2.441090 Tokens per Sec: 1350.493164
Epoch Step: 39001 Loss: 3.843856 Tokens per Sec: 1350.730591
Epoch Step: 40001 Loss: 4.249044 Tokens per Sec: 1352.942627
Epoch Step: 1 Loss: 0.473917 Tokens per Sec: 759.227844
Validation loss: 3.128899
Traceback (most recent call last):
  File "main_opensubs.py", line 97, in <module>
    torch.save(model.state_dict(), PATH)
NameError: name 'PATH' is not defined
