Command line arguments: {Namespace(batch=2048, context=False, epochs=50, out='0204_baseline', save=5, size='full')}
Building vocab...
TR vocab size: 50004, EN vocab size: 50002
Done building vocab
GPUs available: 1
Iterators built.
Training model...
Epoch 1 / 50
Epoch Step: 1 Loss: 9.429370 Tokens per Sec: 435.092896
Epoch Step: 1001 Loss: 4.634892 Tokens per Sec: 2229.277100
Epoch Step: 2001 Loss: 4.496449 Tokens per Sec: 2221.290771
Epoch Step: 3001 Loss: 4.602197 Tokens per Sec: 2215.256592
Epoch Step: 4001 Loss: 2.756767 Tokens per Sec: 2209.528564
Epoch Step: 5001 Loss: 3.507264 Tokens per Sec: 2216.555908
Epoch Step: 6001 Loss: 2.924274 Tokens per Sec: 2217.026855
Epoch Step: 7001 Loss: 3.187315 Tokens per Sec: 2221.096436
Epoch Step: 8001 Loss: 3.674545 Tokens per Sec: 2222.756348
Epoch Step: 9001 Loss: 2.681170 Tokens per Sec: 2196.709473
Epoch Step: 10001 Loss: 3.943083 Tokens per Sec: 2223.801514
Training loss: 3.853297, elapsed time: 6824.954247
Epoch Step: 1 Loss: 1.305101 Tokens per Sec: 1258.327637
Validation loss: 3.244705
Epoch 2 / 50
Epoch Step: 1 Loss: 0.618884 Tokens per Sec: 362.980957
Epoch Step: 1001 Loss: 3.110611 Tokens per Sec: 2216.585449
Epoch Step: 2001 Loss: 2.936877 Tokens per Sec: 2217.819336
Epoch Step: 3001 Loss: 3.671466 Tokens per Sec: 2221.086426
Epoch Step: 4001 Loss: 3.982259 Tokens per Sec: 2208.615723
Epoch Step: 5001 Loss: 2.608272 Tokens per Sec: 2223.539062
Epoch Step: 6001 Loss: 3.572285 Tokens per Sec: 2208.465088
Epoch Step: 7001 Loss: 2.060036 Tokens per Sec: 2211.241699
Epoch Step: 8001 Loss: 4.226009 Tokens per Sec: 2223.889893
Epoch Step: 9001 Loss: 2.859194 Tokens per Sec: 2218.901855
Epoch Step: 10001 Loss: 4.798825 Tokens per Sec: 2213.143799
Training loss: 3.221794, elapsed time: 6827.101430
Epoch Step: 1 Loss: 1.178384 Tokens per Sec: 1275.363159
Validation loss: 2.896712
Epoch 3 / 50
Epoch Step: 1 Loss: 3.196963 Tokens per Sec: 610.556396
Epoch Step: 1001 Loss: 3.409264 Tokens per Sec: 2218.923340
Epoch Step: 2001 Loss: 1.849677 Tokens per Sec: 2217.405273
Epoch Step: 3001 Loss: 4.392433 Tokens per Sec: 2226.347168
Epoch Step: 4001 Loss: 3.923558 Tokens per Sec: 2200.245361
Epoch Step: 5001 Loss: 3.357895 Tokens per Sec: 2222.340088
Epoch Step: 6001 Loss: 3.940239 Tokens per Sec: 2213.370605
Epoch Step: 7001 Loss: 2.043085 Tokens per Sec: 2225.531494
Epoch Step: 8001 Loss: 2.587409 Tokens per Sec: 2215.139160
Epoch Step: 9001 Loss: 4.100836 Tokens per Sec: 2211.818359
Epoch Step: 10001 Loss: 2.668349 Tokens per Sec: 2214.048584
Training loss: 2.955268, elapsed time: 6827.199885
Epoch Step: 1 Loss: 1.093121 Tokens per Sec: 1259.408691
Validation loss: 2.678929
Epoch 4 / 50
Epoch Step: 1 Loss: 1.985460 Tokens per Sec: 414.449951
Epoch Step: 1001 Loss: 1.417395 Tokens per Sec: 2218.559570
Epoch Step: 2001 Loss: 3.080387 Tokens per Sec: 2219.750732
Epoch Step: 3001 Loss: 2.193531 Tokens per Sec: 2206.563232
Epoch Step: 4001 Loss: 3.120596 Tokens per Sec: 2230.735352
Epoch Step: 5001 Loss: 2.812851 Tokens per Sec: 2212.555908
Epoch Step: 6001 Loss: 2.724605 Tokens per Sec: 2199.020020
Epoch Step: 7001 Loss: 2.533442 Tokens per Sec: 2218.943604
Epoch Step: 8001 Loss: 1.804249 Tokens per Sec: 2230.746826
Epoch Step: 9001 Loss: 2.059011 Tokens per Sec: 2218.962402
Epoch Step: 10001 Loss: 1.977161 Tokens per Sec: 2208.508545
Training loss: 2.783965, elapsed time: 6826.217825
Epoch Step: 1 Loss: 1.073414 Tokens per Sec: 1239.221436
Validation loss: 2.536043
Epoch 5 / 50
Epoch Step: 1 Loss: 3.299138 Tokens per Sec: 541.452698
Epoch Step: 1001 Loss: 2.933378 Tokens per Sec: 2214.425293
Epoch Step: 2001 Loss: 0.505789 Tokens per Sec: 2209.290283
Epoch Step: 3001 Loss: 1.546143 Tokens per Sec: 2224.550537
Epoch Step: 4001 Loss: 2.275926 Tokens per Sec: 2214.285645
Epoch Step: 5001 Loss: 3.056075 Tokens per Sec: 2206.614014
Epoch Step: 6001 Loss: 1.974849 Tokens per Sec: 2211.502441
Epoch Step: 7001 Loss: 2.486052 Tokens per Sec: 2223.760498
Epoch Step: 8001 Loss: 2.859125 Tokens per Sec: 2206.780762
Epoch Step: 9001 Loss: 2.956225 Tokens per Sec: 2219.980957
Epoch Step: 10001 Loss: 1.885623 Tokens per Sec: 2223.565674
Training loss: 2.663842, elapsed time: 6829.600180
Epoch Step: 1 Loss: 1.045871 Tokens per Sec: 1263.033081
Validation loss: 2.440049
Saved model to models/0204_baseline_5.pt.
Epoch 6 / 50
Epoch Step: 1 Loss: 2.877381 Tokens per Sec: 566.399841
Epoch Step: 1001 Loss: 2.659939 Tokens per Sec: 2217.218994
Epoch Step: 2001 Loss: 0.483458 Tokens per Sec: 2214.975830
Epoch Step: 3001 Loss: 2.150301 Tokens per Sec: 2221.462158
Epoch Step: 4001 Loss: 2.700922 Tokens per Sec: 2204.315186
Epoch Step: 5001 Loss: 1.932009 Tokens per Sec: 2217.174805
Epoch Step: 6001 Loss: 2.902178 Tokens per Sec: 2226.070312
Epoch Step: 7001 Loss: 1.448671 Tokens per Sec: 2214.684082
Epoch Step: 8001 Loss: 2.548011 Tokens per Sec: 2215.228760
Epoch Step: 9001 Loss: 3.410313 Tokens per Sec: 2218.615234
Epoch Step: 10001 Loss: 0.412202 Tokens per Sec: 2206.336670
Training loss: 2.574253, elapsed time: 6828.883928
Epoch Step: 1 Loss: 0.969638 Tokens per Sec: 1282.568237
Validation loss: 2.353326
Epoch 7 / 50
Epoch Step: 1 Loss: 1.979496 Tokens per Sec: 506.801697
Epoch Step: 1001 Loss: 2.333457 Tokens per Sec: 2223.674072
Epoch Step: 2001 Loss: 3.114144 Tokens per Sec: 2212.895508
Epoch Step: 3001 Loss: 1.947956 Tokens per Sec: 2218.445068
Epoch Step: 4001 Loss: 2.320077 Tokens per Sec: 2216.131104
Epoch Step: 5001 Loss: 1.947235 Tokens per Sec: 2209.393311
Epoch Step: 6001 Loss: 1.853969 Tokens per Sec: 2221.775879
Epoch Step: 7001 Loss: 2.726642 Tokens per Sec: 2215.668457
Epoch Step: 8001 Loss: 1.742344 Tokens per Sec: 2218.049561
Epoch Step: 9001 Loss: 2.645575 Tokens per Sec: 2214.730957
Epoch Step: 10001 Loss: 3.230664 Tokens per Sec: 2211.448975
Training loss: 2.504634, elapsed time: 6827.432291
Epoch Step: 1 Loss: 0.996727 Tokens per Sec: 1271.264404
Validation loss: 2.292893
Epoch 8 / 50
Epoch Step: 1 Loss: 2.814497 Tokens per Sec: 608.202515
Epoch Step: 1001 Loss: 3.133646 Tokens per Sec: 2220.199463
Epoch Step: 2001 Loss: 2.701485 Tokens per Sec: 2213.999512
Epoch Step: 3001 Loss: 2.876401 Tokens per Sec: 2223.434326
Epoch Step: 4001 Loss: 2.629329 Tokens per Sec: 2212.244873
Epoch Step: 5001 Loss: 2.082436 Tokens per Sec: 2205.338135
Epoch Step: 6001 Loss: 2.542300 Tokens per Sec: 2224.715820
Epoch Step: 7001 Loss: 2.241796 Tokens per Sec: 2215.891602
Epoch Step: 8001 Loss: 2.019068 Tokens per Sec: 2221.974121
Epoch Step: 9001 Loss: 2.339693 Tokens per Sec: 2205.389160
Epoch Step: 10001 Loss: 2.220913 Tokens per Sec: 2211.009766
Training loss: 2.449483, elapsed time: 6826.926925
Epoch Step: 1 Loss: 0.956427 Tokens per Sec: 1262.465698
Validation loss: 2.248074
Epoch 9 / 50
Epoch Step: 1 Loss: 0.417672 Tokens per Sec: 410.033966
Epoch Step: 1001 Loss: 2.359056 Tokens per Sec: 2221.095459
Epoch Step: 2001 Loss: 2.653926 Tokens per Sec: 2227.104492
Epoch Step: 3001 Loss: 2.264181 Tokens per Sec: 2208.036865
Epoch Step: 4001 Loss: 2.787173 Tokens per Sec: 2216.515625
Epoch Step: 5001 Loss: 1.751636 Tokens per Sec: 2224.906250
Epoch Step: 6001 Loss: 2.720563 Tokens per Sec: 2208.472900
Epoch Step: 7001 Loss: 1.917019 Tokens per Sec: 2212.440918
Epoch Step: 8001 Loss: 3.351585 Tokens per Sec: 2228.554688
Epoch Step: 9001 Loss: 2.638384 Tokens per Sec: 2210.579590
Epoch Step: 10001 Loss: 2.328744 Tokens per Sec: 2214.562744
Training loss: 2.404894, elapsed time: 6826.520861
Epoch Step: 1 Loss: 0.944248 Tokens per Sec: 1257.334839
Validation loss: 2.213637
Epoch 10 / 50
Epoch Step: 1 Loss: 3.096097 Tokens per Sec: 509.503357
Epoch Step: 1001 Loss: 2.848137 Tokens per Sec: 2220.325684
Epoch Step: 2001 Loss: 2.252330 Tokens per Sec: 2215.455811
Epoch Step: 3001 Loss: 1.584251 Tokens per Sec: 2217.419678
Epoch Step: 4001 Loss: 2.627904 Tokens per Sec: 2214.802490
Epoch Step: 5001 Loss: 2.911349 Tokens per Sec: 2225.937744
Epoch Step: 6001 Loss: 2.650729 Tokens per Sec: 2215.947510
Epoch Step: 7001 Loss: 3.335748 Tokens per Sec: 2214.474609
Epoch Step: 8001 Loss: 2.521317 Tokens per Sec: 2215.006592
Epoch Step: 9001 Loss: 1.259093 Tokens per Sec: 2214.761475
Epoch Step: 10001 Loss: 2.673194 Tokens per Sec: 2216.243408
Training loss: 2.367540, elapsed time: 6824.132045
Epoch Step: 1 Loss: 0.953881 Tokens per Sec: 1301.362549
Validation loss: 2.173593
Saved model to models/0204_baseline_10.pt.
Epoch 11 / 50
Epoch Step: 1 Loss: 2.370992 Tokens per Sec: 604.277222
Epoch Step: 1001 Loss: 2.384747 Tokens per Sec: 2210.725098
Epoch Step: 2001 Loss: 2.352149 Tokens per Sec: 2226.040039
Epoch Step: 3001 Loss: 1.539052 Tokens per Sec: 2211.878906
Epoch Step: 4001 Loss: 2.859190 Tokens per Sec: 2217.487305
Epoch Step: 5001 Loss: 2.990839 Tokens per Sec: 2228.611328
Epoch Step: 6001 Loss: 2.003559 Tokens per Sec: 2214.925049
Epoch Step: 7001 Loss: 1.487009 Tokens per Sec: 2208.797363
Epoch Step: 8001 Loss: 2.169682 Tokens per Sec: 2224.495361
Epoch Step: 9001 Loss: 2.508883 Tokens per Sec: 2218.401855
Epoch Step: 10001 Loss: 1.580885 Tokens per Sec: 2209.195557
Training loss: 2.335393, elapsed time: 6824.833746
Epoch Step: 1 Loss: 0.977966 Tokens per Sec: 1240.374268
Validation loss: 2.142706
Epoch 12 / 50
Epoch Step: 1 Loss: 2.007252 Tokens per Sec: 464.684967
Epoch Step: 1001 Loss: 2.643423 Tokens per Sec: 2223.468750
Epoch Step: 2001 Loss: 1.814673 Tokens per Sec: 2215.295654
Epoch Step: 3001 Loss: 2.256285 Tokens per Sec: 2219.616699
Epoch Step: 4001 Loss: 1.599146 Tokens per Sec: 2214.932129
Epoch Step: 5001 Loss: 3.228596 Tokens per Sec: 2223.874023
Epoch Step: 6001 Loss: 2.677941 Tokens per Sec: 2214.306152
Epoch Step: 7001 Loss: 1.797630 Tokens per Sec: 2208.470459
Epoch Step: 8001 Loss: 1.907624 Tokens per Sec: 2210.787842
Epoch Step: 9001 Loss: 2.127624 Tokens per Sec: 2217.337402
Epoch Step: 10001 Loss: 2.901328 Tokens per Sec: 2208.649170
Training loss: 2.306209, elapsed time: 6827.037125
Epoch Step: 1 Loss: 0.944616 Tokens per Sec: 1272.047974
Validation loss: 2.109643
Epoch 13 / 50
Epoch Step: 1 Loss: 2.190567 Tokens per Sec: 589.595703
Epoch Step: 1001 Loss: 3.690097 Tokens per Sec: 2220.484375
Epoch Step: 2001 Loss: 1.866740 Tokens per Sec: 2220.585693
Epoch Step: 3001 Loss: 2.626042 Tokens per Sec: 2206.728271
Epoch Step: 4001 Loss: 2.139381 Tokens per Sec: 2188.854492
Epoch Step: 5001 Loss: 1.810322 Tokens per Sec: 2220.688232
Epoch Step: 6001 Loss: 1.309520 Tokens per Sec: 2211.424805
Epoch Step: 7001 Loss: 2.456051 Tokens per Sec: 2212.885498
Epoch Step: 8001 Loss: 3.321722 Tokens per Sec: 2234.982178
Epoch Step: 9001 Loss: 2.432528 Tokens per Sec: 2208.875977
Epoch Step: 10001 Loss: 2.513675 Tokens per Sec: 2209.926514
Training loss: 2.279658, elapsed time: 6836.098717
Epoch Step: 1 Loss: 0.936504 Tokens per Sec: 1277.654175
Validation loss: 2.090728
Epoch 14 / 50
Epoch Step: 1 Loss: 1.223614 Tokens per Sec: 447.872864
Epoch Step: 1001 Loss: 2.492207 Tokens per Sec: 2220.281738
Epoch Step: 2001 Loss: 2.171249 Tokens per Sec: 2221.896973
Epoch Step: 3001 Loss: 2.342453 Tokens per Sec: 2203.468506
Epoch Step: 4001 Loss: 3.135491 Tokens per Sec: 2210.033936
Epoch Step: 5001 Loss: 2.528535 Tokens per Sec: 2221.192139
Epoch Step: 6001 Loss: 1.882487 Tokens per Sec: 2228.705566
Epoch Step: 7001 Loss: 1.672217 Tokens per Sec: 2206.800293
Epoch Step: 8001 Loss: 2.038943 Tokens per Sec: 2222.152588
Epoch Step: 9001 Loss: 2.753545 Tokens per Sec: 2223.709717
Epoch Step: 10001 Loss: 2.631210 Tokens per Sec: 2215.633057
Training loss: 2.256508, elapsed time: 6824.342374
Epoch Step: 1 Loss: 0.915803 Tokens per Sec: 1298.414551
Validation loss: 2.065013
Epoch 15 / 50
Epoch Step: 1 Loss: 1.461110 Tokens per Sec: 487.914032
Epoch Step: 1001 Loss: 2.201283 Tokens per Sec: 2224.291992
Epoch Step: 2001 Loss: 1.646745 Tokens per Sec: 2209.302734
Epoch Step: 3001 Loss: 1.548689 Tokens per Sec: 2224.699219
Epoch Step: 4001 Loss: 1.987387 Tokens per Sec: 2216.497559
Epoch Step: 5001 Loss: 2.144433 Tokens per Sec: 2213.780518
Epoch Step: 6001 Loss: 2.083254 Tokens per Sec: 2200.204590
Epoch Step: 7001 Loss: 1.884177 Tokens per Sec: 2220.555908
Epoch Step: 8001 Loss: 2.753119 Tokens per Sec: 2214.384277
Epoch Step: 9001 Loss: 2.632609 Tokens per Sec: 2217.556152
Epoch Step: 10001 Loss: 2.006044 Tokens per Sec: 2219.562256
Training loss: 2.236008, elapsed time: 6829.175691
Epoch Step: 1 Loss: 0.924241 Tokens per Sec: 1291.508179
Validation loss: 2.044090
Saved model to models/0204_baseline_15.pt.
Epoch 16 / 50
Epoch Step: 1 Loss: 2.234035 Tokens per Sec: 574.528320
Epoch Step: 1001 Loss: 2.557371 Tokens per Sec: 2220.158691
Epoch Step: 2001 Loss: 1.826477 Tokens per Sec: 2223.740723
Epoch Step: 3001 Loss: 2.399257 Tokens per Sec: 2215.822998
Epoch Step: 4001 Loss: 2.048463 Tokens per Sec: 2226.717285
Epoch Step: 5001 Loss: 2.526569 Tokens per Sec: 2198.574951
Epoch Step: 6001 Loss: 3.724983 Tokens per Sec: 2221.470459
Epoch Step: 7001 Loss: 2.492172 Tokens per Sec: 2222.943848
Epoch Step: 8001 Loss: 2.384954 Tokens per Sec: 2221.129883
Epoch Step: 9001 Loss: 1.811474 Tokens per Sec: 2212.244629
Epoch Step: 10001 Loss: 2.926665 Tokens per Sec: 2222.859375
Training loss: 2.216701, elapsed time: 6820.498251
Epoch Step: 1 Loss: 0.919242 Tokens per Sec: 1265.836060
Validation loss: 2.025071
Epoch 17 / 50
Epoch Step: 1 Loss: 2.089844 Tokens per Sec: 512.247192
Epoch Step: 1001 Loss: 2.620438 Tokens per Sec: 2222.713867
Epoch Step: 2001 Loss: 1.409149 Tokens per Sec: 2220.180176
Epoch Step: 3001 Loss: 1.215982 Tokens per Sec: 2212.703369
Epoch Step: 4001 Loss: 1.854178 Tokens per Sec: 2223.026611
Epoch Step: 5001 Loss: 2.124171 Tokens per Sec: 2214.376709
Epoch Step: 6001 Loss: 2.862817 Tokens per Sec: 2213.951660
Epoch Step: 7001 Loss: 1.732810 Tokens per Sec: 2230.849365
Epoch Step: 8001 Loss: 1.861760 Tokens per Sec: 2225.474365
Epoch Step: 9001 Loss: 1.429893 Tokens per Sec: 2209.483887
Epoch Step: 10001 Loss: 2.054741 Tokens per Sec: 2212.563477
Training loss: 2.199685, elapsed time: 6820.727980
Epoch Step: 1 Loss: 0.900794 Tokens per Sec: 1285.289307
Validation loss: 2.005113
Epoch 18 / 50
Epoch Step: 1 Loss: 2.444205 Tokens per Sec: 579.293640
Epoch Step: 1001 Loss: 1.522363 Tokens per Sec: 2225.773438
Epoch Step: 2001 Loss: 2.437447 Tokens per Sec: 2213.782471
Epoch Step: 3001 Loss: 1.831226 Tokens per Sec: 2217.124268
Epoch Step: 4001 Loss: 2.630869 Tokens per Sec: 2222.456055
Epoch Step: 5001 Loss: 1.943339 Tokens per Sec: 2215.437744
Epoch Step: 6001 Loss: 2.206138 Tokens per Sec: 2228.242676
Epoch Step: 7001 Loss: 1.634617 Tokens per Sec: 2211.462646
Epoch Step: 8001 Loss: 2.137332 Tokens per Sec: 2219.333984
Epoch Step: 9001 Loss: 2.174233 Tokens per Sec: 2224.340576
Epoch Step: 10001 Loss: 3.004034 Tokens per Sec: 2206.088867
Training loss: 2.183049, elapsed time: 6820.056412
Epoch Step: 1 Loss: 0.917980 Tokens per Sec: 1271.919800
Validation loss: 1.992740
Epoch 19 / 50
Epoch Step: 1 Loss: 2.314601 Tokens per Sec: 504.302734
Epoch Step: 1001 Loss: 1.941681 Tokens per Sec: 2232.056885
Epoch Step: 2001 Loss: 1.752028 Tokens per Sec: 2217.711914
Epoch Step: 3001 Loss: 2.406205 Tokens per Sec: 2212.591553
Epoch Step: 4001 Loss: 2.235888 Tokens per Sec: 2222.084717
Epoch Step: 5001 Loss: 2.319870 Tokens per Sec: 2223.753662
Epoch Step: 6001 Loss: 2.009851 Tokens per Sec: 2205.810059
Epoch Step: 7001 Loss: 2.387910 Tokens per Sec: 2224.060791
Epoch Step: 8001 Loss: 1.637397 Tokens per Sec: 2217.587891
Epoch Step: 9001 Loss: 1.469947 Tokens per Sec: 2216.153564
Epoch Step: 10001 Loss: 0.335074 Tokens per Sec: 2219.243896
Training loss: 2.167456, elapsed time: 6818.280456
Epoch Step: 1 Loss: 0.903562 Tokens per Sec: 1268.352783
Validation loss: 1.970948
Epoch 20 / 50
Epoch Step: 1 Loss: 2.175812 Tokens per Sec: 552.062439
Epoch Step: 1001 Loss: 1.591007 Tokens per Sec: 2222.417725
Epoch Step: 2001 Loss: 1.680125 Tokens per Sec: 2220.744141
Epoch Step: 3001 Loss: 2.222516 Tokens per Sec: 2209.193359
Epoch Step: 4001 Loss: 1.736915 Tokens per Sec: 2217.872314
Epoch Step: 5001 Loss: 2.858348 Tokens per Sec: 2212.442871
Epoch Step: 6001 Loss: 2.301294 Tokens per Sec: 2217.598633
Epoch Step: 7001 Loss: 2.537510 Tokens per Sec: 2224.802490
Epoch Step: 8001 Loss: 1.774694 Tokens per Sec: 2215.131348
Epoch Step: 9001 Loss: 1.623323 Tokens per Sec: 2217.498779
Epoch Step: 10001 Loss: 2.639724 Tokens per Sec: 2215.728271
Training loss: 2.153257, elapsed time: 6825.355975
Epoch Step: 1 Loss: 0.923517 Tokens per Sec: 1305.588379
Validation loss: 1.961072
Saved model to models/0204_baseline_20.pt.
Epoch 21 / 50
Epoch Step: 1 Loss: 0.903745 Tokens per Sec: 375.375977
Epoch Step: 1001 Loss: 1.403314 Tokens per Sec: 2214.301270
Epoch Step: 2001 Loss: 1.976265 Tokens per Sec: 2219.717773
Epoch Step: 3001 Loss: 1.629706 Tokens per Sec: 2207.197266
Epoch Step: 4001 Loss: 1.653851 Tokens per Sec: 2223.524902
Epoch Step: 5001 Loss: 1.701179 Tokens per Sec: 2222.318848
Epoch Step: 6001 Loss: 1.670535 Tokens per Sec: 2217.268555
Epoch Step: 7001 Loss: 2.384964 Tokens per Sec: 2224.423096
Epoch Step: 8001 Loss: 1.270580 Tokens per Sec: 2220.972900
Epoch Step: 9001 Loss: 2.614750 Tokens per Sec: 2215.875488
Epoch Step: 10001 Loss: 2.024576 Tokens per Sec: 2215.199219
Training loss: 2.138295, elapsed time: 6820.489757
Epoch Step: 1 Loss: 0.893722 Tokens per Sec: 1247.476929
Validation loss: 1.942912
Epoch 22 / 50
Epoch Step: 1 Loss: 1.842056 Tokens per Sec: 547.182373
Epoch Step: 1001 Loss: 1.993163 Tokens per Sec: 2221.699951
Epoch Step: 2001 Loss: 1.883865 Tokens per Sec: 2220.157471
Epoch Step: 3001 Loss: 1.765629 Tokens per Sec: 2207.338379
Epoch Step: 4001 Loss: 2.206827 Tokens per Sec: 2238.341309
Epoch Step: 5001 Loss: 1.675245 Tokens per Sec: 2203.096436
Epoch Step: 6001 Loss: 2.339581 Tokens per Sec: 2211.879395
Epoch Step: 7001 Loss: 1.647356 Tokens per Sec: 2233.660400
Epoch Step: 8001 Loss: 1.971286 Tokens per Sec: 2209.630127
Epoch Step: 9001 Loss: 1.547770 Tokens per Sec: 2208.251709
Epoch Step: 10001 Loss: 2.616632 Tokens per Sec: 2212.541748
Training loss: 2.124941, elapsed time: 6825.202125
Epoch Step: 1 Loss: 0.882268 Tokens per Sec: 1298.699707
Validation loss: 1.933557
Epoch 23 / 50
Epoch Step: 1 Loss: 2.273471 Tokens per Sec: 563.965027
Epoch Step: 1001 Loss: 2.173103 Tokens per Sec: 2222.955811
Epoch Step: 2001 Loss: 2.543817 Tokens per Sec: 2216.702393
Epoch Step: 3001 Loss: 2.202422 Tokens per Sec: 2213.538574
Epoch Step: 4001 Loss: 1.762535 Tokens per Sec: 2224.118896
Epoch Step: 5001 Loss: 2.462248 Tokens per Sec: 2226.335205
Epoch Step: 6001 Loss: 2.254379 Tokens per Sec: 2208.211914
Epoch Step: 7001 Loss: 1.692253 Tokens per Sec: 2220.653564
Epoch Step: 8001 Loss: 1.721795 Tokens per Sec: 2211.869629
Epoch Step: 9001 Loss: 2.671902 Tokens per Sec: 2224.332275
Epoch Step: 10001 Loss: 2.853616 Tokens per Sec: 2227.846436
Training loss: 2.114749, elapsed time: 6819.918369
Epoch Step: 1 Loss: 0.885518 Tokens per Sec: 1292.782959
Validation loss: 1.915057
Epoch 24 / 50
Epoch Step: 1 Loss: 2.353783 Tokens per Sec: 459.090454
Epoch Step: 1001 Loss: 3.047206 Tokens per Sec: 2219.381348
Epoch Step: 2001 Loss: 2.527326 Tokens per Sec: 2218.662598
Epoch Step: 3001 Loss: 2.987971 Tokens per Sec: 2216.773682
Epoch Step: 4001 Loss: 2.106140 Tokens per Sec: 2208.463867
Epoch Step: 5001 Loss: 1.733340 Tokens per Sec: 2223.104492
Epoch Step: 6001 Loss: 1.469890 Tokens per Sec: 2233.137695
Epoch Step: 7001 Loss: 3.093425 Tokens per Sec: 2199.667480
Epoch Step: 8001 Loss: 1.843478 Tokens per Sec: 2233.535156
Epoch Step: 9001 Loss: 1.835903 Tokens per Sec: 2227.303467
Epoch Step: 10001 Loss: 1.864998 Tokens per Sec: 2200.664551
Training loss: 2.102144, elapsed time: 6821.403374
Epoch Step: 1 Loss: 0.872329 Tokens per Sec: 1283.129761
Validation loss: 1.906192
Epoch 25 / 50
Epoch Step: 1 Loss: 1.665262 Tokens per Sec: 466.112274
Epoch Step: 1001 Loss: 2.457142 Tokens per Sec: 2222.172363
Epoch Step: 2001 Loss: 1.874712 Tokens per Sec: 2223.895264
Epoch Step: 3001 Loss: 1.908183 Tokens per Sec: 2216.766113
Epoch Step: 4001 Loss: 1.746447 Tokens per Sec: 2222.447266
Epoch Step: 5001 Loss: 1.594902 Tokens per Sec: 2209.009521
Epoch Step: 6001 Loss: 2.846771 Tokens per Sec: 2225.998291
Epoch Step: 7001 Loss: 1.572501 Tokens per Sec: 2220.297363
Epoch Step: 8001 Loss: 1.252280 Tokens per Sec: 2215.432129
Epoch Step: 9001 Loss: 2.181065 Tokens per Sec: 2211.311035
Epoch Step: 10001 Loss: 1.532784 Tokens per Sec: 2226.353516
Training loss: 2.091370, elapsed time: 6819.136980
Epoch Step: 1 Loss: 0.884001 Tokens per Sec: 1274.312744
Validation loss: 1.890824
Traceback (most recent call last):
  File "main_opensubs.py", line 113, in <module>
    torch.save(model.state_dict(), output_path)
  File "/home/sxu/.virtualenvs/thesis/lib/python3.5/site-packages/torch/serialization.py", line 218, in save
    return _with_file_like(f, "wb", lambda f: _save(obj, f, pickle_module, pickle_protocol))
  File "/home/sxu/.virtualenvs/thesis/lib/python3.5/site-packages/torch/serialization.py", line 143, in _with_file_like
    return body(f)
  File "/home/sxu/.virtualenvs/thesis/lib/python3.5/site-packages/torch/serialization.py", line 218, in <lambda>
    return _with_file_like(f, "wb", lambda f: _save(obj, f, pickle_module, pickle_protocol))
  File "/home/sxu/.virtualenvs/thesis/lib/python3.5/site-packages/torch/serialization.py", line 297, in _save
    serialized_storages[key]._write_file(f, _should_read_directly(f))
RuntimeError: write(): fd 21 failed with No space left on device
