Command line arguments: {Namespace(batch=2048, context=False, epochs=30, out='baseline_se200k', save=10, size='mid')}
Train: train_200k.csv, Val: val_10k.csv, test: test_10k.csv
Building vocab...
TR vocab size: 10002, EN vocab size: 10004
Done building vocab
GPUs available: 1
Iterators built.
Training model...
Epoch 1 / 30
Epoch Step: 1 Loss: 8.018916 Tokens per Sec: 636.127441
Epoch Step: 1001 Loss: 3.488759 Tokens per Sec: 4148.322266
Epoch Step: 2001 Loss: 3.522721 Tokens per Sec: 4084.131104
Epoch Step: 3001 Loss: 2.563638 Tokens per Sec: 4095.372803
Epoch Step: 4001 Loss: 2.793916 Tokens per Sec: 4093.367920
Epoch Step: 5001 Loss: 2.714823 Tokens per Sec: 4092.995361
Epoch Step: 6001 Loss: 3.031413 Tokens per Sec: 4083.491455
Epoch Step: 7001 Loss: 2.858166 Tokens per Sec: 4115.324707
Epoch Step: 8001 Loss: 1.937711 Tokens per Sec: 4067.500977
Epoch Step: 9001 Loss: 3.310667 Tokens per Sec: 4084.522705
Epoch Step: 10001 Loss: 1.659658 Tokens per Sec: 4101.749023
Training loss: 2.894530, elapsed time: 4673.170133
Epoch Step: 1 Loss: 1.286551 Tokens per Sec: 3757.712891
Validation loss: 2.381808
Epoch 2 / 30
Epoch Step: 1 Loss: 2.239264 Tokens per Sec: 731.203552
Epoch Step: 1001 Loss: 2.178750 Tokens per Sec: 4107.757812
Epoch Step: 2001 Loss: 2.378739 Tokens per Sec: 4099.479980
Epoch Step: 3001 Loss: 3.208440 Tokens per Sec: 4094.087646
Epoch Step: 4001 Loss: 2.794220 Tokens per Sec: 4100.898926
Epoch Step: 5001 Loss: 2.168947 Tokens per Sec: 4089.214600
Epoch Step: 6001 Loss: 2.249396 Tokens per Sec: 4091.169189
Epoch Step: 7001 Loss: 1.338096 Tokens per Sec: 4106.960938
Epoch Step: 8001 Loss: 3.199718 Tokens per Sec: 4099.751465
Epoch Step: 9001 Loss: 3.151455 Tokens per Sec: 4089.906738
Epoch Step: 10001 Loss: 2.383536 Tokens per Sec: 4094.410889
Training loss: 2.413145, elapsed time: 4671.421062
Epoch Step: 1 Loss: 1.176821 Tokens per Sec: 3787.818359
Validation loss: 2.211872
Epoch 3 / 30
Epoch Step: 1 Loss: 2.709602 Tokens per Sec: 744.844604
Epoch Step: 1001 Loss: 3.840083 Tokens per Sec: 4115.797852
Epoch Step: 2001 Loss: 3.206918 Tokens per Sec: 4093.676758
Epoch Step: 3001 Loss: 2.463822 Tokens per Sec: 4098.092285
Epoch Step: 4001 Loss: 2.302797 Tokens per Sec: 4105.228027
Epoch Step: 5001 Loss: 1.732946 Tokens per Sec: 4086.879883
Epoch Step: 6001 Loss: 2.295771 Tokens per Sec: 4101.850098
Epoch Step: 7001 Loss: 1.842946 Tokens per Sec: 4103.526367
Epoch Step: 8001 Loss: 2.340501 Tokens per Sec: 4094.372070
Epoch Step: 9001 Loss: 2.918787 Tokens per Sec: 4094.679932
Epoch Step: 10001 Loss: 1.917024 Tokens per Sec: 4089.265381
Training loss: 2.296299, elapsed time: 4670.359135
Epoch Step: 1 Loss: 1.179234 Tokens per Sec: 3860.690430
Validation loss: 2.127266
Epoch 4 / 30
Epoch Step: 1 Loss: 2.701859 Tokens per Sec: 723.190430
Epoch Step: 1001 Loss: 1.724705 Tokens per Sec: 4108.249512
Epoch Step: 2001 Loss: 2.889069 Tokens per Sec: 4094.307373
Epoch Step: 3001 Loss: 2.249607 Tokens per Sec: 4101.635742
Epoch Step: 4001 Loss: 2.579380 Tokens per Sec: 4083.135498
Epoch Step: 5001 Loss: 2.130081 Tokens per Sec: 4089.009277
Epoch Step: 6001 Loss: 2.051464 Tokens per Sec: 4114.142090
Epoch Step: 7001 Loss: 1.867392 Tokens per Sec: 4098.514648
Epoch Step: 8001 Loss: 2.320435 Tokens per Sec: 4090.718994
Epoch Step: 9001 Loss: 2.303823 Tokens per Sec: 4096.295898
Epoch Step: 10001 Loss: 1.480357 Tokens per Sec: 4102.069336
Training loss: 2.225618, elapsed time: 4670.368220
Epoch Step: 1 Loss: 1.160640 Tokens per Sec: 3883.713623
Validation loss: 2.064212
Epoch 5 / 30
Epoch Step: 1 Loss: 2.946381 Tokens per Sec: 746.986511
Epoch Step: 1001 Loss: 2.129574 Tokens per Sec: 4111.881348
Epoch Step: 2001 Loss: 2.205707 Tokens per Sec: 4078.240234
Epoch Step: 3001 Loss: 2.685374 Tokens per Sec: 4114.469727
Epoch Step: 4001 Loss: 2.458745 Tokens per Sec: 4091.069336
Epoch Step: 5001 Loss: 1.920442 Tokens per Sec: 4082.581055
Epoch Step: 6001 Loss: 1.972562 Tokens per Sec: 4118.633789
Epoch Step: 7001 Loss: 1.922570 Tokens per Sec: 4104.296387
Epoch Step: 8001 Loss: 1.926317 Tokens per Sec: 4085.694824
Epoch Step: 9001 Loss: 1.999453 Tokens per Sec: 4090.218262
Epoch Step: 10001 Loss: 1.905228 Tokens per Sec: 4103.077637
Training loss: 2.174141, elapsed time: 4670.127868
Epoch Step: 1 Loss: 1.152328 Tokens per Sec: 3737.578125
Validation loss: 2.018325
Epoch 6 / 30
Epoch Step: 1 Loss: 2.033685 Tokens per Sec: 740.975098
Epoch Step: 1001 Loss: 1.895260 Tokens per Sec: 4112.176270
Epoch Step: 2001 Loss: 1.765382 Tokens per Sec: 4098.133301
Epoch Step: 3001 Loss: 2.021675 Tokens per Sec: 4094.262939
Epoch Step: 4001 Loss: 1.330576 Tokens per Sec: 4100.442871
Epoch Step: 5001 Loss: 2.386566 Tokens per Sec: 4107.820312
Epoch Step: 6001 Loss: 2.103278 Tokens per Sec: 4092.140381
Epoch Step: 7001 Loss: 2.389368 Tokens per Sec: 4093.975830
Epoch Step: 8001 Loss: 1.138182 Tokens per Sec: 4107.499023
Epoch Step: 9001 Loss: 2.207800 Tokens per Sec: 4100.296387
Epoch Step: 10001 Loss: 1.547785 Tokens per Sec: 4089.455566
Training loss: 2.134608, elapsed time: 4668.894889
Epoch Step: 1 Loss: 1.172065 Tokens per Sec: 3912.470459
Validation loss: 1.981243
Epoch 7 / 30
Epoch Step: 1 Loss: 2.098140 Tokens per Sec: 720.941040
Epoch Step: 1001 Loss: 1.942387 Tokens per Sec: 4109.526855
Epoch Step: 2001 Loss: 2.607720 Tokens per Sec: 4104.582520
Epoch Step: 3001 Loss: 2.373369 Tokens per Sec: 4102.059570
Epoch Step: 4001 Loss: 1.871547 Tokens per Sec: 4081.587646
Epoch Step: 5001 Loss: 2.280533 Tokens per Sec: 4100.521973
Epoch Step: 6001 Loss: 2.075347 Tokens per Sec: 4095.690918
Epoch Step: 7001 Loss: 2.321222 Tokens per Sec: 4097.375488
Epoch Step: 8001 Loss: 1.926521 Tokens per Sec: 4096.526367
Epoch Step: 9001 Loss: 2.591984 Tokens per Sec: 4101.820312
Epoch Step: 10001 Loss: 2.392363 Tokens per Sec: 4095.678223
Training loss: 2.102234, elapsed time: 4670.689352
Epoch Step: 1 Loss: 1.154818 Tokens per Sec: 3929.955078
Validation loss: 1.948188
Epoch 8 / 30
Epoch Step: 1 Loss: 1.746789 Tokens per Sec: 692.265625
Epoch Step: 1001 Loss: 2.977472 Tokens per Sec: 4107.563965
Epoch Step: 2001 Loss: 2.665496 Tokens per Sec: 4091.650879
Epoch Step: 3001 Loss: 2.144247 Tokens per Sec: 4105.156250
Epoch Step: 4001 Loss: 1.502233 Tokens per Sec: 4100.790039
Epoch Step: 5001 Loss: 2.918960 Tokens per Sec: 4095.252441
Epoch Step: 6001 Loss: 1.500241 Tokens per Sec: 4095.793701
Epoch Step: 7001 Loss: 1.561849 Tokens per Sec: 4107.612305
Epoch Step: 8001 Loss: 2.281604 Tokens per Sec: 4112.211914
Epoch Step: 9001 Loss: 2.575867 Tokens per Sec: 4088.139893
Epoch Step: 10001 Loss: 1.411873 Tokens per Sec: 4092.460693
Training loss: 2.075023, elapsed time: 4669.119811
Epoch Step: 1 Loss: 1.160367 Tokens per Sec: 3910.196045
Validation loss: 1.923580
Epoch 9 / 30
Epoch Step: 1 Loss: 2.052763 Tokens per Sec: 729.973450
Epoch Step: 1001 Loss: 1.324806 Tokens per Sec: 4120.044922
Epoch Step: 2001 Loss: 2.035817 Tokens per Sec: 4101.190918
Epoch Step: 3001 Loss: 2.257304 Tokens per Sec: 4087.938232
Epoch Step: 4001 Loss: 2.153150 Tokens per Sec: 4099.344238
Epoch Step: 5001 Loss: 1.770512 Tokens per Sec: 4120.699707
Epoch Step: 6001 Loss: 2.200805 Tokens per Sec: 4099.394531
Epoch Step: 7001 Loss: 2.739415 Tokens per Sec: 4095.517578
Epoch Step: 8001 Loss: 2.365511 Tokens per Sec: 4100.554199
Epoch Step: 9001 Loss: 2.068010 Tokens per Sec: 4092.297119
Epoch Step: 10001 Loss: 2.255251 Tokens per Sec: 4095.251221
Training loss: 2.051886, elapsed time: 4667.156775
Epoch Step: 1 Loss: 1.133734 Tokens per Sec: 3852.487793
Validation loss: 1.899847
Epoch 10 / 30
Epoch Step: 1 Loss: 1.383304 Tokens per Sec: 632.517639
Epoch Step: 1001 Loss: 1.308784 Tokens per Sec: 4116.315430
Epoch Step: 2001 Loss: 2.430085 Tokens per Sec: 4086.612549
Epoch Step: 3001 Loss: 2.197418 Tokens per Sec: 4109.717773
Epoch Step: 4001 Loss: 1.597419 Tokens per Sec: 4094.845947
Epoch Step: 5001 Loss: 2.074912 Tokens per Sec: 4106.512207
Epoch Step: 6001 Loss: 2.048764 Tokens per Sec: 4094.961182
Epoch Step: 7001 Loss: 1.552698 Tokens per Sec: 4097.730469
Epoch Step: 8001 Loss: 2.660092 Tokens per Sec: 4100.129883
Epoch Step: 9001 Loss: 1.506787 Tokens per Sec: 4105.473145
Epoch Step: 10001 Loss: 2.431170 Tokens per Sec: 4084.175537
Training loss: 2.031713, elapsed time: 4669.508380
Epoch Step: 1 Loss: 1.156343 Tokens per Sec: 3928.947998
Validation loss: 1.883063
Saved model to models/0212_baseline_se200k_10.pt.
Epoch 11 / 30
Epoch Step: 1 Loss: 2.475261 Tokens per Sec: 734.215454
Epoch Step: 1001 Loss: 1.984973 Tokens per Sec: 4107.181152
Epoch Step: 2001 Loss: 1.847129 Tokens per Sec: 4092.782715
Epoch Step: 3001 Loss: 1.898859 Tokens per Sec: 4094.336182
Epoch Step: 4001 Loss: 2.298406 Tokens per Sec: 4099.220703
Epoch Step: 5001 Loss: 2.269982 Tokens per Sec: 4088.190186
Epoch Step: 6001 Loss: 2.651875 Tokens per Sec: 4099.833008
Epoch Step: 7001 Loss: 1.314954 Tokens per Sec: 4098.335938
Epoch Step: 8001 Loss: 2.154122 Tokens per Sec: 4080.338135
Epoch Step: 9001 Loss: 1.800674 Tokens per Sec: 4117.829102
Epoch Step: 10001 Loss: 1.748483 Tokens per Sec: 4083.279297
Training loss: 2.014497, elapsed time: 4672.008339
Epoch Step: 1 Loss: 1.177112 Tokens per Sec: 3859.045166
Validation loss: 1.869056
Epoch 12 / 30
Epoch Step: 1 Loss: 1.671106 Tokens per Sec: 722.412354
Epoch Step: 1001 Loss: 1.444207 Tokens per Sec: 4110.773926
Epoch Step: 2001 Loss: 1.444923 Tokens per Sec: 4104.615723
Epoch Step: 3001 Loss: 1.931578 Tokens per Sec: 4100.172363
Epoch Step: 4001 Loss: 2.372651 Tokens per Sec: 4093.879395
Epoch Step: 5001 Loss: 1.726436 Tokens per Sec: 4092.394775
Epoch Step: 6001 Loss: 2.287440 Tokens per Sec: 4117.029297
Epoch Step: 7001 Loss: 2.432681 Tokens per Sec: 4086.674561
Epoch Step: 8001 Loss: 2.309031 Tokens per Sec: 4104.024902
Epoch Step: 9001 Loss: 1.398035 Tokens per Sec: 4098.288086
Epoch Step: 10001 Loss: 2.053090 Tokens per Sec: 4091.937744
Training loss: 1.998139, elapsed time: 4669.120366
Epoch Step: 1 Loss: 1.122267 Tokens per Sec: 3912.020752
Validation loss: 1.850813
Epoch 13 / 30
Epoch Step: 1 Loss: 1.522472 Tokens per Sec: 696.836365
Epoch Step: 1001 Loss: 1.757094 Tokens per Sec: 4105.579590
Epoch Step: 2001 Loss: 1.849850 Tokens per Sec: 4097.509277
Epoch Step: 3001 Loss: 1.868003 Tokens per Sec: 4099.803711
Epoch Step: 4001 Loss: 1.968298 Tokens per Sec: 4013.126465
Epoch Step: 5001 Loss: 1.586041 Tokens per Sec: 4098.853027
Epoch Step: 6001 Loss: 2.077376 Tokens per Sec: 4112.883301
Epoch Step: 7001 Loss: 1.533561 Tokens per Sec: 4089.635498
Epoch Step: 8001 Loss: 1.226316 Tokens per Sec: 4088.630127
Epoch Step: 9001 Loss: 2.128132 Tokens per Sec: 4105.610840
Epoch Step: 10001 Loss: 2.253273 Tokens per Sec: 4096.474609
Training loss: 1.983721, elapsed time: 4678.988631
Epoch Step: 1 Loss: 1.129187 Tokens per Sec: 3853.635986
Validation loss: 1.840054
Epoch 14 / 30
Epoch Step: 1 Loss: 2.516879 Tokens per Sec: 694.178284
Epoch Step: 1001 Loss: 1.653270 Tokens per Sec: 4110.058105
Epoch Step: 2001 Loss: 1.551174 Tokens per Sec: 4094.404785
Epoch Step: 3001 Loss: 2.154356 Tokens per Sec: 4096.357910
Epoch Step: 4001 Loss: 1.918280 Tokens per Sec: 4106.669922
Epoch Step: 5001 Loss: 1.947803 Tokens per Sec: 4101.712891
Epoch Step: 6001 Loss: 1.655533 Tokens per Sec: 4100.084473
Epoch Step: 7001 Loss: 2.302878 Tokens per Sec: 4091.916504
Epoch Step: 8001 Loss: 1.729322 Tokens per Sec: 4091.161377
Epoch Step: 9001 Loss: 2.275360 Tokens per Sec: 4101.945801
Epoch Step: 10001 Loss: 2.723900 Tokens per Sec: 4091.648193
Training loss: 1.970954, elapsed time: 4670.642968
Epoch Step: 1 Loss: 1.138236 Tokens per Sec: 3801.081543
Validation loss: 1.826247
Epoch 15 / 30
Epoch Step: 1 Loss: 1.558193 Tokens per Sec: 678.226135
Epoch Step: 1001 Loss: 2.569048 Tokens per Sec: 4108.949219
Epoch Step: 2001 Loss: 1.600777 Tokens per Sec: 4096.871582
Epoch Step: 3001 Loss: 2.191823 Tokens per Sec: 4090.015625
Epoch Step: 4001 Loss: 1.860855 Tokens per Sec: 4108.997559
Epoch Step: 5001 Loss: 1.059541 Tokens per Sec: 4101.020508
Epoch Step: 6001 Loss: 2.686024 Tokens per Sec: 4099.750488
Epoch Step: 7001 Loss: 2.160559 Tokens per Sec: 4102.080078
Epoch Step: 8001 Loss: 1.955883 Tokens per Sec: 4078.267578
Epoch Step: 9001 Loss: 1.884580 Tokens per Sec: 4108.251465
Epoch Step: 10001 Loss: 1.498063 Tokens per Sec: 4094.775391
Training loss: 1.959310, elapsed time: 4669.734646
Epoch Step: 1 Loss: 1.129186 Tokens per Sec: 3880.490479
Validation loss: 1.808836
Epoch 16 / 30
Epoch Step: 1 Loss: 2.162909 Tokens per Sec: 701.649048
Epoch Step: 1001 Loss: 1.723320 Tokens per Sec: 4099.473145
Epoch Step: 2001 Loss: 2.111342 Tokens per Sec: 4099.646484
Epoch Step: 3001 Loss: 1.766404 Tokens per Sec: 4092.237305
Epoch Step: 4001 Loss: 1.591760 Tokens per Sec: 4100.715820
Epoch Step: 5001 Loss: 1.230615 Tokens per Sec: 4094.852051
Epoch Step: 6001 Loss: 1.682361 Tokens per Sec: 4101.623047
Epoch Step: 7001 Loss: 1.783257 Tokens per Sec: 4083.913086
Epoch Step: 8001 Loss: 2.161801 Tokens per Sec: 4107.697754
Epoch Step: 9001 Loss: 2.625158 Tokens per Sec: 4097.705078
Epoch Step: 10001 Loss: 2.057052 Tokens per Sec: 4098.769043
Training loss: 1.948050, elapsed time: 4670.685021
Epoch Step: 1 Loss: 1.127945 Tokens per Sec: 3793.655518
Validation loss: 1.797229
Epoch 17 / 30
Epoch Step: 1 Loss: 2.092248 Tokens per Sec: 740.621399
Epoch Step: 1001 Loss: 2.302116 Tokens per Sec: 4108.035645
Epoch Step: 2001 Loss: 1.798187 Tokens per Sec: 4099.982422
Epoch Step: 3001 Loss: 2.241917 Tokens per Sec: 4085.925049
Epoch Step: 4001 Loss: 1.159504 Tokens per Sec: 4086.485352
Epoch Step: 5001 Loss: 1.853948 Tokens per Sec: 4093.283447
Epoch Step: 6001 Loss: 1.495249 Tokens per Sec: 4103.675781
Epoch Step: 7001 Loss: 1.398076 Tokens per Sec: 4105.779785
Epoch Step: 8001 Loss: 2.479141 Tokens per Sec: 4099.750000
Epoch Step: 9001 Loss: 1.389877 Tokens per Sec: 4090.798096
Epoch Step: 10001 Loss: 1.786010 Tokens per Sec: 4093.126709
Training loss: 1.937704, elapsed time: 4671.670937
Epoch Step: 1 Loss: 1.132650 Tokens per Sec: 3867.265869
Validation loss: 1.788052
Epoch 18 / 30
Epoch Step: 1 Loss: 1.775039 Tokens per Sec: 712.989563
Epoch Step: 1001 Loss: 1.384977 Tokens per Sec: 4107.113281
Epoch Step: 2001 Loss: 1.727622 Tokens per Sec: 4099.057617
Epoch Step: 3001 Loss: 1.965152 Tokens per Sec: 4079.593018
Epoch Step: 4001 Loss: 1.971389 Tokens per Sec: 4102.738281
Epoch Step: 5001 Loss: 1.801868 Tokens per Sec: 4105.194824
Epoch Step: 6001 Loss: 2.712929 Tokens per Sec: 4096.106934
Epoch Step: 7001 Loss: 1.458238 Tokens per Sec: 4097.953125
Epoch Step: 8001 Loss: 2.547626 Tokens per Sec: 4080.719971
Epoch Step: 9001 Loss: 2.078790 Tokens per Sec: 4114.100586
Epoch Step: 10001 Loss: 1.522317 Tokens per Sec: 4102.010742
Training loss: 1.928253, elapsed time: 4670.391114
Epoch Step: 1 Loss: 1.122002 Tokens per Sec: 3851.595459
Validation loss: 1.778304
Epoch 19 / 30
Epoch Step: 1 Loss: 1.478551 Tokens per Sec: 699.097778
Epoch Step: 1001 Loss: 1.234110 Tokens per Sec: 4114.652832
Epoch Step: 2001 Loss: 2.792060 Tokens per Sec: 4095.407959
Epoch Step: 3001 Loss: 1.966062 Tokens per Sec: 4100.692383
Epoch Step: 4001 Loss: 1.333508 Tokens per Sec: 4103.584473
Epoch Step: 5001 Loss: 2.269295 Tokens per Sec: 4096.867188
Epoch Step: 6001 Loss: 1.937423 Tokens per Sec: 4103.433105
Epoch Step: 7001 Loss: 2.140611 Tokens per Sec: 4100.850586
Epoch Step: 8001 Loss: 2.547840 Tokens per Sec: 4090.333740
Epoch Step: 9001 Loss: 1.603579 Tokens per Sec: 4106.810059
Epoch Step: 10001 Loss: 1.631982 Tokens per Sec: 4088.803223
Training loss: 1.918715, elapsed time: 4669.282792
Epoch Step: 1 Loss: 1.119852 Tokens per Sec: 3844.113281
Validation loss: 1.768168
Epoch 20 / 30
Epoch Step: 1 Loss: 2.182330 Tokens per Sec: 725.431030
Epoch Step: 1001 Loss: 1.858197 Tokens per Sec: 4105.179199
Epoch Step: 2001 Loss: 1.956155 Tokens per Sec: 4096.956543
Epoch Step: 3001 Loss: 1.812102 Tokens per Sec: 4097.566895
Epoch Step: 4001 Loss: 1.597844 Tokens per Sec: 4095.530029
Epoch Step: 5001 Loss: 1.980175 Tokens per Sec: 4086.229248
Epoch Step: 6001 Loss: 2.433324 Tokens per Sec: 4109.269531
Epoch Step: 7001 Loss: 1.909767 Tokens per Sec: 4092.091797
Epoch Step: 8001 Loss: 2.383047 Tokens per Sec: 4096.954590
Epoch Step: 9001 Loss: 2.039718 Tokens per Sec: 4103.643066
Epoch Step: 10001 Loss: 2.557412 Tokens per Sec: 4108.652344
Training loss: 1.909830, elapsed time: 4669.679473
Epoch Step: 1 Loss: 1.118262 Tokens per Sec: 3905.960205
Validation loss: 1.756602
Saved model to models/0212_baseline_se200k_20.pt.
Epoch 21 / 30
Epoch Step: 1 Loss: 2.084838 Tokens per Sec: 711.103760
Epoch Step: 1001 Loss: 2.550777 Tokens per Sec: 4101.810547
Epoch Step: 2001 Loss: 2.461822 Tokens per Sec: 4102.007324
Epoch Step: 3001 Loss: 2.206079 Tokens per Sec: 4095.308594
Epoch Step: 4001 Loss: 1.674842 Tokens per Sec: 4097.044434
Epoch Step: 5001 Loss: 2.010186 Tokens per Sec: 4093.345947
Epoch Step: 6001 Loss: 2.340329 Tokens per Sec: 4100.481445
Epoch Step: 7001 Loss: 1.491053 Tokens per Sec: 4096.386230
Epoch Step: 8001 Loss: 1.800108 Tokens per Sec: 4083.783936
Epoch Step: 9001 Loss: 2.008470 Tokens per Sec: 4105.736328
Epoch Step: 10001 Loss: 1.695241 Tokens per Sec: 4084.177002
Training loss: 1.901179, elapsed time: 4671.975482
Epoch Step: 1 Loss: 1.114294 Tokens per Sec: 3904.729004
Validation loss: 1.748937
Epoch 22 / 30
Epoch Step: 1 Loss: 2.412377 Tokens per Sec: 546.944519
Epoch Step: 1001 Loss: 2.515953 Tokens per Sec: 4120.696289
Epoch Step: 2001 Loss: 2.103821 Tokens per Sec: 4096.167480
Epoch Step: 3001 Loss: 2.275420 Tokens per Sec: 4084.757324
Epoch Step: 4001 Loss: 1.398592 Tokens per Sec: 4106.531738
Epoch Step: 5001 Loss: 2.131502 Tokens per Sec: 4085.287109
Epoch Step: 6001 Loss: 1.715301 Tokens per Sec: 4093.916992
Epoch Step: 7001 Loss: 1.339195 Tokens per Sec: 4097.389648
Epoch Step: 8001 Loss: 2.051263 Tokens per Sec: 4100.121582
Epoch Step: 9001 Loss: 1.620040 Tokens per Sec: 4082.539795
Epoch Step: 10001 Loss: 1.298906 Tokens per Sec: 4100.590820
Training loss: 1.893708, elapsed time: 4672.684760
Epoch Step: 1 Loss: 1.139979 Tokens per Sec: 3861.112793
Validation loss: 1.741967
Epoch 23 / 30
Epoch Step: 1 Loss: 2.274585 Tokens per Sec: 702.105225
Epoch Step: 1001 Loss: 2.216653 Tokens per Sec: 4099.995117
Epoch Step: 2001 Loss: 1.215063 Tokens per Sec: 4092.264404
Epoch Step: 3001 Loss: 1.542646 Tokens per Sec: 4098.982422
Epoch Step: 4001 Loss: 1.741097 Tokens per Sec: 4090.619873
Epoch Step: 5001 Loss: 1.759495 Tokens per Sec: 4091.537354
Epoch Step: 6001 Loss: 2.644147 Tokens per Sec: 4108.168457
Epoch Step: 7001 Loss: 1.772484 Tokens per Sec: 4082.870117
Epoch Step: 8001 Loss: 1.884848 Tokens per Sec: 4109.882324
Epoch Step: 9001 Loss: 1.677533 Tokens per Sec: 4105.402344
Epoch Step: 10001 Loss: 2.108983 Tokens per Sec: 4097.789062
Training loss: 1.886908, elapsed time: 4669.736196
Epoch Step: 1 Loss: 1.108904 Tokens per Sec: 3878.486084
Validation loss: 1.731037
Epoch 24 / 30
Epoch Step: 1 Loss: 1.691768 Tokens per Sec: 695.763733
Epoch Step: 1001 Loss: 1.281685 Tokens per Sec: 4102.324707
Epoch Step: 2001 Loss: 1.093441 Tokens per Sec: 4101.511719
Epoch Step: 3001 Loss: 1.461628 Tokens per Sec: 4086.398438
Epoch Step: 4001 Loss: 1.809115 Tokens per Sec: 4112.264648
Epoch Step: 5001 Loss: 2.143685 Tokens per Sec: 4082.945068
Epoch Step: 6001 Loss: 1.862795 Tokens per Sec: 4104.658203
Epoch Step: 7001 Loss: 1.615149 Tokens per Sec: 4086.701660
Epoch Step: 8001 Loss: 1.467115 Tokens per Sec: 4114.567383
Epoch Step: 9001 Loss: 1.244716 Tokens per Sec: 4091.648682
Epoch Step: 10001 Loss: 2.681218 Tokens per Sec: 4093.141357
Training loss: 1.880561, elapsed time: 4671.344209
Epoch Step: 1 Loss: 1.114070 Tokens per Sec: 3841.725586
Validation loss: 1.724844
Epoch 25 / 30
Epoch Step: 1 Loss: 1.784407 Tokens per Sec: 706.859192
Epoch Step: 1001 Loss: 2.577472 Tokens per Sec: 4101.156250
Epoch Step: 2001 Loss: 1.570929 Tokens per Sec: 4094.689209
Epoch Step: 3001 Loss: 2.410579 Tokens per Sec: 4085.001465
Epoch Step: 4001 Loss: 1.181631 Tokens per Sec: 4100.536133
Epoch Step: 5001 Loss: 1.850626 Tokens per Sec: 4100.122559
Epoch Step: 6001 Loss: 2.263126 Tokens per Sec: 4098.879883
Epoch Step: 7001 Loss: 2.080749 Tokens per Sec: 4096.855469
Epoch Step: 8001 Loss: 1.183471 Tokens per Sec: 4094.498291
Epoch Step: 9001 Loss: 1.605130 Tokens per Sec: 4093.650879
Epoch Step: 10001 Loss: 1.389731 Tokens per Sec: 4088.829346
Training loss: 1.874783, elapsed time: 4672.905563
Epoch Step: 1 Loss: 1.125299 Tokens per Sec: 3901.966553
Validation loss: 1.717422
Epoch 26 / 30
Epoch Step: 1 Loss: 2.080428 Tokens per Sec: 739.753601
Epoch Step: 1001 Loss: 2.359033 Tokens per Sec: 4110.589844
Epoch Step: 2001 Loss: 1.460504 Tokens per Sec: 4103.979004
Epoch Step: 3001 Loss: 2.016607 Tokens per Sec: 4092.070312
Epoch Step: 4001 Loss: 1.644660 Tokens per Sec: 4098.246094
Epoch Step: 5001 Loss: 1.938386 Tokens per Sec: 4106.244629
Epoch Step: 6001 Loss: 2.086706 Tokens per Sec: 4096.429199
Epoch Step: 7001 Loss: 2.250541 Tokens per Sec: 4102.926270
Epoch Step: 8001 Loss: 2.601462 Tokens per Sec: 4086.904785
Epoch Step: 9001 Loss: 2.335375 Tokens per Sec: 4096.544434
Epoch Step: 10001 Loss: 1.384083 Tokens per Sec: 4092.814209
Training loss: 1.868676, elapsed time: 4669.177647
Epoch Step: 1 Loss: 1.120351 Tokens per Sec: 3753.299316
Validation loss: 1.711708
Epoch 27 / 30
Epoch Step: 1 Loss: 2.158190 Tokens per Sec: 710.152344
Epoch Step: 1001 Loss: 1.880205 Tokens per Sec: 4108.515625
Epoch Step: 2001 Loss: 1.277930 Tokens per Sec: 4097.288574
Epoch Step: 3001 Loss: 1.383428 Tokens per Sec: 4096.299316
Epoch Step: 4001 Loss: 1.786090 Tokens per Sec: 4090.914551
Epoch Step: 5001 Loss: 1.537721 Tokens per Sec: 4104.920898
Epoch Step: 6001 Loss: 1.636461 Tokens per Sec: 4107.454102
Epoch Step: 7001 Loss: 2.030663 Tokens per Sec: 4104.898438
Epoch Step: 8001 Loss: 1.667108 Tokens per Sec: 4090.515869
Epoch Step: 9001 Loss: 2.371741 Tokens per Sec: 4085.177002
Epoch Step: 10001 Loss: 1.255464 Tokens per Sec: 4101.218262
Training loss: 1.863100, elapsed time: 4669.887108
Epoch Step: 1 Loss: 1.119934 Tokens per Sec: 3911.935303
Validation loss: 1.705258
Epoch 28 / 30
Epoch Step: 1 Loss: 2.193850 Tokens per Sec: 696.636902
Epoch Step: 1001 Loss: 1.686268 Tokens per Sec: 4107.020020
Epoch Step: 2001 Loss: 1.598534 Tokens per Sec: 4092.818359
Epoch Step: 3001 Loss: 1.494410 Tokens per Sec: 4100.564941
Epoch Step: 4001 Loss: 2.015433 Tokens per Sec: 4101.091797
Epoch Step: 5001 Loss: 1.510318 Tokens per Sec: 4088.219482
Epoch Step: 6001 Loss: 1.309317 Tokens per Sec: 4095.876953
Epoch Step: 7001 Loss: 2.241485 Tokens per Sec: 4085.293213
Epoch Step: 8001 Loss: 2.130843 Tokens per Sec: 4120.302246
Epoch Step: 9001 Loss: 1.479483 Tokens per Sec: 4073.605957
Epoch Step: 10001 Loss: 2.534249 Tokens per Sec: 4104.083984
Training loss: 1.857384, elapsed time: 4671.690019
Epoch Step: 1 Loss: 1.108401 Tokens per Sec: 3881.151855
Validation loss: 1.698185
Epoch 29 / 30
Epoch Step: 1 Loss: 1.848467 Tokens per Sec: 668.223389
Epoch Step: 1001 Loss: 1.301995 Tokens per Sec: 4116.923340
Epoch Step: 2001 Loss: 2.161004 Tokens per Sec: 4089.686279
Epoch Step: 3001 Loss: 1.808782 Tokens per Sec: 4099.084961
Epoch Step: 4001 Loss: 1.311183 Tokens per Sec: 4105.804199
Epoch Step: 5001 Loss: 1.898589 Tokens per Sec: 4098.600586
Epoch Step: 6001 Loss: 2.046385 Tokens per Sec: 4089.672852
Epoch Step: 7001 Loss: 1.727343 Tokens per Sec: 4100.172363
Epoch Step: 8001 Loss: 1.356707 Tokens per Sec: 4111.816406
Epoch Step: 9001 Loss: 1.373895 Tokens per Sec: 4103.063477
Epoch Step: 10001 Loss: 1.477325 Tokens per Sec: 4081.479004
Training loss: 1.851543, elapsed time: 4669.104519
Epoch Step: 1 Loss: 1.120955 Tokens per Sec: 3847.847656
Validation loss: 1.693391
Epoch 30 / 30
Epoch Step: 1 Loss: 1.540492 Tokens per Sec: 695.166382
Epoch Step: 1001 Loss: 1.822134 Tokens per Sec: 4107.225586
Epoch Step: 2001 Loss: 2.258483 Tokens per Sec: 4096.570312
Epoch Step: 3001 Loss: 1.660417 Tokens per Sec: 4101.677246
Epoch Step: 4001 Loss: 2.596828 Tokens per Sec: 4106.947754
Epoch Step: 5001 Loss: 1.620319 Tokens per Sec: 4096.740723
Epoch Step: 6001 Loss: 1.992042 Tokens per Sec: 4086.952393
Epoch Step: 7001 Loss: 2.055237 Tokens per Sec: 4093.779541
Epoch Step: 8001 Loss: 1.661113 Tokens per Sec: 4106.603027
Epoch Step: 9001 Loss: 1.755489 Tokens per Sec: 4081.563721
Epoch Step: 10001 Loss: 1.816980 Tokens per Sec: 4105.754883
Training loss: 1.845792, elapsed time: 4670.170059
Epoch Step: 1 Loss: 1.115567 Tokens per Sec: 3868.796875
Validation loss: 1.684075
Saved model to models/0212_baseline_se200k_30.pt.
