Command line arguments: {Namespace(batch=512, context=False, epochs=50, out='save', save=5, size='full')}
Building vocab...
TR vocab size: 50004, EN vocab size: 50002
Done building vocab
GPUs available: 1
Iterators built.
Training model...
Epoch 1 / 50
Epoch Step: 1 Loss: 9.398469 Tokens per Sec: 171.540741
Epoch Step: 1001 Loss: 4.788855 Tokens per Sec: 1374.538086
Epoch Step: 2001 Loss: 4.636800 Tokens per Sec: 1361.923218
Epoch Step: 3001 Loss: 4.290560 Tokens per Sec: 1356.419800
Epoch Step: 4001 Loss: 1.155257 Tokens per Sec: 1354.730103
Epoch Step: 5001 Loss: 4.575806 Tokens per Sec: 1358.911743
Epoch Step: 6001 Loss: 4.145047 Tokens per Sec: 1355.446289
Epoch Step: 7001 Loss: 4.550766 Tokens per Sec: 1355.501465
Epoch Step: 8001 Loss: 0.884060 Tokens per Sec: 1351.186768
Epoch Step: 9001 Loss: 4.018856 Tokens per Sec: 1352.054565
Epoch Step: 10001 Loss: 3.239489 Tokens per Sec: 1355.169189
Epoch Step: 11001 Loss: 1.860616 Tokens per Sec: 1352.372437
Epoch Step: 12001 Loss: 2.769353 Tokens per Sec: 1349.895752
Epoch Step: 13001 Loss: 2.057001 Tokens per Sec: 1348.800171
Epoch Step: 14001 Loss: 4.971079 Tokens per Sec: 1356.647217
Epoch Step: 15001 Loss: 3.951659 Tokens per Sec: 1353.168823
Epoch Step: 16001 Loss: 3.528473 Tokens per Sec: 1344.785156
Epoch Step: 17001 Loss: 3.063640 Tokens per Sec: 1359.253784
Epoch Step: 18001 Loss: 2.496720 Tokens per Sec: 1344.835205
Epoch Step: 19001 Loss: 3.763266 Tokens per Sec: 1353.914062
Epoch Step: 20001 Loss: 4.605318 Tokens per Sec: 1344.731445
Epoch Step: 21001 Loss: 5.405894 Tokens per Sec: 1354.168945
Epoch Step: 22001 Loss: 4.768802 Tokens per Sec: 1354.612427
Epoch Step: 23001 Loss: 3.735420 Tokens per Sec: 1357.214722
Epoch Step: 24001 Loss: 3.636715 Tokens per Sec: 1348.129639
Epoch Step: 25001 Loss: 3.298634 Tokens per Sec: 1352.932495
Epoch Step: 26001 Loss: 3.534815 Tokens per Sec: 1351.841309
Epoch Step: 27001 Loss: 3.223707 Tokens per Sec: 1358.832031
Epoch Step: 28001 Loss: 3.645924 Tokens per Sec: 1352.801270
Epoch Step: 29001 Loss: 3.415424 Tokens per Sec: 1348.792725
Epoch Step: 30001 Loss: 3.218456 Tokens per Sec: 1350.364624
Epoch Step: 31001 Loss: 4.352092 Tokens per Sec: 1350.386719
Epoch Step: 32001 Loss: 2.860212 Tokens per Sec: 1354.828125
Epoch Step: 33001 Loss: 3.463984 Tokens per Sec: 1353.262817
Epoch Step: 34001 Loss: 1.369892 Tokens per Sec: 1356.115356
Epoch Step: 35001 Loss: 3.984775 Tokens per Sec: 1346.993896
Epoch Step: 36001 Loss: 3.153626 Tokens per Sec: 1342.402710
Epoch Step: 37001 Loss: 2.666706 Tokens per Sec: 1360.995117
Epoch Step: 38001 Loss: 3.907108 Tokens per Sec: 1348.233887
Epoch Step: 39001 Loss: 4.196098 Tokens per Sec: 1357.275391
Epoch Step: 40001 Loss: 3.691010 Tokens per Sec: 1361.425537
Training elapsed time for epoch: 10471.581822
Epoch Step: 1 Loss: 0.547463 Tokens per Sec: 750.775330
Training elapsed time for epoch: 39.108981
Validation loss: 3.628477
Epoch 2 / 50
Epoch Step: 1 Loss: 3.639117 Tokens per Sec: 99.731682
Epoch Step: 1001 Loss: 0.647741 Tokens per Sec: 1362.074951
Epoch Step: 2001 Loss: 4.637030 Tokens per Sec: 1350.966309
Epoch Step: 3001 Loss: 2.647087 Tokens per Sec: 1356.594482
Epoch Step: 4001 Loss: 3.785895 Tokens per Sec: 1344.007080
Epoch Step: 5001 Loss: 3.623752 Tokens per Sec: 1356.969727
Epoch Step: 6001 Loss: 3.571340 Tokens per Sec: 1353.958618
Epoch Step: 7001 Loss: 2.995782 Tokens per Sec: 1353.106812
Epoch Step: 8001 Loss: 4.128938 Tokens per Sec: 1353.176025
Epoch Step: 9001 Loss: 3.562897 Tokens per Sec: 1345.506714
Epoch Step: 10001 Loss: 3.400282 Tokens per Sec: 1359.188232
Epoch Step: 11001 Loss: 3.145360 Tokens per Sec: 1343.532959
Epoch Step: 12001 Loss: 3.912472 Tokens per Sec: 1354.076416
Epoch Step: 13001 Loss: 3.340557 Tokens per Sec: 1354.344116
Epoch Step: 14001 Loss: 4.132208 Tokens per Sec: 1359.318970
Epoch Step: 15001 Loss: 4.209966 Tokens per Sec: 1353.631104
Epoch Step: 16001 Loss: 3.956012 Tokens per Sec: 1349.100220
Epoch Step: 17001 Loss: 3.806601 Tokens per Sec: 1353.826294
Epoch Step: 18001 Loss: 3.323288 Tokens per Sec: 1352.278687
Epoch Step: 19001 Loss: 1.918115 Tokens per Sec: 1347.513794
Epoch Step: 20001 Loss: 2.506526 Tokens per Sec: 1356.390991
Epoch Step: 21001 Loss: 3.423754 Tokens per Sec: 1356.401611
Epoch Step: 22001 Loss: 0.680524 Tokens per Sec: 1351.068604
Epoch Step: 23001 Loss: 3.593440 Tokens per Sec: 1354.976196
Epoch Step: 24001 Loss: 2.816629 Tokens per Sec: 1351.620728
Epoch Step: 25001 Loss: 2.637408 Tokens per Sec: 1359.653198
Epoch Step: 26001 Loss: 4.047480 Tokens per Sec: 1348.659058
Epoch Step: 27001 Loss: 4.042983 Tokens per Sec: 1355.645996
Epoch Step: 28001 Loss: 3.512029 Tokens per Sec: 1355.876343
Epoch Step: 29001 Loss: 4.304685 Tokens per Sec: 1353.827881
Epoch Step: 30001 Loss: 3.597648 Tokens per Sec: 1357.403320
Epoch Step: 31001 Loss: 4.378960 Tokens per Sec: 1347.751831
Epoch Step: 32001 Loss: 3.537414 Tokens per Sec: 1346.157104
Epoch Step: 33001 Loss: 2.714603 Tokens per Sec: 1357.271362
Epoch Step: 34001 Loss: 0.528092 Tokens per Sec: 1352.482178
Epoch Step: 35001 Loss: 3.103211 Tokens per Sec: 1353.834839
Epoch Step: 36001 Loss: 4.558690 Tokens per Sec: 1351.175415
Epoch Step: 37001 Loss: 2.411312 Tokens per Sec: 1349.896606
Epoch Step: 38001 Loss: 3.171368 Tokens per Sec: 1354.390991
Epoch Step: 39001 Loss: 3.448862 Tokens per Sec: 1350.036743
Epoch Step: 40001 Loss: 3.824399 Tokens per Sec: 1358.049561
Training elapsed time for epoch: 10474.284410
Epoch Step: 1 Loss: 0.485754 Tokens per Sec: 767.480530
Training elapsed time for epoch: 38.967849
Validation loss: 3.484410
Epoch 3 / 50
Epoch Step: 1 Loss: 3.963432 Tokens per Sec: 116.896538
Epoch Step: 1001 Loss: 2.932056 Tokens per Sec: 1353.512939
Epoch Step: 2001 Loss: 2.616496 Tokens per Sec: 1355.518555
Epoch Step: 3001 Loss: 3.189894 Tokens per Sec: 1360.949951
Epoch Step: 4001 Loss: 4.051179 Tokens per Sec: 1352.948975
Epoch Step: 5001 Loss: 2.334269 Tokens per Sec: 1350.461792
Epoch Step: 6001 Loss: 2.968163 Tokens per Sec: 1348.898682
Epoch Step: 7001 Loss: 4.447075 Tokens per Sec: 1361.802979
Epoch Step: 8001 Loss: 4.796303 Tokens per Sec: 1346.356567
Epoch Step: 9001 Loss: 4.315496 Tokens per Sec: 1353.029907
Epoch Step: 10001 Loss: 3.798904 Tokens per Sec: 1350.428101
Epoch Step: 11001 Loss: 2.429739 Tokens per Sec: 1345.593750
Epoch Step: 12001 Loss: 4.074884 Tokens per Sec: 1357.269043
Epoch Step: 13001 Loss: 3.467494 Tokens per Sec: 1352.852417
Epoch Step: 14001 Loss: 3.082855 Tokens per Sec: 1353.548218
Epoch Step: 15001 Loss: 3.654378 Tokens per Sec: 1349.532104
Epoch Step: 16001 Loss: 4.499088 Tokens per Sec: 1355.297363
Epoch Step: 17001 Loss: 3.144866 Tokens per Sec: 1355.867676
Epoch Step: 18001 Loss: 2.901247 Tokens per Sec: 1353.371948
Epoch Step: 19001 Loss: 2.892121 Tokens per Sec: 1350.337402
Epoch Step: 20001 Loss: 3.181669 Tokens per Sec: 1355.025879
Epoch Step: 21001 Loss: 2.552532 Tokens per Sec: 1347.290771
Epoch Step: 22001 Loss: 4.024051 Tokens per Sec: 1356.725098
Epoch Step: 23001 Loss: 3.589726 Tokens per Sec: 1359.106567
Epoch Step: 24001 Loss: 3.511677 Tokens per Sec: 1352.553589
Epoch Step: 25001 Loss: 4.294747 Tokens per Sec: 1358.354980
Epoch Step: 26001 Loss: 3.916595 Tokens per Sec: 1351.000977
Epoch Step: 27001 Loss: 3.347577 Tokens per Sec: 1347.392944
Epoch Step: 28001 Loss: 4.223232 Tokens per Sec: 1356.409546
Epoch Step: 29001 Loss: 4.568647 Tokens per Sec: 1348.931641
Epoch Step: 30001 Loss: 3.025434 Tokens per Sec: 1363.761841
Epoch Step: 31001 Loss: 3.383383 Tokens per Sec: 1347.935181
Epoch Step: 32001 Loss: 0.593812 Tokens per Sec: 1352.817627
Epoch Step: 33001 Loss: 3.333472 Tokens per Sec: 1349.580933
Epoch Step: 34001 Loss: 2.855758 Tokens per Sec: 1357.832764
Epoch Step: 35001 Loss: 3.946949 Tokens per Sec: 1348.968628
Epoch Step: 36001 Loss: 2.722920 Tokens per Sec: 1352.883057
Epoch Step: 37001 Loss: 4.409222 Tokens per Sec: 1351.859741
Epoch Step: 38001 Loss: 3.879665 Tokens per Sec: 1354.422119
Epoch Step: 39001 Loss: 1.862030 Tokens per Sec: 1358.163574
Epoch Step: 40001 Loss: 3.373436 Tokens per Sec: 1339.962524
Training elapsed time for epoch: 10473.445937
Epoch Step: 1 Loss: 0.456761 Tokens per Sec: 770.516296
Training elapsed time for epoch: 39.068711
Validation loss: 3.382314
Epoch 4 / 50
Epoch Step: 1 Loss: 2.861773 Tokens per Sec: 176.679260
Epoch Step: 1001 Loss: 4.173254 Tokens per Sec: 1357.203979
Epoch Step: 2001 Loss: 3.512815 Tokens per Sec: 1353.320068
Epoch Step: 3001 Loss: 2.795179 Tokens per Sec: 1354.828003
Epoch Step: 4001 Loss: 3.583410 Tokens per Sec: 1340.937134
Epoch Step: 5001 Loss: 3.534160 Tokens per Sec: 1357.953613
Epoch Step: 6001 Loss: 3.797878 Tokens per Sec: 1352.940552
Epoch Step: 7001 Loss: 3.245049 Tokens per Sec: 1355.596680
Epoch Step: 8001 Loss: 3.714204 Tokens per Sec: 1355.875000
Epoch Step: 9001 Loss: 3.403872 Tokens per Sec: 1347.092651
Epoch Step: 10001 Loss: 3.206130 Tokens per Sec: 1351.326904
Epoch Step: 11001 Loss: 3.830348 Tokens per Sec: 1356.178589
Epoch Step: 12001 Loss: 3.085928 Tokens per Sec: 1355.872192
Epoch Step: 13001 Loss: 3.542408 Tokens per Sec: 1356.554932
Epoch Step: 14001 Loss: 4.586876 Tokens per Sec: 1360.159058
Epoch Step: 15001 Loss: 3.106573 Tokens per Sec: 1349.996582
Epoch Step: 16001 Loss: 5.098913 Tokens per Sec: 1358.592773
Epoch Step: 17001 Loss: 0.504748 Tokens per Sec: 1353.679688
Epoch Step: 18001 Loss: 3.145388 Tokens per Sec: 1353.336548
Epoch Step: 19001 Loss: 3.574476 Tokens per Sec: 1352.492065
Epoch Step: 20001 Loss: 2.853558 Tokens per Sec: 1355.894165
Epoch Step: 21001 Loss: 3.387632 Tokens per Sec: 1348.569824
Epoch Step: 22001 Loss: 2.893598 Tokens per Sec: 1356.380981
Epoch Step: 23001 Loss: 3.583734 Tokens per Sec: 1354.351562
Epoch Step: 24001 Loss: 3.763453 Tokens per Sec: 1354.993530
Epoch Step: 25001 Loss: 3.007261 Tokens per Sec: 1352.696411
Epoch Step: 26001 Loss: 4.504029 Tokens per Sec: 1353.408081
Epoch Step: 27001 Loss: 2.913020 Tokens per Sec: 1356.604980
Epoch Step: 28001 Loss: 3.670466 Tokens per Sec: 1343.441528
Epoch Step: 29001 Loss: 3.702556 Tokens per Sec: 1360.560669
Epoch Step: 30001 Loss: 4.096339 Tokens per Sec: 1347.536987
Epoch Step: 31001 Loss: 3.908268 Tokens per Sec: 1352.488525
Epoch Step: 32001 Loss: 2.279995 Tokens per Sec: 1358.667603
Epoch Step: 33001 Loss: 3.992791 Tokens per Sec: 1354.076538
Epoch Step: 34001 Loss: 0.586460 Tokens per Sec: 1345.066162
Epoch Step: 35001 Loss: 3.356644 Tokens per Sec: 1352.651611
Epoch Step: 36001 Loss: 4.332270 Tokens per Sec: 1355.984741
Epoch Step: 37001 Loss: 2.281578 Tokens per Sec: 1352.012329
Epoch Step: 38001 Loss: 3.526115 Tokens per Sec: 1351.962402
Epoch Step: 39001 Loss: 3.533967 Tokens per Sec: 1353.174194
Epoch Step: 40001 Loss: 3.446193 Tokens per Sec: 1352.624390
Training elapsed time for epoch: 10471.551870
Epoch Step: 1 Loss: 0.456867 Tokens per Sec: 724.980835
Training elapsed time for epoch: 39.182691
Validation loss: 3.287378
Epoch 5 / 50
Epoch Step: 1 Loss: 4.361733 Tokens per Sec: 163.744675
Epoch Step: 1001 Loss: 3.209331 Tokens per Sec: 1349.982910
Epoch Step: 2001 Loss: 3.664807 Tokens per Sec: 1355.898438
Epoch Step: 3001 Loss: 1.924103 Tokens per Sec: 1355.082153
Epoch Step: 4001 Loss: 2.275336 Tokens per Sec: 1348.344971
Epoch Step: 5001 Loss: 3.633634 Tokens per Sec: 1362.140503
Epoch Step: 6001 Loss: 1.405639 Tokens per Sec: 1351.978394
Epoch Step: 7001 Loss: 3.312876 Tokens per Sec: 1354.654297
Epoch Step: 8001 Loss: 3.402672 Tokens per Sec: 1352.387695
Epoch Step: 9001 Loss: 4.278596 Tokens per Sec: 1352.501831
Epoch Step: 10001 Loss: 3.566536 Tokens per Sec: 1350.899658
Epoch Step: 11001 Loss: 4.223411 Tokens per Sec: 1341.762573
Epoch Step: 12001 Loss: 3.574764 Tokens per Sec: 1358.431030
Epoch Step: 13001 Loss: 4.244361 Tokens per Sec: 1356.753052
Epoch Step: 14001 Loss: 0.526737 Tokens per Sec: 1345.400879
Epoch Step: 15001 Loss: 3.435521 Tokens per Sec: 1352.614624
Epoch Step: 16001 Loss: 1.702353 Tokens per Sec: 1358.548462
Epoch Step: 17001 Loss: 2.414689 Tokens per Sec: 1346.156982
Epoch Step: 18001 Loss: 3.875387 Tokens per Sec: 1353.929688
Epoch Step: 19001 Loss: 3.166763 Tokens per Sec: 1356.437622
Epoch Step: 20001 Loss: 1.646309 Tokens per Sec: 1352.759033
Epoch Step: 21001 Loss: 2.190654 Tokens per Sec: 1358.579468
Epoch Step: 22001 Loss: 4.103884 Tokens per Sec: 1350.612793
Epoch Step: 23001 Loss: 3.644232 Tokens per Sec: 1352.754639
Epoch Step: 24001 Loss: 1.516359 Tokens per Sec: 1353.267090
Epoch Step: 25001 Loss: 2.244447 Tokens per Sec: 1354.426758
Epoch Step: 26001 Loss: 2.938254 Tokens per Sec: 1346.995361
Epoch Step: 27001 Loss: 4.240191 Tokens per Sec: 1360.212280
Epoch Step: 28001 Loss: 3.712220 Tokens per Sec: 1353.763306
Epoch Step: 29001 Loss: 2.591646 Tokens per Sec: 1346.921875
Epoch Step: 30001 Loss: 3.034278 Tokens per Sec: 1349.595703
Epoch Step: 31001 Loss: 2.986290 Tokens per Sec: 1362.070435
Epoch Step: 32001 Loss: 3.633606 Tokens per Sec: 1349.841064
Epoch Step: 33001 Loss: 1.933737 Tokens per Sec: 1352.044312
Epoch Step: 34001 Loss: 4.222490 Tokens per Sec: 1356.575073
Epoch Step: 35001 Loss: 5.300541 Tokens per Sec: 1343.796631
Epoch Step: 36001 Loss: 1.737046 Tokens per Sec: 1359.137085
Epoch Step: 37001 Loss: 1.712868 Tokens per Sec: 1353.123779
Epoch Step: 38001 Loss: 3.720071 Tokens per Sec: 1349.893921
Epoch Step: 39001 Loss: 3.898019 Tokens per Sec: 1358.473389
Epoch Step: 40001 Loss: 4.131523 Tokens per Sec: 1350.040649
Training elapsed time for epoch: 10473.972823
Epoch Step: 1 Loss: 0.460220 Tokens per Sec: 773.060486
Training elapsed time for epoch: 39.057582
Validation loss: 3.204384
Saved model to models/save_5.pt.
Epoch 6 / 50
Epoch Step: 1 Loss: 3.915160 Tokens per Sec: 177.104431
Epoch Step: 1001 Loss: 2.168225 Tokens per Sec: 1355.053345
Epoch Step: 2001 Loss: 2.887233 Tokens per Sec: 1354.234009
Epoch Step: 3001 Loss: 2.678687 Tokens per Sec: 1346.519165
Epoch Step: 4001 Loss: 3.026996 Tokens per Sec: 1357.677002
Epoch Step: 5001 Loss: 3.188984 Tokens per Sec: 1352.367676
Epoch Step: 6001 Loss: 1.619983 Tokens per Sec: 1354.532837
Epoch Step: 7001 Loss: 2.994074 Tokens per Sec: 1348.785400
Epoch Step: 8001 Loss: 3.236717 Tokens per Sec: 1349.634644
Epoch Step: 9001 Loss: 2.200379 Tokens per Sec: 1364.851074
Epoch Step: 10001 Loss: 4.127572 Tokens per Sec: 1339.999634
Epoch Step: 11001 Loss: 3.114917 Tokens per Sec: 1363.231812
Epoch Step: 12001 Loss: 2.063915 Tokens per Sec: 1350.680786
Epoch Step: 13001 Loss: 3.372995 Tokens per Sec: 1348.238403
Epoch Step: 14001 Loss: 3.969765 Tokens per Sec: 1353.778687
Epoch Step: 15001 Loss: 1.983359 Tokens per Sec: 1357.824341
Epoch Step: 16001 Loss: 3.210317 Tokens per Sec: 1353.394287
Epoch Step: 17001 Loss: 3.661068 Tokens per Sec: 1356.042114
Epoch Step: 18001 Loss: 3.053771 Tokens per Sec: 1351.791016
Epoch Step: 19001 Loss: 4.609542 Tokens per Sec: 1354.132446
Epoch Step: 20001 Loss: 3.388296 Tokens per Sec: 1352.324219
Epoch Step: 21001 Loss: 2.953856 Tokens per Sec: 1349.824219
Epoch Step: 22001 Loss: 2.667545 Tokens per Sec: 1357.458374
Epoch Step: 23001 Loss: 4.052920 Tokens per Sec: 1354.390137
Epoch Step: 24001 Loss: 3.540583 Tokens per Sec: 1349.976318
Epoch Step: 25001 Loss: 2.534086 Tokens per Sec: 1354.435547
Epoch Step: 26001 Loss: 3.099640 Tokens per Sec: 1353.783325
Epoch Step: 27001 Loss: 2.092956 Tokens per Sec: 1350.291870
Epoch Step: 28001 Loss: 3.421503 Tokens per Sec: 1354.246460
Epoch Step: 29001 Loss: 3.175350 Tokens per Sec: 1352.111206
Epoch Step: 30001 Loss: 3.838568 Tokens per Sec: 1356.122803
Epoch Step: 31001 Loss: 3.340424 Tokens per Sec: 1355.529907
Epoch Step: 32001 Loss: 3.847396 Tokens per Sec: 1352.029785
Epoch Step: 33001 Loss: 3.389477 Tokens per Sec: 1357.408691
Epoch Step: 34001 Loss: 4.022114 Tokens per Sec: 1344.358521
Epoch Step: 35001 Loss: 2.408792 Tokens per Sec: 1359.656006
Epoch Step: 36001 Loss: 4.221014 Tokens per Sec: 1359.497314
Epoch Step: 37001 Loss: 3.228013 Tokens per Sec: 1344.573486
Epoch Step: 38001 Loss: 2.674813 Tokens per Sec: 1358.316528
Epoch Step: 39001 Loss: 3.350112 Tokens per Sec: 1354.021118
Epoch Step: 40001 Loss: 2.775005 Tokens per Sec: 1343.348267
Training elapsed time for epoch: 10472.361481
Epoch Step: 1 Loss: 0.465399 Tokens per Sec: 752.028137
Training elapsed time for epoch: 39.108850
Validation loss: 3.144759
Epoch 7 / 50
Epoch Step: 1 Loss: 3.632805 Tokens per Sec: 168.073700
Epoch Step: 1001 Loss: 3.827536 Tokens per Sec: 1354.631836
Epoch Step: 2001 Loss: 3.458214 Tokens per Sec: 1351.634399
Epoch Step: 3001 Loss: 2.079050 Tokens per Sec: 1351.154175
Epoch Step: 4001 Loss: 2.317019 Tokens per Sec: 1350.773804
Epoch Step: 5001 Loss: 3.380308 Tokens per Sec: 1353.198364
Epoch Step: 6001 Loss: 2.361084 Tokens per Sec: 1360.574829
Epoch Step: 7001 Loss: 2.576339 Tokens per Sec: 1341.527466
Epoch Step: 8001 Loss: 1.878509 Tokens per Sec: 1361.775757
Epoch Step: 9001 Loss: 2.997055 Tokens per Sec: 1352.297363
Epoch Step: 10001 Loss: 3.120937 Tokens per Sec: 1353.182739
Epoch Step: 11001 Loss: 2.546008 Tokens per Sec: 1347.614136
Epoch Step: 12001 Loss: 3.115712 Tokens per Sec: 1351.871460
Epoch Step: 13001 Loss: 0.437347 Tokens per Sec: 1354.338867
Epoch Step: 14001 Loss: 2.758069 Tokens per Sec: 1365.965698
Epoch Step: 15001 Loss: 2.407316 Tokens per Sec: 1336.967529
Epoch Step: 16001 Loss: 2.969367 Tokens per Sec: 1350.668701
Epoch Step: 17001 Loss: 2.612202 Tokens per Sec: 1360.547729
Epoch Step: 18001 Loss: 2.457334 Tokens per Sec: 1356.320190
Epoch Step: 19001 Loss: 1.941426 Tokens per Sec: 1347.236450
Epoch Step: 20001 Loss: 3.821058 Tokens per Sec: 1353.643555
Epoch Step: 21001 Loss: 2.414847 Tokens per Sec: 1351.164307
Epoch Step: 22001 Loss: 1.886018 Tokens per Sec: 1348.109985
Epoch Step: 23001 Loss: 3.759337 Tokens per Sec: 1353.820068
Epoch Step: 24001 Loss: 2.251971 Tokens per Sec: 1351.060425
Epoch Step: 25001 Loss: 3.656924 Tokens per Sec: 1358.899170
Epoch Step: 26001 Loss: 3.875966 Tokens per Sec: 1350.360229
Epoch Step: 27001 Loss: 4.237730 Tokens per Sec: 1354.380859
Epoch Step: 28001 Loss: 4.379230 Tokens per Sec: 1354.556519
Epoch Step: 29001 Loss: 3.678570 Tokens per Sec: 1350.786743
Epoch Step: 30001 Loss: 3.183583 Tokens per Sec: 1348.331787
Epoch Step: 31001 Loss: 2.652799 Tokens per Sec: 1357.327393
Epoch Step: 32001 Loss: 3.326172 Tokens per Sec: 1355.809937
Epoch Step: 33001 Loss: 2.285031 Tokens per Sec: 1353.490479
Epoch Step: 34001 Loss: 2.670073 Tokens per Sec: 1353.593750
Epoch Step: 35001 Loss: 0.541779 Tokens per Sec: 1357.098022
Epoch Step: 36001 Loss: 3.074218 Tokens per Sec: 1346.566895
Epoch Step: 37001 Loss: 3.483980 Tokens per Sec: 1358.920288
Epoch Step: 38001 Loss: 3.209334 Tokens per Sec: 1343.526489
Epoch Step: 39001 Loss: 4.086850 Tokens per Sec: 1355.436523
Epoch Step: 40001 Loss: 3.864143 Tokens per Sec: 1348.786865
Training elapsed time for epoch: 10476.395070
Epoch Step: 1 Loss: 0.463523 Tokens per Sec: 763.763672
Training elapsed time for epoch: 39.066238
Validation loss: 3.087441
Epoch 8 / 50
Epoch Step: 1 Loss: 3.619375 Tokens per Sec: 111.215851
Epoch Step: 1001 Loss: 3.869793 Tokens per Sec: 1356.104614
Epoch Step: 2001 Loss: 2.214440 Tokens per Sec: 1350.793335
Epoch Step: 3001 Loss: 3.494081 Tokens per Sec: 1354.711548
Epoch Step: 4001 Loss: 4.074193 Tokens per Sec: 1353.022339
Epoch Step: 5001 Loss: 1.843958 Tokens per Sec: 1349.754150
Epoch Step: 6001 Loss: 2.284823 Tokens per Sec: 1358.866333
Epoch Step: 7001 Loss: 3.543599 Tokens per Sec: 1340.106323
Epoch Step: 8001 Loss: 5.016528 Tokens per Sec: 1354.585083
Epoch Step: 9001 Loss: 3.107910 Tokens per Sec: 1353.007812
Epoch Step: 10001 Loss: 3.264344 Tokens per Sec: 1354.657959
Epoch Step: 11001 Loss: 3.312034 Tokens per Sec: 1359.223877
Epoch Step: 12001 Loss: 2.783434 Tokens per Sec: 1349.738281
Epoch Step: 13001 Loss: 3.129267 Tokens per Sec: 1348.562378
Epoch Step: 14001 Loss: 3.178451 Tokens per Sec: 1350.368896
Epoch Step: 15001 Loss: 2.976194 Tokens per Sec: 1349.817383
Epoch Step: 16001 Loss: 4.060368 Tokens per Sec: 1346.436890
Epoch Step: 17001 Loss: 3.107334 Tokens per Sec: 1358.093018
Epoch Step: 18001 Loss: 1.931704 Tokens per Sec: 1357.659058
Epoch Step: 19001 Loss: 3.382855 Tokens per Sec: 1349.299072
Epoch Step: 20001 Loss: 2.757348 Tokens per Sec: 1354.241455
Epoch Step: 21001 Loss: 4.484916 Tokens per Sec: 1354.280273
Epoch Step: 22001 Loss: 2.670121 Tokens per Sec: 1350.813721
Epoch Step: 23001 Loss: 2.550790 Tokens per Sec: 1355.799927
Epoch Step: 24001 Loss: 3.139055 Tokens per Sec: 1349.221191
Epoch Step: 25001 Loss: 3.409342 Tokens per Sec: 1353.520874
Epoch Step: 26001 Loss: 3.290207 Tokens per Sec: 1353.327271
Epoch Step: 27001 Loss: 2.327446 Tokens per Sec: 1355.229492
Epoch Step: 28001 Loss: 2.256503 Tokens per Sec: 1360.302002
Epoch Step: 29001 Loss: 3.086791 Tokens per Sec: 1348.177368
Epoch Step: 30001 Loss: 4.036313 Tokens per Sec: 1354.791382
Epoch Step: 31001 Loss: 2.401012 Tokens per Sec: 1352.189209
Epoch Step: 32001 Loss: 2.947605 Tokens per Sec: 1352.834351
Epoch Step: 33001 Loss: 4.629403 Tokens per Sec: 1357.036377
Epoch Step: 34001 Loss: 2.619198 Tokens per Sec: 1351.419189
Epoch Step: 35001 Loss: 4.659306 Tokens per Sec: 1343.493408
Epoch Step: 36001 Loss: 3.306572 Tokens per Sec: 1357.929321
Epoch Step: 37001 Loss: 3.786678 Tokens per Sec: 1359.732544
Epoch Step: 38001 Loss: 3.051491 Tokens per Sec: 1345.232056
Epoch Step: 39001 Loss: 3.751911 Tokens per Sec: 1348.432617
Epoch Step: 40001 Loss: 3.068925 Tokens per Sec: 1354.155273
Training elapsed time for epoch: 10477.237456
Epoch Step: 1 Loss: 0.433819 Tokens per Sec: 766.831482
Training elapsed time for epoch: 39.158140
Validation loss: 3.043611
Epoch 9 / 50
Epoch Step: 1 Loss: 3.329173 Tokens per Sec: 193.349091
Epoch Step: 1001 Loss: 3.952742 Tokens per Sec: 1351.123779
Epoch Step: 2001 Loss: 2.937222 Tokens per Sec: 1351.210449
Epoch Step: 3001 Loss: 1.890090 Tokens per Sec: 1350.622437
Epoch Step: 4001 Loss: 4.098898 Tokens per Sec: 1357.051270
Epoch Step: 5001 Loss: 3.502047 Tokens per Sec: 1347.372192
Epoch Step: 6001 Loss: 3.652600 Tokens per Sec: 1352.896973
Epoch Step: 7001 Loss: 3.072878 Tokens per Sec: 1350.608276
Epoch Step: 8001 Loss: 2.956455 Tokens per Sec: 1349.521484
Epoch Step: 9001 Loss: 2.152467 Tokens per Sec: 1358.753662
Epoch Step: 10001 Loss: 3.164935 Tokens per Sec: 1354.026978
Epoch Step: 11001 Loss: 2.724718 Tokens per Sec: 1344.677734
Epoch Step: 12001 Loss: 3.680787 Tokens per Sec: 1356.858276
Epoch Step: 13001 Loss: 4.254347 Tokens per Sec: 1356.927734
Epoch Step: 14001 Loss: 3.769699 Tokens per Sec: 1353.319214
Epoch Step: 15001 Loss: 2.049489 Tokens per Sec: 1355.913086
Epoch Step: 16001 Loss: 2.809495 Tokens per Sec: 1352.464722
Epoch Step: 17001 Loss: 2.262287 Tokens per Sec: 1349.493652
Epoch Step: 18001 Loss: 3.337516 Tokens per Sec: 1349.303711
Epoch Step: 19001 Loss: 2.514595 Tokens per Sec: 1352.819946
Epoch Step: 20001 Loss: 3.146446 Tokens per Sec: 1354.396484
Epoch Step: 21001 Loss: 3.197841 Tokens per Sec: 1353.578735
Epoch Step: 22001 Loss: 3.380290 Tokens per Sec: 1355.388184
Epoch Step: 23001 Loss: 2.724494 Tokens per Sec: 1348.681030
Epoch Step: 24001 Loss: 3.031538 Tokens per Sec: 1350.998413
Epoch Step: 25001 Loss: 2.353076 Tokens per Sec: 1353.547485
Epoch Step: 26001 Loss: 2.563752 Tokens per Sec: 1351.298706
Epoch Step: 27001 Loss: 3.469391 Tokens per Sec: 1353.291504
Epoch Step: 28001 Loss: 1.944371 Tokens per Sec: 1356.895630
Epoch Step: 29001 Loss: 2.438109 Tokens per Sec: 1352.937012
Epoch Step: 30001 Loss: 0.601477 Tokens per Sec: 1349.189331
Epoch Step: 31001 Loss: 4.989008 Tokens per Sec: 1359.806274
Epoch Step: 32001 Loss: 3.854976 Tokens per Sec: 1347.516357
Epoch Step: 33001 Loss: 1.755504 Tokens per Sec: 1358.056152
Epoch Step: 34001 Loss: 3.677561 Tokens per Sec: 1345.432861
Epoch Step: 35001 Loss: 3.210055 Tokens per Sec: 1346.703247
Epoch Step: 36001 Loss: 2.796402 Tokens per Sec: 1350.869385
Epoch Step: 37001 Loss: 3.500483 Tokens per Sec: 1352.957153
Epoch Step: 38001 Loss: 3.173947 Tokens per Sec: 1360.713379
Epoch Step: 39001 Loss: 2.784296 Tokens per Sec: 1356.239502
Epoch Step: 40001 Loss: 2.191299 Tokens per Sec: 1346.949341
Training elapsed time for epoch: 10477.544644
Epoch Step: 1 Loss: 0.412078 Tokens per Sec: 774.357178
Training elapsed time for epoch: 39.207965
Validation loss: 2.991937
Epoch 10 / 50
Epoch Step: 1 Loss: 2.405422 Tokens per Sec: 149.752625
Epoch Step: 1001 Loss: 3.380077 Tokens per Sec: 1349.442749
Epoch Step: 2001 Loss: 2.018079 Tokens per Sec: 1358.687378
Epoch Step: 3001 Loss: 3.466047 Tokens per Sec: 1350.857178
Epoch Step: 4001 Loss: 3.011832 Tokens per Sec: 1351.216675
Epoch Step: 5001 Loss: 3.247235 Tokens per Sec: 1351.546509
Epoch Step: 6001 Loss: 3.480011 Tokens per Sec: 1353.016479
Epoch Step: 7001 Loss: 2.615114 Tokens per Sec: 1345.511719
Epoch Step: 8001 Loss: 2.395992 Tokens per Sec: 1359.712158
Epoch Step: 9001 Loss: 3.203691 Tokens per Sec: 1352.095459
Epoch Step: 10001 Loss: 4.440713 Tokens per Sec: 1344.450806
Epoch Step: 11001 Loss: 0.538719 Tokens per Sec: 1360.794067
Epoch Step: 12001 Loss: 3.755898 Tokens per Sec: 1348.581787
Epoch Step: 13001 Loss: 2.707234 Tokens per Sec: 1359.143677
Epoch Step: 14001 Loss: 4.338106 Tokens per Sec: 1355.917236
Epoch Step: 15001 Loss: 1.799622 Tokens per Sec: 1340.254395
Epoch Step: 16001 Loss: 1.387548 Tokens per Sec: 1361.507690
Epoch Step: 17001 Loss: 2.847233 Tokens per Sec: 1352.469238
Epoch Step: 18001 Loss: 3.062319 Tokens per Sec: 1353.510864
Epoch Step: 19001 Loss: 1.938055 Tokens per Sec: 1348.977295
Epoch Step: 20001 Loss: 2.886684 Tokens per Sec: 1360.120117
Epoch Step: 21001 Loss: 3.787352 Tokens per Sec: 1346.648926
Epoch Step: 22001 Loss: 1.848749 Tokens per Sec: 1354.546875
Epoch Step: 23001 Loss: 3.229971 Tokens per Sec: 1348.634888
Epoch Step: 24001 Loss: 3.349636 Tokens per Sec: 1349.305054
Epoch Step: 25001 Loss: 2.463387 Tokens per Sec: 1348.320557
Epoch Step: 26001 Loss: 2.445188 Tokens per Sec: 1352.663330
Epoch Step: 27001 Loss: 2.198161 Tokens per Sec: 1348.230225
Epoch Step: 28001 Loss: 3.961571 Tokens per Sec: 1353.713013
Epoch Step: 29001 Loss: 2.264864 Tokens per Sec: 1349.558838
Epoch Step: 30001 Loss: 3.395048 Tokens per Sec: 1354.069336
Epoch Step: 31001 Loss: 3.253998 Tokens per Sec: 1366.879395
Epoch Step: 32001 Loss: 3.167449 Tokens per Sec: 1347.372314
Epoch Step: 33001 Loss: 3.306421 Tokens per Sec: 1346.386475
Epoch Step: 34001 Loss: 3.064468 Tokens per Sec: 1359.041748
Epoch Step: 35001 Loss: 2.263021 Tokens per Sec: 1352.311035
Epoch Step: 36001 Loss: 2.557554 Tokens per Sec: 1357.736572
Epoch Step: 37001 Loss: 3.956212 Tokens per Sec: 1357.312744
Epoch Step: 38001 Loss: 1.991882 Tokens per Sec: 1344.994995
Epoch Step: 39001 Loss: 4.346507 Tokens per Sec: 1356.155396
Epoch Step: 40001 Loss: 3.697371 Tokens per Sec: 1348.073853
Training elapsed time for epoch: 10478.666975
Epoch Step: 1 Loss: 0.412336 Tokens per Sec: 754.379883
Training elapsed time for epoch: 39.069497
Validation loss: 2.951035
Saved model to models/save_10.pt.
Epoch 11 / 50
Epoch Step: 1 Loss: 2.331020 Tokens per Sec: 165.697937
Epoch Step: 1001 Loss: 1.857281 Tokens per Sec: 1355.242065
Epoch Step: 2001 Loss: 3.963570 Tokens per Sec: 1358.704834
Epoch Step: 3001 Loss: 3.509631 Tokens per Sec: 1350.962646
Epoch Step: 4001 Loss: 2.051184 Tokens per Sec: 1348.417358
Epoch Step: 5001 Loss: 2.784971 Tokens per Sec: 1351.921875
Epoch Step: 6001 Loss: 3.793615 Tokens per Sec: 1356.367798
Epoch Step: 7001 Loss: 4.141596 Tokens per Sec: 1340.444824
Epoch Step: 8001 Loss: 3.022231 Tokens per Sec: 1359.264771
Epoch Step: 9001 Loss: 2.332778 Tokens per Sec: 1354.351685
Epoch Step: 10001 Loss: 3.441965 Tokens per Sec: 1358.442139
Epoch Step: 11001 Loss: 3.727164 Tokens per Sec: 1341.034790
Epoch Step: 12001 Loss: 3.118978 Tokens per Sec: 1362.250488
Epoch Step: 13001 Loss: 3.316607 Tokens per Sec: 1344.281860
Epoch Step: 14001 Loss: 3.305969 Tokens per Sec: 1346.235107
Epoch Step: 15001 Loss: 0.443967 Tokens per Sec: 1361.401367
Epoch Step: 16001 Loss: 4.296029 Tokens per Sec: 1356.203491
Epoch Step: 17001 Loss: 2.691570 Tokens per Sec: 1345.944824
Epoch Step: 18001 Loss: 3.612416 Tokens per Sec: 1360.808472
Epoch Step: 19001 Loss: 3.630433 Tokens per Sec: 1350.073975
Epoch Step: 20001 Loss: 2.204078 Tokens per Sec: 1347.965698
Epoch Step: 21001 Loss: 3.399976 Tokens per Sec: 1350.464844
Epoch Step: 22001 Loss: 2.417536 Tokens per Sec: 1352.494751
Epoch Step: 23001 Loss: 3.057910 Tokens per Sec: 1352.023193
Epoch Step: 24001 Loss: 3.108948 Tokens per Sec: 1354.141235
Epoch Step: 25001 Loss: 2.292064 Tokens per Sec: 1352.663452
Epoch Step: 26001 Loss: 2.884275 Tokens per Sec: 1348.236450
Epoch Step: 27001 Loss: 2.129178 Tokens per Sec: 1361.258789
Epoch Step: 28001 Loss: 3.211686 Tokens per Sec: 1349.240479
Epoch Step: 29001 Loss: 2.305605 Tokens per Sec: 1354.755493
Epoch Step: 30001 Loss: 2.654872 Tokens per Sec: 1358.641602
Epoch Step: 31001 Loss: 3.076737 Tokens per Sec: 1353.781128
Epoch Step: 32001 Loss: 3.251640 Tokens per Sec: 1355.361816
Epoch Step: 33001 Loss: 2.815217 Tokens per Sec: 1349.849976
Epoch Step: 34001 Loss: 2.454106 Tokens per Sec: 1364.102173
Epoch Step: 35001 Loss: 3.813639 Tokens per Sec: 1350.299438
Epoch Step: 36001 Loss: 3.232291 Tokens per Sec: 1344.673218
Epoch Step: 37001 Loss: 3.034946 Tokens per Sec: 1361.194580
Epoch Step: 38001 Loss: 3.608254 Tokens per Sec: 1343.258667
Epoch Step: 39001 Loss: 2.614931 Tokens per Sec: 1357.177490
Epoch Step: 40001 Loss: 2.825438 Tokens per Sec: 1350.592163
Training elapsed time for epoch: 10474.551705
Epoch Step: 1 Loss: 0.409280 Tokens per Sec: 734.519104
Training elapsed time for epoch: 39.132232
Validation loss: 2.907706
Epoch 12 / 50
Epoch Step: 1 Loss: 3.120129 Tokens per Sec: 181.969696
Epoch Step: 1001 Loss: 3.390029 Tokens per Sec: 1353.666138
Epoch Step: 2001 Loss: 2.397120 Tokens per Sec: 1349.986450
Epoch Step: 3001 Loss: 2.339664 Tokens per Sec: 1353.541260
Epoch Step: 4001 Loss: 2.425789 Tokens per Sec: 1349.722290
Epoch Step: 5001 Loss: 1.668086 Tokens per Sec: 1359.604980
Epoch Step: 6001 Loss: 2.670179 Tokens per Sec: 1353.241821
Epoch Step: 7001 Loss: 2.703821 Tokens per Sec: 1350.412598
Epoch Step: 8001 Loss: 3.004809 Tokens per Sec: 1352.637817
Epoch Step: 9001 Loss: 2.482693 Tokens per Sec: 1357.233765
Epoch Step: 10001 Loss: 2.869754 Tokens per Sec: 1354.075684
Epoch Step: 11001 Loss: 4.075165 Tokens per Sec: 1347.429688
Epoch Step: 12001 Loss: 3.049730 Tokens per Sec: 1352.260620
Epoch Step: 13001 Loss: 2.957788 Tokens per Sec: 1355.044922
Epoch Step: 14001 Loss: 3.276882 Tokens per Sec: 1357.237427
Epoch Step: 15001 Loss: 1.812587 Tokens per Sec: 1350.205566
Epoch Step: 16001 Loss: 2.392540 Tokens per Sec: 1351.481445
Epoch Step: 17001 Loss: 2.522086 Tokens per Sec: 1345.056885
Epoch Step: 18001 Loss: 2.421132 Tokens per Sec: 1361.907837
Epoch Step: 19001 Loss: 2.393858 Tokens per Sec: 1349.958252
Epoch Step: 20001 Loss: 1.427968 Tokens per Sec: 1360.157471
Epoch Step: 21001 Loss: 2.895002 Tokens per Sec: 1342.323975
Epoch Step: 22001 Loss: 2.504218 Tokens per Sec: 1356.775513
Epoch Step: 23001 Loss: 3.708012 Tokens per Sec: 1354.765991
Epoch Step: 24001 Loss: 3.718673 Tokens per Sec: 1352.837524
Epoch Step: 25001 Loss: 4.143763 Tokens per Sec: 1356.656128
Epoch Step: 26001 Loss: 2.711256 Tokens per Sec: 1359.787231
Epoch Step: 27001 Loss: 2.695923 Tokens per Sec: 1353.544434
Epoch Step: 28001 Loss: 4.054069 Tokens per Sec: 1344.338989
Epoch Step: 29001 Loss: 3.273684 Tokens per Sec: 1349.848633
Epoch Step: 30001 Loss: 2.263236 Tokens per Sec: 1351.864746
Epoch Step: 31001 Loss: 3.382492 Tokens per Sec: 1359.378784
Epoch Step: 32001 Loss: 2.882119 Tokens per Sec: 1351.402710
Epoch Step: 33001 Loss: 2.415657 Tokens per Sec: 1355.034790
Epoch Step: 34001 Loss: 2.463136 Tokens per Sec: 1354.898071
Epoch Step: 35001 Loss: 4.499552 Tokens per Sec: 1345.831055
Epoch Step: 36001 Loss: 3.079873 Tokens per Sec: 1359.248901
Epoch Step: 37001 Loss: 2.979964 Tokens per Sec: 1351.023193
Epoch Step: 38001 Loss: 3.561227 Tokens per Sec: 1355.864380
Epoch Step: 39001 Loss: 3.130709 Tokens per Sec: 1340.540894
Epoch Step: 40001 Loss: 3.690842 Tokens per Sec: 1354.843140
Training elapsed time for epoch: 10475.148977
Epoch Step: 1 Loss: 0.402663 Tokens per Sec: 765.348877
Training elapsed time for epoch: 39.127016
Validation loss: 2.874072
Epoch 13 / 50
Epoch Step: 1 Loss: 2.333880 Tokens per Sec: 166.535980
Epoch Step: 1001 Loss: 3.966548 Tokens per Sec: 1350.188110
Epoch Step: 2001 Loss: 2.439196 Tokens per Sec: 1356.172852
Epoch Step: 3001 Loss: 2.409424 Tokens per Sec: 1358.557007
Epoch Step: 4001 Loss: 3.036415 Tokens per Sec: 1344.624878
Epoch Step: 5001 Loss: 1.682200 Tokens per Sec: 1361.523438
Epoch Step: 6001 Loss: 4.385251 Tokens per Sec: 1353.697510
Epoch Step: 7001 Loss: 1.989235 Tokens per Sec: 1348.639160
Epoch Step: 8001 Loss: 2.907292 Tokens per Sec: 1364.452026
Epoch Step: 9001 Loss: 2.835371 Tokens per Sec: 1351.231323
Epoch Step: 10001 Loss: 4.504721 Tokens per Sec: 1352.103638
Epoch Step: 11001 Loss: 2.259750 Tokens per Sec: 1351.188232
Epoch Step: 12001 Loss: 2.757616 Tokens per Sec: 1352.471436
Epoch Step: 13001 Loss: 2.078217 Tokens per Sec: 1351.878418
Epoch Step: 14001 Loss: 3.776075 Tokens per Sec: 1349.997559
Epoch Step: 15001 Loss: 3.730539 Tokens per Sec: 1353.554443
Epoch Step: 16001 Loss: 2.973133 Tokens per Sec: 1354.185181
Epoch Step: 17001 Loss: 3.038775 Tokens per Sec: 1346.510498
Epoch Step: 18001 Loss: 3.214225 Tokens per Sec: 1364.465210
Epoch Step: 19001 Loss: 2.899933 Tokens per Sec: 1349.451538
Epoch Step: 20001 Loss: 2.364785 Tokens per Sec: 1357.511597
Epoch Step: 21001 Loss: 2.872140 Tokens per Sec: 1352.722168
Epoch Step: 22001 Loss: 3.282961 Tokens per Sec: 1355.945190
Epoch Step: 23001 Loss: 3.320760 Tokens per Sec: 1352.272705
Epoch Step: 24001 Loss: 2.935519 Tokens per Sec: 1353.679077
Epoch Step: 25001 Loss: 3.448560 Tokens per Sec: 1353.296021
Epoch Step: 26001 Loss: 2.960967 Tokens per Sec: 1351.375244
Epoch Step: 27001 Loss: 3.024645 Tokens per Sec: 1351.010132
Epoch Step: 28001 Loss: 0.802818 Tokens per Sec: 1353.897583
Epoch Step: 29001 Loss: 2.947705 Tokens per Sec: 1352.103516
Epoch Step: 30001 Loss: 1.439724 Tokens per Sec: 1354.410889
Epoch Step: 31001 Loss: 2.171754 Tokens per Sec: 1355.352661
Epoch Step: 32001 Loss: 2.215544 Tokens per Sec: 1363.001709
Epoch Step: 33001 Loss: 2.146102 Tokens per Sec: 1348.050171
Epoch Step: 34001 Loss: 4.358324 Tokens per Sec: 1347.159790
Epoch Step: 35001 Loss: 1.707172 Tokens per Sec: 1356.001709
Epoch Step: 36001 Loss: 2.810488 Tokens per Sec: 1345.494629
Epoch Step: 37001 Loss: 2.561069 Tokens per Sec: 1360.255005
Epoch Step: 38001 Loss: 1.176323 Tokens per Sec: 1350.873169
Epoch Step: 39001 Loss: 2.406694 Tokens per Sec: 1345.816528
Epoch Step: 40001 Loss: 3.274611 Tokens per Sec: 1353.589600
Training elapsed time for epoch: 10472.199475
Epoch Step: 1 Loss: 0.393623 Tokens per Sec: 773.625366
Training elapsed time for epoch: 39.145754
Validation loss: 2.835210
Epoch 14 / 50
Epoch Step: 1 Loss: 3.516752 Tokens per Sec: 178.947189
Epoch Step: 1001 Loss: 2.979526 Tokens per Sec: 1358.549194
Epoch Step: 2001 Loss: 2.607160 Tokens per Sec: 1355.375488
Epoch Step: 3001 Loss: 1.731944 Tokens per Sec: 1347.649414
Epoch Step: 4001 Loss: 3.342519 Tokens per Sec: 1355.387085
Epoch Step: 5001 Loss: 2.542503 Tokens per Sec: 1349.608154
Epoch Step: 6001 Loss: 4.825962 Tokens per Sec: 1353.968140
Epoch Step: 7001 Loss: 2.680132 Tokens per Sec: 1349.348877
Epoch Step: 8001 Loss: 1.863433 Tokens per Sec: 1354.270020
Epoch Step: 9001 Loss: 2.675715 Tokens per Sec: 1357.631836
Epoch Step: 10001 Loss: 3.359547 Tokens per Sec: 1354.486694
Epoch Step: 11001 Loss: 2.846668 Tokens per Sec: 1350.486694
Epoch Step: 12001 Loss: 2.218433 Tokens per Sec: 1358.969727
Epoch Step: 13001 Loss: 3.570284 Tokens per Sec: 1360.831543
Epoch Step: 14001 Loss: 3.582908 Tokens per Sec: 1346.144165
Epoch Step: 15001 Loss: 0.367815 Tokens per Sec: 1350.751953
Epoch Step: 16001 Loss: 3.730990 Tokens per Sec: 1363.450928
Epoch Step: 17001 Loss: 3.807747 Tokens per Sec: 1350.636353
Epoch Step: 18001 Loss: 2.415868 Tokens per Sec: 1357.715210
Epoch Step: 19001 Loss: 2.629802 Tokens per Sec: 1340.535889
Epoch Step: 20001 Loss: 3.717181 Tokens per Sec: 1356.537354
Epoch Step: 21001 Loss: 1.775386 Tokens per Sec: 1351.237671
Epoch Step: 22001 Loss: 3.608290 Tokens per Sec: 1362.460083
Epoch Step: 23001 Loss: 2.292256 Tokens per Sec: 1348.185303
Epoch Step: 24001 Loss: 3.472304 Tokens per Sec: 1356.003906
Epoch Step: 25001 Loss: 2.759785 Tokens per Sec: 1357.027588
Epoch Step: 26001 Loss: 3.743150 Tokens per Sec: 1359.082642
Epoch Step: 27001 Loss: 3.480419 Tokens per Sec: 1349.656128
Epoch Step: 28001 Loss: 2.467884 Tokens per Sec: 1361.981201
Epoch Step: 29001 Loss: 1.912855 Tokens per Sec: 1348.338257
Epoch Step: 30001 Loss: 3.105222 Tokens per Sec: 1347.287964
Epoch Step: 31001 Loss: 2.436116 Tokens per Sec: 1356.885986
Epoch Step: 32001 Loss: 4.064802 Tokens per Sec: 1339.739868
Epoch Step: 33001 Loss: 1.392212 Tokens per Sec: 1355.971680
Epoch Step: 34001 Loss: 3.329873 Tokens per Sec: 1356.010864
Epoch Step: 35001 Loss: 1.911048 Tokens per Sec: 1349.785278
Epoch Step: 36001 Loss: 3.304953 Tokens per Sec: 1358.046875
Epoch Step: 37001 Loss: 3.567560 Tokens per Sec: 1357.981812
Epoch Step: 38001 Loss: 2.710015 Tokens per Sec: 1350.373291
Epoch Step: 39001 Loss: 3.295915 Tokens per Sec: 1347.345947
Epoch Step: 40001 Loss: 2.617528 Tokens per Sec: 1353.915161
Training elapsed time for epoch: 10470.578808
Epoch Step: 1 Loss: 0.400033 Tokens per Sec: 746.319702
Training elapsed time for epoch: 39.056702
Validation loss: 2.808188
Epoch 15 / 50
Epoch Step: 1 Loss: 2.723656 Tokens per Sec: 163.729080
Epoch Step: 1001 Loss: 0.900129 Tokens per Sec: 1357.020508
Epoch Step: 2001 Loss: 2.732138 Tokens per Sec: 1355.207520
Epoch Step: 3001 Loss: 3.406447 Tokens per Sec: 1357.429565
Epoch Step: 4001 Loss: 3.846955 Tokens per Sec: 1347.813965
Epoch Step: 5001 Loss: 1.648658 Tokens per Sec: 1355.610962
Epoch Step: 6001 Loss: 2.518708 Tokens per Sec: 1355.064331
Epoch Step: 7001 Loss: 2.185647 Tokens per Sec: 1348.958862
Epoch Step: 8001 Loss: 3.647955 Tokens per Sec: 1352.327148
Epoch Step: 9001 Loss: 1.869213 Tokens per Sec: 1352.530273
Epoch Step: 10001 Loss: 3.257513 Tokens per Sec: 1355.513550
Epoch Step: 11001 Loss: 2.829200 Tokens per Sec: 1353.070068
Epoch Step: 12001 Loss: 2.363134 Tokens per Sec: 1354.147217
Epoch Step: 13001 Loss: 2.585028 Tokens per Sec: 1355.800293
Epoch Step: 14001 Loss: 3.587935 Tokens per Sec: 1358.552856
Epoch Step: 15001 Loss: 1.868507 Tokens per Sec: 1345.961792
Epoch Step: 16001 Loss: 1.939673 Tokens per Sec: 1353.608521
Epoch Step: 17001 Loss: 3.568875 Tokens per Sec: 1366.386475
Epoch Step: 18001 Loss: 2.500132 Tokens per Sec: 1343.708984
Epoch Step: 19001 Loss: 2.303838 Tokens per Sec: 1342.389160
Epoch Step: 20001 Loss: 2.753684 Tokens per Sec: 1358.418945
Epoch Step: 21001 Loss: 4.059962 Tokens per Sec: 1356.572510
Epoch Step: 22001 Loss: 3.405450 Tokens per Sec: 1351.069702
Epoch Step: 23001 Loss: 2.816725 Tokens per Sec: 1356.269531
Epoch Step: 24001 Loss: 2.713906 Tokens per Sec: 1355.927368
Epoch Step: 25001 Loss: 2.383620 Tokens per Sec: 1349.881470
Epoch Step: 26001 Loss: 4.252563 Tokens per Sec: 1348.436279
Epoch Step: 27001 Loss: 2.594799 Tokens per Sec: 1355.146729
Epoch Step: 28001 Loss: 2.620656 Tokens per Sec: 1356.454590
Epoch Step: 29001 Loss: 3.892064 Tokens per Sec: 1353.447510
Epoch Step: 30001 Loss: 2.903882 Tokens per Sec: 1352.179443
Epoch Step: 31001 Loss: 3.187605 Tokens per Sec: 1353.943970
Epoch Step: 32001 Loss: 1.935006 Tokens per Sec: 1353.325195
Epoch Step: 33001 Loss: 3.885338 Tokens per Sec: 1361.084839
Epoch Step: 34001 Loss: 2.702090 Tokens per Sec: 1345.668945
Epoch Step: 35001 Loss: 2.572454 Tokens per Sec: 1360.074951
Epoch Step: 36001 Loss: 1.648831 Tokens per Sec: 1345.677856
Epoch Step: 37001 Loss: 4.387383 Tokens per Sec: 1356.041138
Epoch Step: 38001 Loss: 1.989491 Tokens per Sec: 1353.326416
Epoch Step: 39001 Loss: 3.080580 Tokens per Sec: 1356.507324
Epoch Step: 40001 Loss: 2.537796 Tokens per Sec: 1350.216431
Training elapsed time for epoch: 10470.428271
Epoch Step: 1 Loss: 0.424897 Tokens per Sec: 757.827454
Training elapsed time for epoch: 39.102688
Validation loss: 2.771963
Saved model to models/save_15.pt.
Epoch 16 / 50
Epoch Step: 1 Loss: 2.830142 Tokens per Sec: 130.798615
Epoch Step: 1001 Loss: 3.057737 Tokens per Sec: 1362.144775
Epoch Step: 2001 Loss: 2.749623 Tokens per Sec: 1347.811157
Epoch Step: 3001 Loss: 3.193569 Tokens per Sec: 1351.151611
Epoch Step: 4001 Loss: 3.558358 Tokens per Sec: 1363.248901
Epoch Step: 5001 Loss: 2.755312 Tokens per Sec: 1347.847412
Epoch Step: 6001 Loss: 2.631241 Tokens per Sec: 1356.825439
Epoch Step: 7001 Loss: 3.621617 Tokens per Sec: 1356.221313
Epoch Step: 8001 Loss: 2.010761 Tokens per Sec: 1355.605713
Epoch Step: 9001 Loss: 2.641072 Tokens per Sec: 1350.688599
Epoch Step: 10001 Loss: 3.894153 Tokens per Sec: 1351.741333
Epoch Step: 11001 Loss: 1.706998 Tokens per Sec: 1354.812744
Epoch Step: 12001 Loss: 2.693904 Tokens per Sec: 1348.371948
Epoch Step: 13001 Loss: 1.907108 Tokens per Sec: 1353.680298
Epoch Step: 14001 Loss: 2.860165 Tokens per Sec: 1340.630005
Epoch Step: 15001 Loss: 2.692718 Tokens per Sec: 1360.444092
Epoch Step: 16001 Loss: 4.024542 Tokens per Sec: 1347.724121
Epoch Step: 17001 Loss: 2.177495 Tokens per Sec: 1355.148315
Epoch Step: 18001 Loss: 1.714711 Tokens per Sec: 1354.637695
Epoch Step: 19001 Loss: 3.562512 Tokens per Sec: 1353.834106
Epoch Step: 20001 Loss: 1.964942 Tokens per Sec: 1351.244019
Epoch Step: 21001 Loss: 2.278135 Tokens per Sec: 1354.965454
Epoch Step: 22001 Loss: 3.337738 Tokens per Sec: 1350.234375
Epoch Step: 23001 Loss: 1.901890 Tokens per Sec: 1358.605591
Epoch Step: 24001 Loss: 3.222293 Tokens per Sec: 1351.888062
Epoch Step: 25001 Loss: 2.594718 Tokens per Sec: 1354.783325
Epoch Step: 26001 Loss: 2.103471 Tokens per Sec: 1345.350708
Epoch Step: 27001 Loss: 3.029274 Tokens per Sec: 1355.044189
Epoch Step: 28001 Loss: 1.870364 Tokens per Sec: 1351.414673
Epoch Step: 29001 Loss: 0.541648 Tokens per Sec: 1360.176636
Epoch Step: 30001 Loss: 2.730915 Tokens per Sec: 1344.608765
Epoch Step: 31001 Loss: 3.231442 Tokens per Sec: 1351.403931
Epoch Step: 32001 Loss: 1.863209 Tokens per Sec: 1361.730957
Epoch Step: 33001 Loss: 3.082330 Tokens per Sec: 1351.300293
Epoch Step: 34001 Loss: 2.430874 Tokens per Sec: 1349.717773
Epoch Step: 35001 Loss: 2.155324 Tokens per Sec: 1349.799805
Epoch Step: 36001 Loss: 2.616656 Tokens per Sec: 1354.661377
Epoch Step: 37001 Loss: 4.379634 Tokens per Sec: 1350.065674
Epoch Step: 38001 Loss: 2.906982 Tokens per Sec: 1352.802734
Epoch Step: 39001 Loss: 3.144601 Tokens per Sec: 1348.574463
Epoch Step: 40001 Loss: 3.734468 Tokens per Sec: 1357.058350
Training elapsed time for epoch: 10474.726257
Epoch Step: 1 Loss: 0.412319 Tokens per Sec: 752.037903
Training elapsed time for epoch: 39.159290
Validation loss: 2.737921
Epoch 17 / 50
Epoch Step: 1 Loss: 2.839940 Tokens per Sec: 159.441696
Epoch Step: 1001 Loss: 3.586000 Tokens per Sec: 1353.059326
Epoch Step: 2001 Loss: 1.644292 Tokens per Sec: 1355.411621
Epoch Step: 3001 Loss: 2.937137 Tokens per Sec: 1350.286743
Epoch Step: 4001 Loss: 2.313271 Tokens per Sec: 1355.154419
Epoch Step: 5001 Loss: 2.290440 Tokens per Sec: 1355.375610
Epoch Step: 6001 Loss: 2.105431 Tokens per Sec: 1347.175171
Epoch Step: 7001 Loss: 2.297255 Tokens per Sec: 1353.449219
Epoch Step: 8001 Loss: 2.271061 Tokens per Sec: 1345.104248
Epoch Step: 9001 Loss: 1.948847 Tokens per Sec: 1364.108643
Epoch Step: 10001 Loss: 2.500416 Tokens per Sec: 1356.424927
Epoch Step: 11001 Loss: 3.183194 Tokens per Sec: 1351.324585
Epoch Step: 12001 Loss: 3.820265 Tokens per Sec: 1354.444580
Epoch Step: 13001 Loss: 2.749583 Tokens per Sec: 1350.740112
Epoch Step: 14001 Loss: 2.594206 Tokens per Sec: 1349.960571
Epoch Step: 15001 Loss: 3.399850 Tokens per Sec: 1354.316895
Epoch Step: 16001 Loss: 1.591801 Tokens per Sec: 1356.338989
Epoch Step: 17001 Loss: 3.508494 Tokens per Sec: 1351.370728
Epoch Step: 18001 Loss: 3.163383 Tokens per Sec: 1348.072876
Epoch Step: 19001 Loss: 2.168643 Tokens per Sec: 1352.343506
Epoch Step: 20001 Loss: 3.434016 Tokens per Sec: 1349.516724
Epoch Step: 21001 Loss: 3.206207 Tokens per Sec: 1352.267700
Epoch Step: 22001 Loss: 2.567856 Tokens per Sec: 1348.985229
Epoch Step: 23001 Loss: 1.867359 Tokens per Sec: 1350.667480
Epoch Step: 24001 Loss: 1.744918 Tokens per Sec: 1351.774658
Epoch Step: 25001 Loss: 1.538229 Tokens per Sec: 1347.218140
Epoch Step: 26001 Loss: 2.609623 Tokens per Sec: 1357.235596
Epoch Step: 27001 Loss: 3.091902 Tokens per Sec: 1352.786255
Epoch Step: 28001 Loss: 4.317918 Tokens per Sec: 1347.308838
Epoch Step: 29001 Loss: 3.587326 Tokens per Sec: 1349.585327
Epoch Step: 30001 Loss: 4.388441 Tokens per Sec: 1355.546143
Epoch Step: 31001 Loss: 2.049270 Tokens per Sec: 1347.387817
Epoch Step: 32001 Loss: 1.581701 Tokens per Sec: 1348.964722
Epoch Step: 33001 Loss: 2.751374 Tokens per Sec: 1356.107910
Epoch Step: 34001 Loss: 3.277534 Tokens per Sec: 1354.273193
Epoch Step: 35001 Loss: 3.563834 Tokens per Sec: 1350.654785
Epoch Step: 36001 Loss: 2.613105 Tokens per Sec: 1346.442017
Epoch Step: 37001 Loss: 1.722762 Tokens per Sec: 1366.255493
Epoch Step: 38001 Loss: 3.714224 Tokens per Sec: 1351.297729
Epoch Step: 39001 Loss: 4.469487 Tokens per Sec: 1347.348389
Epoch Step: 40001 Loss: 2.769416 Tokens per Sec: 1354.472534
Training elapsed time for epoch: 10480.380960
Epoch Step: 1 Loss: 0.400120 Tokens per Sec: 759.310852
Training elapsed time for epoch: 39.138241
Validation loss: 2.713429
Epoch 18 / 50
Epoch Step: 1 Loss: 1.554767 Tokens per Sec: 159.904922
Epoch Step: 1001 Loss: 3.253027 Tokens per Sec: 1357.932617
Epoch Step: 2001 Loss: 3.671813 Tokens per Sec: 1344.445190
Epoch Step: 3001 Loss: 2.990270 Tokens per Sec: 1357.567261
Epoch Step: 4001 Loss: 2.237864 Tokens per Sec: 1351.850220
Epoch Step: 5001 Loss: 4.028914 Tokens per Sec: 1357.079590
Epoch Step: 6001 Loss: 1.333315 Tokens per Sec: 1350.559570
Epoch Step: 7001 Loss: 2.329574 Tokens per Sec: 1356.038940
Epoch Step: 8001 Loss: 2.075561 Tokens per Sec: 1351.782715
Epoch Step: 9001 Loss: 3.829703 Tokens per Sec: 1345.062378
Epoch Step: 10001 Loss: 3.148508 Tokens per Sec: 1352.527222
Epoch Step: 11001 Loss: 3.999048 Tokens per Sec: 1361.920776
Epoch Step: 12001 Loss: 2.572826 Tokens per Sec: 1351.116089
Epoch Step: 13001 Loss: 3.313516 Tokens per Sec: 1349.028809
Epoch Step: 14001 Loss: 4.478491 Tokens per Sec: 1352.593384
Epoch Step: 15001 Loss: 3.214865 Tokens per Sec: 1360.469849
Epoch Step: 16001 Loss: 2.578138 Tokens per Sec: 1352.080200
Epoch Step: 17001 Loss: 2.049643 Tokens per Sec: 1350.506470
Epoch Step: 18001 Loss: 2.319808 Tokens per Sec: 1353.000488
Epoch Step: 19001 Loss: 3.755914 Tokens per Sec: 1349.564819
Epoch Step: 20001 Loss: 4.024744 Tokens per Sec: 1355.286621
Epoch Step: 21001 Loss: 3.276798 Tokens per Sec: 1350.766479
Epoch Step: 22001 Loss: 3.689972 Tokens per Sec: 1350.705566
Epoch Step: 23001 Loss: 2.287403 Tokens per Sec: 1354.046021
Epoch Step: 24001 Loss: 3.368669 Tokens per Sec: 1352.592773
Epoch Step: 25001 Loss: 1.877376 Tokens per Sec: 1352.141113
Epoch Step: 26001 Loss: 2.279779 Tokens per Sec: 1350.620483
Epoch Step: 27001 Loss: 4.143436 Tokens per Sec: 1350.892090
Epoch Step: 28001 Loss: 3.311933 Tokens per Sec: 1348.959106
Epoch Step: 29001 Loss: 2.105477 Tokens per Sec: 1361.866333
Epoch Step: 30001 Loss: 2.294213 Tokens per Sec: 1347.803101
Epoch Step: 31001 Loss: 3.273116 Tokens per Sec: 1351.929688
Epoch Step: 32001 Loss: 1.695765 Tokens per Sec: 1352.227783
Epoch Step: 33001 Loss: 2.291218 Tokens per Sec: 1355.956055
Epoch Step: 34001 Loss: 2.887007 Tokens per Sec: 1358.593384
Epoch Step: 35001 Loss: 2.013330 Tokens per Sec: 1345.493896
Epoch Step: 36001 Loss: 2.607279 Tokens per Sec: 1346.984253
Epoch Step: 37001 Loss: 3.190712 Tokens per Sec: 1360.090942
Epoch Step: 38001 Loss: 2.914852 Tokens per Sec: 1349.410889
Epoch Step: 39001 Loss: 2.429374 Tokens per Sec: 1352.272339
Epoch Step: 40001 Loss: 3.675505 Tokens per Sec: 1346.744873
Training elapsed time for epoch: 10477.435531
Epoch Step: 1 Loss: 0.400327 Tokens per Sec: 753.281616
Training elapsed time for epoch: 39.073267
Validation loss: 2.683893
Epoch 19 / 50
Epoch Step: 1 Loss: 0.461418 Tokens per Sec: 78.943275
Epoch Step: 1001 Loss: 3.456365 Tokens per Sec: 1354.149048
Epoch Step: 2001 Loss: 2.232959 Tokens per Sec: 1353.804688
Epoch Step: 3001 Loss: 2.917511 Tokens per Sec: 1347.288208
Epoch Step: 4001 Loss: 2.004979 Tokens per Sec: 1356.024658
Epoch Step: 5001 Loss: 2.279578 Tokens per Sec: 1354.384033
Epoch Step: 6001 Loss: 1.680618 Tokens per Sec: 1353.968750
Epoch Step: 7001 Loss: 1.407190 Tokens per Sec: 1344.088135
Epoch Step: 8001 Loss: 2.689984 Tokens per Sec: 1356.935913
Epoch Step: 9001 Loss: 2.754701 Tokens per Sec: 1349.164551
Epoch Step: 10001 Loss: 2.978912 Tokens per Sec: 1360.099487
Epoch Step: 11001 Loss: 2.200911 Tokens per Sec: 1349.381714
Epoch Step: 12001 Loss: 3.216045 Tokens per Sec: 1351.155273
Epoch Step: 13001 Loss: 1.894002 Tokens per Sec: 1350.357422
Epoch Step: 14001 Loss: 3.396962 Tokens per Sec: 1351.986328
Epoch Step: 15001 Loss: 2.753732 Tokens per Sec: 1353.635254
Epoch Step: 16001 Loss: 3.568732 Tokens per Sec: 1351.863892
Epoch Step: 17001 Loss: 3.663604 Tokens per Sec: 1354.415649
Epoch Step: 18001 Loss: 2.674928 Tokens per Sec: 1349.996338
Epoch Step: 19001 Loss: 2.524071 Tokens per Sec: 1356.811890
Epoch Step: 20001 Loss: 3.236962 Tokens per Sec: 1351.108398
Epoch Step: 21001 Loss: 3.208378 Tokens per Sec: 1353.925049
Epoch Step: 22001 Loss: 3.497647 Tokens per Sec: 1352.342651
Epoch Step: 23001 Loss: 2.700774 Tokens per Sec: 1350.318115
Epoch Step: 24001 Loss: 2.546797 Tokens per Sec: 1350.523438
Epoch Step: 25001 Loss: 0.493334 Tokens per Sec: 1355.426514
Epoch Step: 26001 Loss: 2.618161 Tokens per Sec: 1350.861816
Epoch Step: 27001 Loss: 2.360257 Tokens per Sec: 1356.345581
Epoch Step: 28001 Loss: 2.833196 Tokens per Sec: 1353.669922
Epoch Step: 29001 Loss: 2.673608 Tokens per Sec: 1343.303833
Epoch Step: 30001 Loss: 3.061680 Tokens per Sec: 1354.239868
Epoch Step: 31001 Loss: 2.692451 Tokens per Sec: 1350.892212
Epoch Step: 32001 Loss: 3.634986 Tokens per Sec: 1361.625122
Epoch Step: 33001 Loss: 1.211371 Tokens per Sec: 1338.311523
Epoch Step: 34001 Loss: 2.384673 Tokens per Sec: 1357.922241
Epoch Step: 35001 Loss: 2.764983 Tokens per Sec: 1350.092896
Epoch Step: 36001 Loss: 3.442992 Tokens per Sec: 1346.608032
Epoch Step: 37001 Loss: 2.075395 Tokens per Sec: 1350.152100
Epoch Step: 38001 Loss: 2.754012 Tokens per Sec: 1353.923584
Epoch Step: 39001 Loss: 1.947376 Tokens per Sec: 1348.748413
Epoch Step: 40001 Loss: 2.028350 Tokens per Sec: 1356.801758
Training elapsed time for epoch: 10481.066726
Epoch Step: 1 Loss: 0.417015 Tokens per Sec: 756.845154
Training elapsed time for epoch: 39.111153
Validation loss: 2.667529
Epoch 20 / 50
Epoch Step: 1 Loss: 3.116557 Tokens per Sec: 202.824112
Epoch Step: 1001 Loss: 1.807272 Tokens per Sec: 1357.101929
Epoch Step: 2001 Loss: 3.967566 Tokens per Sec: 1352.987427
Epoch Step: 3001 Loss: 3.197549 Tokens per Sec: 1349.387817
Epoch Step: 4001 Loss: 2.963258 Tokens per Sec: 1363.459839
Epoch Step: 5001 Loss: 1.428605 Tokens per Sec: 1348.975098
Epoch Step: 6001 Loss: 1.865291 Tokens per Sec: 1349.769165
Epoch Step: 7001 Loss: 2.474317 Tokens per Sec: 1346.678711
Epoch Step: 8001 Loss: 2.039804 Tokens per Sec: 1349.368530
Epoch Step: 9001 Loss: 0.486605 Tokens per Sec: 1356.086060
Epoch Step: 10001 Loss: 2.736495 Tokens per Sec: 1349.606445
Epoch Step: 11001 Loss: 3.184861 Tokens per Sec: 1355.302124
Epoch Step: 12001 Loss: 3.847897 Tokens per Sec: 1360.635376
Epoch Step: 13001 Loss: 2.826259 Tokens per Sec: 1351.765381
Epoch Step: 14001 Loss: 2.462211 Tokens per Sec: 1352.493896
Epoch Step: 15001 Loss: 2.395522 Tokens per Sec: 1349.172729
Epoch Step: 16001 Loss: 1.996245 Tokens per Sec: 1353.804077
Epoch Step: 17001 Loss: 1.903473 Tokens per Sec: 1351.524780
Epoch Step: 18001 Loss: 1.388926 Tokens per Sec: 1349.777100
Epoch Step: 19001 Loss: 2.318120 Tokens per Sec: 1356.555664
Epoch Step: 20001 Loss: 2.872006 Tokens per Sec: 1351.528076
Epoch Step: 21001 Loss: 2.412684 Tokens per Sec: 1346.197021
Epoch Step: 22001 Loss: 2.907465 Tokens per Sec: 1358.703369
Epoch Step: 23001 Loss: 1.721479 Tokens per Sec: 1349.452271
Epoch Step: 24001 Loss: 3.253309 Tokens per Sec: 1355.633423
Epoch Step: 25001 Loss: 1.947515 Tokens per Sec: 1355.556396
Epoch Step: 26001 Loss: 3.023571 Tokens per Sec: 1351.211060
Epoch Step: 27001 Loss: 2.117923 Tokens per Sec: 1359.288086
Epoch Step: 28001 Loss: 1.912666 Tokens per Sec: 1350.896362
Epoch Step: 29001 Loss: 3.272494 Tokens per Sec: 1350.843506
Epoch Step: 30001 Loss: 2.244757 Tokens per Sec: 1348.255737
Epoch Step: 31001 Loss: 3.753595 Tokens per Sec: 1356.612305
Epoch Step: 32001 Loss: 2.368251 Tokens per Sec: 1348.990601
Epoch Step: 33001 Loss: 3.806510 Tokens per Sec: 1356.926392
Epoch Step: 34001 Loss: 3.328129 Tokens per Sec: 1343.913452
Epoch Step: 35001 Loss: 2.498884 Tokens per Sec: 1356.782959
Epoch Step: 36001 Loss: 2.738971 Tokens per Sec: 1357.202759
Epoch Step: 37001 Loss: 2.317379 Tokens per Sec: 1353.718994
Epoch Step: 38001 Loss: 4.312803 Tokens per Sec: 1343.223511
Epoch Step: 39001 Loss: 4.111026 Tokens per Sec: 1367.203125
Epoch Step: 40001 Loss: 0.483781 Tokens per Sec: 1347.294312
Training elapsed time for epoch: 10475.172187
Epoch Step: 1 Loss: 0.418815 Tokens per Sec: 764.974060
Training elapsed time for epoch: 39.155213
Validation loss: 2.642918
Saved model to models/save_20.pt.
Epoch 21 / 50
Epoch Step: 1 Loss: 2.317831 Tokens per Sec: 171.818558
Epoch Step: 1001 Loss: 0.596513 Tokens per Sec: 1354.748535
Epoch Step: 2001 Loss: 3.280996 Tokens per Sec: 1358.444336
Epoch Step: 3001 Loss: 3.595929 Tokens per Sec: 1354.625854
Epoch Step: 4001 Loss: 3.012050 Tokens per Sec: 1352.515503
Epoch Step: 5001 Loss: 3.001257 Tokens per Sec: 1356.475098
Epoch Step: 6001 Loss: 2.424264 Tokens per Sec: 1348.812378
Epoch Step: 7001 Loss: 3.137148 Tokens per Sec: 1344.197021
Epoch Step: 8001 Loss: 2.929350 Tokens per Sec: 1355.160522
Epoch Step: 9001 Loss: 3.522505 Tokens per Sec: 1355.211670
Epoch Step: 10001 Loss: 2.141003 Tokens per Sec: 1350.700195
Epoch Step: 11001 Loss: 2.379044 Tokens per Sec: 1350.208740
Epoch Step: 12001 Loss: 1.914312 Tokens per Sec: 1350.124023
Epoch Step: 13001 Loss: 3.639566 Tokens per Sec: 1357.503662
Epoch Step: 14001 Loss: 2.391563 Tokens per Sec: 1352.864014
Epoch Step: 15001 Loss: 1.931761 Tokens per Sec: 1353.749023
Epoch Step: 16001 Loss: 2.018747 Tokens per Sec: 1354.028198
Epoch Step: 17001 Loss: 3.097742 Tokens per Sec: 1352.204102
Epoch Step: 18001 Loss: 3.816049 Tokens per Sec: 1347.269409
Epoch Step: 19001 Loss: 1.563960 Tokens per Sec: 1357.326416
Epoch Step: 20001 Loss: 2.552336 Tokens per Sec: 1344.835327
Epoch Step: 21001 Loss: 2.887740 Tokens per Sec: 1350.770264
Epoch Step: 22001 Loss: 3.642253 Tokens per Sec: 1353.285278
Epoch Step: 23001 Loss: 3.555892 Tokens per Sec: 1351.499390
Epoch Step: 24001 Loss: 3.382915 Tokens per Sec: 1345.223633
Epoch Step: 25001 Loss: 2.669610 Tokens per Sec: 1354.766357
Epoch Step: 26001 Loss: 2.462920 Tokens per Sec: 1354.555542
Epoch Step: 27001 Loss: 2.579913 Tokens per Sec: 1346.364868
Epoch Step: 28001 Loss: 2.640850 Tokens per Sec: 1351.594116
Epoch Step: 29001 Loss: 2.988329 Tokens per Sec: 1353.116211
Epoch Step: 30001 Loss: 3.992600 Tokens per Sec: 1351.153809
Epoch Step: 31001 Loss: 3.149007 Tokens per Sec: 1350.076904
Epoch Step: 32001 Loss: 3.604470 Tokens per Sec: 1359.491943
Epoch Step: 33001 Loss: 2.364871 Tokens per Sec: 1346.546021
Epoch Step: 34001 Loss: 1.909189 Tokens per Sec: 1358.623901
Epoch Step: 35001 Loss: 2.407702 Tokens per Sec: 1344.765381
Epoch Step: 36001 Loss: 2.551425 Tokens per Sec: 1358.053955
Epoch Step: 37001 Loss: 3.656546 Tokens per Sec: 1354.614868
Epoch Step: 38001 Loss: 1.653069 Tokens per Sec: 1358.044922
Epoch Step: 39001 Loss: 2.203679 Tokens per Sec: 1344.938843
Epoch Step: 40001 Loss: 3.521278 Tokens per Sec: 1347.005615
Training elapsed time for epoch: 10481.137975
Epoch Step: 1 Loss: 0.390063 Tokens per Sec: 747.177368
Training elapsed time for epoch: 39.043488
Validation loss: 2.624669
Epoch 22 / 50
Epoch Step: 1 Loss: 3.220398 Tokens per Sec: 190.112015
Epoch Step: 1001 Loss: 1.372771 Tokens per Sec: 1351.898438
Epoch Step: 2001 Loss: 3.236049 Tokens per Sec: 1353.812012
Epoch Step: 3001 Loss: 3.161903 Tokens per Sec: 1350.980469
Epoch Step: 4001 Loss: 3.696641 Tokens per Sec: 1355.312622
Epoch Step: 5001 Loss: 2.424492 Tokens per Sec: 1356.502686
Epoch Step: 6001 Loss: 2.780303 Tokens per Sec: 1346.673828
Epoch Step: 7001 Loss: 4.193358 Tokens per Sec: 1346.067383
Epoch Step: 8001 Loss: 2.081767 Tokens per Sec: 1363.232788
Epoch Step: 9001 Loss: 3.053212 Tokens per Sec: 1341.752686
Epoch Step: 10001 Loss: 2.789819 Tokens per Sec: 1356.101440
Epoch Step: 11001 Loss: 1.933867 Tokens per Sec: 1347.391479
Epoch Step: 12001 Loss: 3.053998 Tokens per Sec: 1357.067139
Epoch Step: 13001 Loss: 2.819097 Tokens per Sec: 1349.316284
Epoch Step: 14001 Loss: 2.547560 Tokens per Sec: 1345.976318
Epoch Step: 15001 Loss: 1.744211 Tokens per Sec: 1353.893799
Epoch Step: 16001 Loss: 2.390316 Tokens per Sec: 1353.806885
Epoch Step: 17001 Loss: 3.195373 Tokens per Sec: 1356.349487
Epoch Step: 18001 Loss: 3.599203 Tokens per Sec: 1348.347412
Epoch Step: 19001 Loss: 3.708361 Tokens per Sec: 1354.573730
Epoch Step: 20001 Loss: 2.784155 Tokens per Sec: 1354.106812
Epoch Step: 21001 Loss: 2.867819 Tokens per Sec: 1353.553345
Epoch Step: 22001 Loss: 3.076528 Tokens per Sec: 1351.746460
Epoch Step: 23001 Loss: 2.558138 Tokens per Sec: 1355.242310
Epoch Step: 24001 Loss: 2.160860 Tokens per Sec: 1352.784790
Epoch Step: 25001 Loss: 2.727887 Tokens per Sec: 1348.353760
Epoch Step: 26001 Loss: 2.270976 Tokens per Sec: 1355.665283
Epoch Step: 27001 Loss: 2.291136 Tokens per Sec: 1343.813599
Epoch Step: 28001 Loss: 3.592966 Tokens per Sec: 1361.019897
Epoch Step: 29001 Loss: 0.491221 Tokens per Sec: 1351.409912
Epoch Step: 30001 Loss: 1.701730 Tokens per Sec: 1353.734497
Epoch Step: 31001 Loss: 3.118925 Tokens per Sec: 1349.851807
Epoch Step: 32001 Loss: 3.517723 Tokens per Sec: 1358.091064
Epoch Step: 33001 Loss: 2.860913 Tokens per Sec: 1350.236206
Epoch Step: 34001 Loss: 3.695954 Tokens per Sec: 1348.347534
Epoch Step: 35001 Loss: 3.266545 Tokens per Sec: 1350.925903
Epoch Step: 36001 Loss: 4.158687 Tokens per Sec: 1363.706177
Epoch Step: 37001 Loss: 3.498487 Tokens per Sec: 1346.211182
Epoch Step: 38001 Loss: 3.254479 Tokens per Sec: 1352.302002
Epoch Step: 39001 Loss: 3.185449 Tokens per Sec: 1354.912354
Epoch Step: 40001 Loss: 2.331520 Tokens per Sec: 1346.197388
Training elapsed time for epoch: 10479.927947
Epoch Step: 1 Loss: 0.391403 Tokens per Sec: 764.051392
Training elapsed time for epoch: 39.140374
Validation loss: 2.605499
Epoch 23 / 50
Epoch Step: 1 Loss: 1.499316 Tokens per Sec: 154.438782
Epoch Step: 1001 Loss: 2.993406 Tokens per Sec: 1359.118896
Epoch Step: 2001 Loss: 0.633627 Tokens per Sec: 1351.258423
Epoch Step: 3001 Loss: 3.079120 Tokens per Sec: 1350.723511
Epoch Step: 4001 Loss: 2.772527 Tokens per Sec: 1356.164673
Epoch Step: 5001 Loss: 3.769941 Tokens per Sec: 1357.253418
Epoch Step: 6001 Loss: 2.566858 Tokens per Sec: 1352.691406
Epoch Step: 7001 Loss: 1.955248 Tokens per Sec: 1348.504028
Epoch Step: 8001 Loss: 2.279624 Tokens per Sec: 1353.267212
Epoch Step: 9001 Loss: 2.613902 Tokens per Sec: 1352.860107
Epoch Step: 10001 Loss: 2.383940 Tokens per Sec: 1361.090576
Epoch Step: 11001 Loss: 2.658616 Tokens per Sec: 1350.006470
Epoch Step: 12001 Loss: 1.377873 Tokens per Sec: 1350.671875
Epoch Step: 13001 Loss: 3.113275 Tokens per Sec: 1347.554810
Epoch Step: 14001 Loss: 2.359566 Tokens per Sec: 1357.294800
Epoch Step: 15001 Loss: 2.444917 Tokens per Sec: 1353.384766
Epoch Step: 16001 Loss: 2.717154 Tokens per Sec: 1351.618042
Epoch Step: 17001 Loss: 3.529020 Tokens per Sec: 1358.278809
Epoch Step: 18001 Loss: 2.764056 Tokens per Sec: 1341.780273
Epoch Step: 19001 Loss: 2.551440 Tokens per Sec: 1351.315186
Epoch Step: 20001 Loss: 3.662358 Tokens per Sec: 1357.361084
Epoch Step: 21001 Loss: 1.797923 Tokens per Sec: 1352.367798
Epoch Step: 22001 Loss: 2.027532 Tokens per Sec: 1352.286987
Epoch Step: 23001 Loss: 3.360508 Tokens per Sec: 1349.458130
Epoch Step: 24001 Loss: 3.709358 Tokens per Sec: 1354.712646
Epoch Step: 25001 Loss: 3.183526 Tokens per Sec: 1354.164429
Epoch Step: 26001 Loss: 3.070384 Tokens per Sec: 1354.803711
Epoch Step: 27001 Loss: 3.876697 Tokens per Sec: 1346.353027
Epoch Step: 28001 Loss: 2.775008 Tokens per Sec: 1352.113281
Epoch Step: 29001 Loss: 2.633059 Tokens per Sec: 1351.392334
Epoch Step: 30001 Loss: 3.942877 Tokens per Sec: 1356.939697
Epoch Step: 31001 Loss: 2.396397 Tokens per Sec: 1347.014282
Epoch Step: 32001 Loss: 1.969473 Tokens per Sec: 1359.108276
Epoch Step: 33001 Loss: 1.565969 Tokens per Sec: 1344.535522
Epoch Step: 34001 Loss: 2.414080 Tokens per Sec: 1353.729248
Epoch Step: 35001 Loss: 3.542007 Tokens per Sec: 1355.390259
Epoch Step: 36001 Loss: 2.957000 Tokens per Sec: 1350.401611
Epoch Step: 37001 Loss: 0.338318 Tokens per Sec: 1349.203613
Epoch Step: 38001 Loss: 1.497305 Tokens per Sec: 1347.471069
Epoch Step: 39001 Loss: 3.650519 Tokens per Sec: 1350.776489
Epoch Step: 40001 Loss: 3.611619 Tokens per Sec: 1346.342529
Training elapsed time for epoch: 10479.804350
Epoch Step: 1 Loss: 0.381895 Tokens per Sec: 754.412842
Training elapsed time for epoch: 39.097078
Validation loss: 2.592168
Epoch 24 / 50
Epoch Step: 1 Loss: 3.755941 Tokens per Sec: 192.312836
Epoch Step: 1001 Loss: 3.326986 Tokens per Sec: 1352.437500
Epoch Step: 2001 Loss: 3.793735 Tokens per Sec: 1348.924561
Epoch Step: 3001 Loss: 3.170292 Tokens per Sec: 1357.558350
Epoch Step: 4001 Loss: 2.992584 Tokens per Sec: 1348.238647
Epoch Step: 5001 Loss: 2.037584 Tokens per Sec: 1344.557617
Epoch Step: 6001 Loss: 2.575645 Tokens per Sec: 1359.312744
Epoch Step: 7001 Loss: 2.051244 Tokens per Sec: 1341.386597
Epoch Step: 8001 Loss: 1.649978 Tokens per Sec: 1365.280640
Epoch Step: 9001 Loss: 2.158559 Tokens per Sec: 1351.395142
Epoch Step: 10001 Loss: 3.694093 Tokens per Sec: 1349.279541
Epoch Step: 11001 Loss: 1.399109 Tokens per Sec: 1361.769165
Epoch Step: 12001 Loss: 2.894673 Tokens per Sec: 1342.540161
Epoch Step: 13001 Loss: 2.199721 Tokens per Sec: 1355.313965
Epoch Step: 14001 Loss: 2.801529 Tokens per Sec: 1352.459229
Epoch Step: 15001 Loss: 3.779204 Tokens per Sec: 1348.744751
Epoch Step: 16001 Loss: 2.372896 Tokens per Sec: 1359.645142
Epoch Step: 17001 Loss: 2.570953 Tokens per Sec: 1351.698975
Epoch Step: 18001 Loss: 2.412286 Tokens per Sec: 1354.718872
Epoch Step: 19001 Loss: 2.790989 Tokens per Sec: 1351.257202
Epoch Step: 20001 Loss: 4.184142 Tokens per Sec: 1352.867188
Epoch Step: 21001 Loss: 2.372452 Tokens per Sec: 1350.160767
Epoch Step: 22001 Loss: 2.120907 Tokens per Sec: 1354.608398
Epoch Step: 23001 Loss: 1.909236 Tokens per Sec: 1351.718384
Epoch Step: 24001 Loss: 2.162963 Tokens per Sec: 1352.096558
Epoch Step: 25001 Loss: 2.597080 Tokens per Sec: 1351.814941
Epoch Step: 26001 Loss: 4.300037 Tokens per Sec: 1353.256714
Epoch Step: 27001 Loss: 2.993576 Tokens per Sec: 1356.192017
Epoch Step: 28001 Loss: 1.465010 Tokens per Sec: 1345.129028
Epoch Step: 29001 Loss: 3.573480 Tokens per Sec: 1349.836548
Epoch Step: 30001 Loss: 2.301853 Tokens per Sec: 1356.134888
Epoch Step: 31001 Loss: 3.521296 Tokens per Sec: 1356.104370
Epoch Step: 32001 Loss: 2.135621 Tokens per Sec: 1349.861816
Epoch Step: 33001 Loss: 3.821204 Tokens per Sec: 1351.329956
Epoch Step: 34001 Loss: 3.485437 Tokens per Sec: 1353.467773
Epoch Step: 35001 Loss: 3.578790 Tokens per Sec: 1348.711548
Epoch Step: 36001 Loss: 2.140361 Tokens per Sec: 1346.352783
Epoch Step: 37001 Loss: 2.395290 Tokens per Sec: 1354.873413
Epoch Step: 38001 Loss: 3.888227 Tokens per Sec: 1353.127075
Epoch Step: 39001 Loss: 2.633525 Tokens per Sec: 1341.733398
Epoch Step: 40001 Loss: 0.461085 Tokens per Sec: 1354.118286
Training elapsed time for epoch: 10481.520558
Epoch Step: 1 Loss: 0.385617 Tokens per Sec: 762.835632
Training elapsed time for epoch: 39.097170
Validation loss: 2.576780
Epoch 25 / 50
Epoch Step: 1 Loss: 1.972704 Tokens per Sec: 153.941360
Epoch Step: 1001 Loss: 1.944266 Tokens per Sec: 1353.753418
Epoch Step: 2001 Loss: 3.308626 Tokens per Sec: 1351.173462
Epoch Step: 3001 Loss: 2.223407 Tokens per Sec: 1362.129639
Epoch Step: 4001 Loss: 2.424810 Tokens per Sec: 1349.075806
Epoch Step: 5001 Loss: 3.768842 Tokens per Sec: 1349.261597
Epoch Step: 6001 Loss: 3.755957 Tokens per Sec: 1351.534546
Epoch Step: 7001 Loss: 1.554783 Tokens per Sec: 1353.670532
Epoch Step: 8001 Loss: 2.368650 Tokens per Sec: 1356.629517
Epoch Step: 9001 Loss: 1.581812 Tokens per Sec: 1346.806030
Epoch Step: 10001 Loss: 2.873949 Tokens per Sec: 1356.349731
Epoch Step: 11001 Loss: 2.750802 Tokens per Sec: 1350.095703
Epoch Step: 12001 Loss: 1.923035 Tokens per Sec: 1357.191162
Epoch Step: 13001 Loss: 0.419220 Tokens per Sec: 1351.084961
Epoch Step: 14001 Loss: 0.552890 Tokens per Sec: 1349.986084
Epoch Step: 15001 Loss: 2.829956 Tokens per Sec: 1352.102539
Epoch Step: 16001 Loss: 3.118418 Tokens per Sec: 1351.354126
Epoch Step: 17001 Loss: 1.496538 Tokens per Sec: 1352.255371
Epoch Step: 18001 Loss: 0.679997 Tokens per Sec: 1355.744873
Epoch Step: 19001 Loss: 3.017031 Tokens per Sec: 1346.586670
Epoch Step: 20001 Loss: 3.927341 Tokens per Sec: 1353.146362
Epoch Step: 21001 Loss: 3.262676 Tokens per Sec: 1347.993408
Epoch Step: 22001 Loss: 2.937930 Tokens per Sec: 1355.020508
Epoch Step: 23001 Loss: 3.204106 Tokens per Sec: 1357.050293
Epoch Step: 24001 Loss: 0.305622 Tokens per Sec: 1352.544067
Epoch Step: 25001 Loss: 1.873151 Tokens per Sec: 1350.034180
Epoch Step: 26001 Loss: 2.355931 Tokens per Sec: 1349.258423
Epoch Step: 27001 Loss: 3.001748 Tokens per Sec: 1354.407959
Epoch Step: 28001 Loss: 3.217282 Tokens per Sec: 1347.208374
Epoch Step: 29001 Loss: 2.975811 Tokens per Sec: 1359.916992
Epoch Step: 30001 Loss: 2.541708 Tokens per Sec: 1348.315552
Epoch Step: 31001 Loss: 2.438642 Tokens per Sec: 1356.929199
Epoch Step: 32001 Loss: 2.203135 Tokens per Sec: 1355.712646
Epoch Step: 33001 Loss: 4.056408 Tokens per Sec: 1350.039429
Epoch Step: 34001 Loss: 2.794722 Tokens per Sec: 1353.165894
Epoch Step: 35001 Loss: 2.296092 Tokens per Sec: 1350.358643
Epoch Step: 36001 Loss: 2.472290 Tokens per Sec: 1362.204346
Epoch Step: 37001 Loss: 2.027066 Tokens per Sec: 1360.272339
Epoch Step: 38001 Loss: 1.768640 Tokens per Sec: 1342.003052
Epoch Step: 39001 Loss: 2.958325 Tokens per Sec: 1358.751953
Epoch Step: 40001 Loss: 1.789297 Tokens per Sec: 1351.458130
Training elapsed time for epoch: 10475.026979
Epoch Step: 1 Loss: 0.398876 Tokens per Sec: 769.556213
Training elapsed time for epoch: 39.105786
Validation loss: 2.554661
Saved model to models/save_25.pt.
Epoch 26 / 50
Epoch Step: 1 Loss: 2.756367 Tokens per Sec: 191.683105
Epoch Step: 1001 Loss: 1.811843 Tokens per Sec: 1351.819092
Epoch Step: 2001 Loss: 0.527234 Tokens per Sec: 1354.587891
Epoch Step: 3001 Loss: 4.689212 Tokens per Sec: 1355.526489
Epoch Step: 4001 Loss: 3.274822 Tokens per Sec: 1356.459717
Epoch Step: 5001 Loss: 2.126538 Tokens per Sec: 1348.125977
Epoch Step: 6001 Loss: 1.801202 Tokens per Sec: 1352.805420
Epoch Step: 7001 Loss: 2.089022 Tokens per Sec: 1352.655151
Epoch Step: 8001 Loss: 0.465104 Tokens per Sec: 1349.259521
Epoch Step: 9001 Loss: 1.645340 Tokens per Sec: 1355.095093
Epoch Step: 10001 Loss: 0.549312 Tokens per Sec: 1357.204956
Epoch Step: 11001 Loss: 2.195199 Tokens per Sec: 1349.401123
Epoch Step: 12001 Loss: 0.398133 Tokens per Sec: 1348.468140
Epoch Step: 13001 Loss: 3.192940 Tokens per Sec: 1350.759033
Epoch Step: 14001 Loss: 1.406464 Tokens per Sec: 1363.428711
Epoch Step: 15001 Loss: 1.633624 Tokens per Sec: 1354.970825
Epoch Step: 16001 Loss: 2.835944 Tokens per Sec: 1356.126831
Epoch Step: 17001 Loss: 2.888214 Tokens per Sec: 1343.611084
Epoch Step: 18001 Loss: 2.423561 Tokens per Sec: 1351.970459
Epoch Step: 19001 Loss: 2.760705 Tokens per Sec: 1348.770630
Epoch Step: 20001 Loss: 3.622636 Tokens per Sec: 1348.714844
Epoch Step: 21001 Loss: 2.724063 Tokens per Sec: 1358.829102
Epoch Step: 22001 Loss: 1.552027 Tokens per Sec: 1355.000854
Epoch Step: 23001 Loss: 2.066821 Tokens per Sec: 1352.545044
Epoch Step: 24001 Loss: 2.950168 Tokens per Sec: 1358.845093
Epoch Step: 25001 Loss: 1.391410 Tokens per Sec: 1353.581665
Epoch Step: 26001 Loss: 2.906356 Tokens per Sec: 1350.490845
Epoch Step: 27001 Loss: 1.968627 Tokens per Sec: 1354.838989
Epoch Step: 28001 Loss: 2.452738 Tokens per Sec: 1342.433472
Epoch Step: 29001 Loss: 2.011258 Tokens per Sec: 1357.571655
Epoch Step: 30001 Loss: 1.892807 Tokens per Sec: 1359.462402
Epoch Step: 31001 Loss: 1.090417 Tokens per Sec: 1349.103760
Epoch Step: 32001 Loss: 3.473177 Tokens per Sec: 1350.432129
Epoch Step: 33001 Loss: 1.624680 Tokens per Sec: 1355.616211
Epoch Step: 34001 Loss: 1.270526 Tokens per Sec: 1360.968262
Epoch Step: 35001 Loss: 3.036211 Tokens per Sec: 1341.688110
Epoch Step: 36001 Loss: 2.768479 Tokens per Sec: 1353.563232
Epoch Step: 37001 Loss: 2.032411 Tokens per Sec: 1356.194336
Epoch Step: 38001 Loss: 2.927865 Tokens per Sec: 1346.738159
Epoch Step: 39001 Loss: 2.451606 Tokens per Sec: 1358.923218
Epoch Step: 40001 Loss: 2.618648 Tokens per Sec: 1348.651245
Training elapsed time for epoch: 10474.748600
Epoch Step: 1 Loss: 0.394455 Tokens per Sec: 751.956421
Training elapsed time for epoch: 39.106127
Validation loss: 2.538967
Epoch 27 / 50
Epoch Step: 1 Loss: 1.780684 Tokens per Sec: 147.458466
Epoch Step: 1001 Loss: 2.876297 Tokens per Sec: 1352.467285
Epoch Step: 2001 Loss: 2.404279 Tokens per Sec: 1355.715576
Epoch Step: 3001 Loss: 2.620056 Tokens per Sec: 1345.025024
Epoch Step: 4001 Loss: 2.235092 Tokens per Sec: 1358.853271
Epoch Step: 5001 Loss: 2.934909 Tokens per Sec: 1355.756836
Epoch Step: 6001 Loss: 2.684857 Tokens per Sec: 1351.834351
Epoch Step: 7001 Loss: 2.198442 Tokens per Sec: 1352.355835
Epoch Step: 8001 Loss: 3.717639 Tokens per Sec: 1351.553345
Epoch Step: 9001 Loss: 3.076699 Tokens per Sec: 1347.809326
Epoch Step: 10001 Loss: 2.209316 Tokens per Sec: 1362.647095
Epoch Step: 11001 Loss: 2.024282 Tokens per Sec: 1342.182129
Epoch Step: 12001 Loss: 3.518877 Tokens per Sec: 1356.436157
Epoch Step: 13001 Loss: 1.899320 Tokens per Sec: 1356.800171
Epoch Step: 14001 Loss: 4.155166 Tokens per Sec: 1352.959839
Epoch Step: 15001 Loss: 3.257187 Tokens per Sec: 1352.567139
Epoch Step: 16001 Loss: 1.506472 Tokens per Sec: 1348.910645
Epoch Step: 17001 Loss: 3.248588 Tokens per Sec: 1361.193604
Epoch Step: 18001 Loss: 2.215348 Tokens per Sec: 1348.083618
Epoch Step: 19001 Loss: 1.998668 Tokens per Sec: 1353.268799
Epoch Step: 20001 Loss: 2.845500 Tokens per Sec: 1351.304688
Epoch Step: 21001 Loss: 2.991475 Tokens per Sec: 1342.766357
Epoch Step: 22001 Loss: 0.623587 Tokens per Sec: 1362.199707
Epoch Step: 23001 Loss: 1.437838 Tokens per Sec: 1346.352417
Epoch Step: 24001 Loss: 2.736001 Tokens per Sec: 1355.353638
Epoch Step: 25001 Loss: 3.761194 Tokens per Sec: 1357.086914
Epoch Step: 26001 Loss: 2.414822 Tokens per Sec: 1344.274536
Epoch Step: 27001 Loss: 1.389835 Tokens per Sec: 1359.107056
Epoch Step: 28001 Loss: 1.977755 Tokens per Sec: 1353.230103
Epoch Step: 29001 Loss: 1.945036 Tokens per Sec: 1353.446899
Epoch Step: 30001 Loss: 2.451525 Tokens per Sec: 1348.145508
Epoch Step: 31001 Loss: 2.545009 Tokens per Sec: 1354.077026
Epoch Step: 32001 Loss: 2.077179 Tokens per Sec: 1348.001831
Epoch Step: 33001 Loss: 3.110708 Tokens per Sec: 1349.902710
Epoch Step: 34001 Loss: 1.621479 Tokens per Sec: 1353.874390
Epoch Step: 35001 Loss: 2.394287 Tokens per Sec: 1362.313232
Epoch Step: 36001 Loss: 2.525026 Tokens per Sec: 1346.050415
Epoch Step: 37001 Loss: 2.784520 Tokens per Sec: 1354.713745
Epoch Step: 38001 Loss: 2.137848 Tokens per Sec: 1350.151978
Epoch Step: 39001 Loss: 1.838113 Tokens per Sec: 1353.060791
Epoch Step: 40001 Loss: 2.517608 Tokens per Sec: 1360.649902
Training elapsed time for epoch: 10476.609970
Epoch Step: 1 Loss: 0.397293 Tokens per Sec: 758.141052
Training elapsed time for epoch: 39.004369
Validation loss: 2.528502
Epoch 28 / 50
Epoch Step: 1 Loss: 3.053392 Tokens per Sec: 165.075500
Epoch Step: 1001 Loss: 2.510469 Tokens per Sec: 1355.516968
Epoch Step: 2001 Loss: 3.949686 Tokens per Sec: 1349.250854
Epoch Step: 3001 Loss: 1.616147 Tokens per Sec: 1350.221924
Epoch Step: 4001 Loss: 2.145857 Tokens per Sec: 1352.654785
Epoch Step: 5001 Loss: 3.239753 Tokens per Sec: 1357.109253
Epoch Step: 6001 Loss: 2.034066 Tokens per Sec: 1356.601318
Epoch Step: 7001 Loss: 2.832802 Tokens per Sec: 1356.827881
Epoch Step: 8001 Loss: 2.982605 Tokens per Sec: 1352.456177
Epoch Step: 9001 Loss: 2.488248 Tokens per Sec: 1348.379883
Epoch Step: 10001 Loss: 3.409261 Tokens per Sec: 1359.129883
Epoch Step: 11001 Loss: 2.872149 Tokens per Sec: 1346.474365
Epoch Step: 12001 Loss: 2.616084 Tokens per Sec: 1352.842163
Epoch Step: 13001 Loss: 2.782707 Tokens per Sec: 1357.847656
Epoch Step: 14001 Loss: 2.663279 Tokens per Sec: 1358.099121
Epoch Step: 15001 Loss: 3.350536 Tokens per Sec: 1352.477417
Epoch Step: 16001 Loss: 1.685673 Tokens per Sec: 1357.463867
Epoch Step: 17001 Loss: 2.596118 Tokens per Sec: 1353.269653
Epoch Step: 18001 Loss: 2.415891 Tokens per Sec: 1348.911865
Epoch Step: 19001 Loss: 2.499641 Tokens per Sec: 1354.276489
Epoch Step: 20001 Loss: 1.445016 Tokens per Sec: 1345.463257
Epoch Step: 21001 Loss: 1.500410 Tokens per Sec: 1351.370361
Epoch Step: 22001 Loss: 2.544095 Tokens per Sec: 1352.064697
Epoch Step: 23001 Loss: 3.835060 Tokens per Sec: 1358.979980
Epoch Step: 24001 Loss: 1.801244 Tokens per Sec: 1349.083740
Epoch Step: 25001 Loss: 2.716883 Tokens per Sec: 1355.503296
Epoch Step: 26001 Loss: 3.086031 Tokens per Sec: 1351.419312
Epoch Step: 27001 Loss: 2.602882 Tokens per Sec: 1357.306641
Epoch Step: 28001 Loss: 2.279238 Tokens per Sec: 1344.660522
Epoch Step: 29001 Loss: 2.536725 Tokens per Sec: 1354.900879
Epoch Step: 30001 Loss: 3.028135 Tokens per Sec: 1355.265503
Epoch Step: 31001 Loss: 2.738232 Tokens per Sec: 1354.017822
Epoch Step: 32001 Loss: 2.348583 Tokens per Sec: 1354.550781
Epoch Step: 33001 Loss: 2.057228 Tokens per Sec: 1350.450928
Epoch Step: 34001 Loss: 3.790617 Tokens per Sec: 1348.836792
Epoch Step: 35001 Loss: 1.499324 Tokens per Sec: 1344.196045
Epoch Step: 36001 Loss: 2.731727 Tokens per Sec: 1361.502319
Epoch Step: 37001 Loss: 2.476574 Tokens per Sec: 1346.424438
Epoch Step: 38001 Loss: 3.109759 Tokens per Sec: 1352.396606
Epoch Step: 39001 Loss: 4.111707 Tokens per Sec: 1354.278198
Epoch Step: 40001 Loss: 2.641089 Tokens per Sec: 1358.358398
Training elapsed time for epoch: 10475.825110
Epoch Step: 1 Loss: 0.384988 Tokens per Sec: 773.244873
Training elapsed time for epoch: 39.057642
Validation loss: 2.505482
Epoch 29 / 50
Epoch Step: 1 Loss: 2.200994 Tokens per Sec: 176.138382
Epoch Step: 1001 Loss: 3.136239 Tokens per Sec: 1358.022705
Epoch Step: 2001 Loss: 2.338840 Tokens per Sec: 1352.951538
Epoch Step: 3001 Loss: 3.448264 Tokens per Sec: 1351.867554
Epoch Step: 4001 Loss: 3.554300 Tokens per Sec: 1349.460449
Epoch Step: 5001 Loss: 2.497174 Tokens per Sec: 1350.374634
Epoch Step: 6001 Loss: 3.228742 Tokens per Sec: 1352.139282
Epoch Step: 7001 Loss: 1.907471 Tokens per Sec: 1353.612915
Epoch Step: 8001 Loss: 2.251814 Tokens per Sec: 1355.267578
Epoch Step: 9001 Loss: 2.170297 Tokens per Sec: 1347.244995
Epoch Step: 10001 Loss: 2.508762 Tokens per Sec: 1356.391602
Epoch Step: 11001 Loss: 3.545451 Tokens per Sec: 1344.767822
Epoch Step: 12001 Loss: 3.952621 Tokens per Sec: 1360.187866
Epoch Step: 13001 Loss: 2.471890 Tokens per Sec: 1345.722168
Epoch Step: 14001 Loss: 2.837056 Tokens per Sec: 1342.394897
Epoch Step: 15001 Loss: 2.683650 Tokens per Sec: 1357.895386
Epoch Step: 16001 Loss: 2.812192 Tokens per Sec: 1354.508301
Epoch Step: 17001 Loss: 3.059262 Tokens per Sec: 1352.527954
Epoch Step: 18001 Loss: 2.589966 Tokens per Sec: 1350.749268
Epoch Step: 19001 Loss: 2.638145 Tokens per Sec: 1354.817871
Epoch Step: 20001 Loss: 3.140300 Tokens per Sec: 1358.781372
Epoch Step: 21001 Loss: 4.478911 Tokens per Sec: 1347.608887
Epoch Step: 22001 Loss: 2.400887 Tokens per Sec: 1349.652344
Epoch Step: 23001 Loss: 2.913475 Tokens per Sec: 1353.386719
Epoch Step: 24001 Loss: 3.486611 Tokens per Sec: 1355.498413
Epoch Step: 25001 Loss: 2.527941 Tokens per Sec: 1348.719482
Epoch Step: 26001 Loss: 2.831199 Tokens per Sec: 1356.345337
Epoch Step: 27001 Loss: 1.956652 Tokens per Sec: 1347.659302
Epoch Step: 28001 Loss: 4.126426 Tokens per Sec: 1345.784912
Epoch Step: 29001 Loss: 3.558664 Tokens per Sec: 1356.765747
Epoch Step: 30001 Loss: 2.955910 Tokens per Sec: 1363.407715
Epoch Step: 31001 Loss: 2.583148 Tokens per Sec: 1344.447876
Epoch Step: 32001 Loss: 1.776147 Tokens per Sec: 1344.656982
Epoch Step: 33001 Loss: 3.226458 Tokens per Sec: 1354.300293
Epoch Step: 34001 Loss: 1.367543 Tokens per Sec: 1351.483276
Epoch Step: 35001 Loss: 1.471536 Tokens per Sec: 1350.304688
Epoch Step: 36001 Loss: 2.356459 Tokens per Sec: 1352.248047
Epoch Step: 37001 Loss: 1.701529 Tokens per Sec: 1354.638916
Epoch Step: 38001 Loss: 0.445845 Tokens per Sec: 1353.029541
Epoch Step: 39001 Loss: 2.049719 Tokens per Sec: 1356.109131
Epoch Step: 40001 Loss: 2.675352 Tokens per Sec: 1338.633911
Training elapsed time for epoch: 10482.207888
Epoch Step: 1 Loss: 0.386498 Tokens per Sec: 760.174683
Training elapsed time for epoch: 39.156900
Validation loss: 2.493307
Epoch 30 / 50
Epoch Step: 1 Loss: 4.616874 Tokens per Sec: 148.959915
Epoch Step: 1001 Loss: 2.321733 Tokens per Sec: 1356.546997
Epoch Step: 2001 Loss: 2.748173 Tokens per Sec: 1352.511841
Epoch Step: 3001 Loss: 1.603882 Tokens per Sec: 1352.947388
Epoch Step: 4001 Loss: 2.838795 Tokens per Sec: 1350.104614
Epoch Step: 5001 Loss: 2.749664 Tokens per Sec: 1349.985718
Epoch Step: 6001 Loss: 2.691456 Tokens per Sec: 1349.583252
Epoch Step: 7001 Loss: 2.578537 Tokens per Sec: 1354.084229
Epoch Step: 8001 Loss: 2.560794 Tokens per Sec: 1355.949951
Epoch Step: 9001 Loss: 1.531434 Tokens per Sec: 1342.295532
Epoch Step: 10001 Loss: 1.961900 Tokens per Sec: 1359.189941
Epoch Step: 11001 Loss: 2.744810 Tokens per Sec: 1350.619507
Epoch Step: 12001 Loss: 0.546603 Tokens per Sec: 1351.989136
Epoch Step: 13001 Loss: 3.167427 Tokens per Sec: 1347.642456
Epoch Step: 14001 Loss: 2.310743 Tokens per Sec: 1356.244629
Epoch Step: 15001 Loss: 0.391855 Tokens per Sec: 1351.618652
Epoch Step: 16001 Loss: 3.865420 Tokens per Sec: 1354.384644
Epoch Step: 17001 Loss: 2.104236 Tokens per Sec: 1345.178101
Epoch Step: 18001 Loss: 2.512150 Tokens per Sec: 1356.441528
Epoch Step: 19001 Loss: 2.033092 Tokens per Sec: 1353.166870
Epoch Step: 20001 Loss: 1.220704 Tokens per Sec: 1350.701050
Epoch Step: 21001 Loss: 2.718416 Tokens per Sec: 1354.719971
Epoch Step: 22001 Loss: 2.673110 Tokens per Sec: 1350.859863
Epoch Step: 23001 Loss: 1.753936 Tokens per Sec: 1351.888916
Epoch Step: 24001 Loss: 3.420008 Tokens per Sec: 1354.985229
Epoch Step: 25001 Loss: 3.312887 Tokens per Sec: 1352.589111
Epoch Step: 26001 Loss: 1.953593 Tokens per Sec: 1354.290527
Epoch Step: 27001 Loss: 3.318474 Tokens per Sec: 1345.980835
Epoch Step: 28001 Loss: 2.343022 Tokens per Sec: 1348.018188
Epoch Step: 29001 Loss: 1.770901 Tokens per Sec: 1354.079834
Epoch Step: 30001 Loss: 2.372417 Tokens per Sec: 1353.923462
Epoch Step: 31001 Loss: 1.759497 Tokens per Sec: 1357.017334
Epoch Step: 32001 Loss: 2.651077 Tokens per Sec: 1350.343872
Epoch Step: 33001 Loss: 2.688289 Tokens per Sec: 1352.403076
Epoch Step: 34001 Loss: 3.443886 Tokens per Sec: 1345.134155
Epoch Step: 35001 Loss: 2.646976 Tokens per Sec: 1361.327637
Epoch Step: 36001 Loss: 2.777136 Tokens per Sec: 1354.058350
Epoch Step: 37001 Loss: 2.812963 Tokens per Sec: 1348.054932
Epoch Step: 38001 Loss: 0.346384 Tokens per Sec: 1353.288330
Epoch Step: 39001 Loss: 3.343114 Tokens per Sec: 1352.177612
Epoch Step: 40001 Loss: 2.187474 Tokens per Sec: 1352.909058
Training elapsed time for epoch: 10479.726356
Epoch Step: 1 Loss: 0.390568 Tokens per Sec: 755.293274
Training elapsed time for epoch: 39.014641
Validation loss: 2.482947
Saved model to models/save_30.pt.
Epoch 31 / 50
Epoch Step: 1 Loss: 2.624431 Tokens per Sec: 191.842529
Epoch Step: 1001 Loss: 1.580686 Tokens per Sec: 1352.960205
Epoch Step: 2001 Loss: 2.882361 Tokens per Sec: 1348.539673
Epoch Step: 3001 Loss: 2.052372 Tokens per Sec: 1357.890137
Epoch Step: 4001 Loss: 2.004718 Tokens per Sec: 1345.956909
Epoch Step: 5001 Loss: 2.321034 Tokens per Sec: 1359.305664
Epoch Step: 6001 Loss: 1.786309 Tokens per Sec: 1348.066040
Epoch Step: 7001 Loss: 1.370130 Tokens per Sec: 1355.343750
Epoch Step: 8001 Loss: 2.069115 Tokens per Sec: 1354.864990
Epoch Step: 9001 Loss: 2.589568 Tokens per Sec: 1357.001587
Epoch Step: 10001 Loss: 2.902501 Tokens per Sec: 1342.075317
Epoch Step: 11001 Loss: 2.867707 Tokens per Sec: 1347.024170
Epoch Step: 12001 Loss: 2.575142 Tokens per Sec: 1363.295044
Epoch Step: 13001 Loss: 2.960183 Tokens per Sec: 1355.803833
Epoch Step: 14001 Loss: 2.158576 Tokens per Sec: 1342.056763
Epoch Step: 15001 Loss: 1.629215 Tokens per Sec: 1346.826416
Epoch Step: 16001 Loss: 2.336965 Tokens per Sec: 1344.764771
Epoch Step: 17001 Loss: 1.771824 Tokens per Sec: 1345.738281
Epoch Step: 18001 Loss: 3.242298 Tokens per Sec: 1354.070312
Epoch Step: 19001 Loss: 2.330292 Tokens per Sec: 1354.294800
Epoch Step: 20001 Loss: 2.150815 Tokens per Sec: 1352.820801
Epoch Step: 21001 Loss: 1.317290 Tokens per Sec: 1348.647461
Epoch Step: 22001 Loss: 1.893665 Tokens per Sec: 1353.428345
Epoch Step: 23001 Loss: 3.170831 Tokens per Sec: 1354.760010
Epoch Step: 24001 Loss: 3.630602 Tokens per Sec: 1353.468750
Epoch Step: 25001 Loss: 3.270998 Tokens per Sec: 1351.836304
Epoch Step: 26001 Loss: 3.494124 Tokens per Sec: 1357.739746
Epoch Step: 27001 Loss: 2.250382 Tokens per Sec: 1349.439941
Epoch Step: 28001 Loss: 3.564128 Tokens per Sec: 1352.392212
Epoch Step: 29001 Loss: 2.022064 Tokens per Sec: 1347.661255
Epoch Step: 30001 Loss: 3.446598 Tokens per Sec: 1357.699707
Epoch Step: 31001 Loss: 2.102057 Tokens per Sec: 1352.847412
Epoch Step: 32001 Loss: 3.874767 Tokens per Sec: 1351.390259
Epoch Step: 33001 Loss: 3.176315 Tokens per Sec: 1361.442261
Epoch Step: 34001 Loss: 1.907075 Tokens per Sec: 1350.165405
Epoch Step: 35001 Loss: 1.810765 Tokens per Sec: 1348.952759
Epoch Step: 36001 Loss: 3.401387 Tokens per Sec: 1360.430786
Epoch Step: 37001 Loss: 2.803970 Tokens per Sec: 1343.149902
Epoch Step: 38001 Loss: 1.608887 Tokens per Sec: 1351.251343
Epoch Step: 39001 Loss: 3.462071 Tokens per Sec: 1360.008911
Epoch Step: 40001 Loss: 1.836530 Tokens per Sec: 1341.289795
Training elapsed time for epoch: 10481.906997
Epoch Step: 1 Loss: 0.389750 Tokens per Sec: 767.344910
Training elapsed time for epoch: 39.018762
Validation loss: 2.469383
Epoch 32 / 50
Epoch Step: 1 Loss: 2.973228 Tokens per Sec: 192.830093
Epoch Step: 1001 Loss: 2.789027 Tokens per Sec: 1360.423462
Epoch Step: 2001 Loss: 2.257137 Tokens per Sec: 1352.886963
Epoch Step: 3001 Loss: 1.581790 Tokens per Sec: 1349.920898
Epoch Step: 4001 Loss: 2.772956 Tokens per Sec: 1353.704102
Epoch Step: 5001 Loss: 2.863553 Tokens per Sec: 1355.269653
Epoch Step: 6001 Loss: 2.565183 Tokens per Sec: 1345.296875
Epoch Step: 7001 Loss: 2.316155 Tokens per Sec: 1357.484253
Epoch Step: 8001 Loss: 3.265062 Tokens per Sec: 1349.760376
Epoch Step: 9001 Loss: 0.342559 Tokens per Sec: 1353.738892
Epoch Step: 10001 Loss: 3.031289 Tokens per Sec: 1358.531860
Epoch Step: 11001 Loss: 2.537434 Tokens per Sec: 1349.069336
Epoch Step: 12001 Loss: 1.686609 Tokens per Sec: 1351.775635
Epoch Step: 13001 Loss: 3.421871 Tokens per Sec: 1340.912964
Epoch Step: 14001 Loss: 2.057876 Tokens per Sec: 1363.961060
Epoch Step: 15001 Loss: 2.912038 Tokens per Sec: 1346.184570
Epoch Step: 16001 Loss: 3.218484 Tokens per Sec: 1351.996094
Epoch Step: 17001 Loss: 4.199710 Tokens per Sec: 1353.348511
Epoch Step: 18001 Loss: 2.553849 Tokens per Sec: 1346.434448
Epoch Step: 19001 Loss: 2.909911 Tokens per Sec: 1357.148682
Epoch Step: 20001 Loss: 2.566960 Tokens per Sec: 1338.737793
Epoch Step: 21001 Loss: 2.267014 Tokens per Sec: 1358.005737
Epoch Step: 22001 Loss: 2.503694 Tokens per Sec: 1351.355957
Epoch Step: 23001 Loss: 2.544001 Tokens per Sec: 1353.460693
Epoch Step: 24001 Loss: 2.318243 Tokens per Sec: 1349.264160
Epoch Step: 25001 Loss: 2.867553 Tokens per Sec: 1350.313965
Epoch Step: 26001 Loss: 3.078282 Tokens per Sec: 1356.814209
Epoch Step: 27001 Loss: 2.289074 Tokens per Sec: 1347.573120
Epoch Step: 28001 Loss: 2.423426 Tokens per Sec: 1359.967529
Epoch Step: 29001 Loss: 3.263206 Tokens per Sec: 1346.614136
Epoch Step: 30001 Loss: 3.264635 Tokens per Sec: 1352.660522
Epoch Step: 31001 Loss: 3.273283 Tokens per Sec: 1351.903687
Epoch Step: 32001 Loss: 1.947353 Tokens per Sec: 1354.290894
Epoch Step: 33001 Loss: 3.006023 Tokens per Sec: 1350.149658
Epoch Step: 34001 Loss: 2.596029 Tokens per Sec: 1349.059082
Epoch Step: 35001 Loss: 1.472976 Tokens per Sec: 1344.903931
Epoch Step: 36001 Loss: 2.122190 Tokens per Sec: 1359.644165
Epoch Step: 37001 Loss: 2.452783 Tokens per Sec: 1345.524414
Epoch Step: 38001 Loss: 2.234321 Tokens per Sec: 1351.201782
Epoch Step: 39001 Loss: 3.406853 Tokens per Sec: 1356.715820
Epoch Step: 40001 Loss: 1.575559 Tokens per Sec: 1353.771606
Training elapsed time for epoch: 10481.064785
Epoch Step: 1 Loss: 0.385823 Tokens per Sec: 738.414429
Training elapsed time for epoch: 39.031511
Validation loss: 2.458881
Epoch 33 / 50
Epoch Step: 1 Loss: 2.372193 Tokens per Sec: 185.750885
Epoch Step: 1001 Loss: 2.888798 Tokens per Sec: 1353.892578
Epoch Step: 2001 Loss: 2.449346 Tokens per Sec: 1348.897217
Epoch Step: 3001 Loss: 0.438291 Tokens per Sec: 1354.416504
Epoch Step: 4001 Loss: 2.649081 Tokens per Sec: 1352.827393
Epoch Step: 5001 Loss: 2.602529 Tokens per Sec: 1354.109619
Epoch Step: 6001 Loss: 2.026152 Tokens per Sec: 1345.020264
Epoch Step: 7001 Loss: 1.818777 Tokens per Sec: 1358.308716
Epoch Step: 8001 Loss: 3.080043 Tokens per Sec: 1350.593628
Epoch Step: 9001 Loss: 1.248203 Tokens per Sec: 1348.357544
Epoch Step: 10001 Loss: 3.448200 Tokens per Sec: 1352.610352
Epoch Step: 11001 Loss: 2.925708 Tokens per Sec: 1357.487061
Epoch Step: 12001 Loss: 3.459276 Tokens per Sec: 1358.920410
Epoch Step: 13001 Loss: 1.507838 Tokens per Sec: 1343.387329
Epoch Step: 14001 Loss: 2.319375 Tokens per Sec: 1352.786987
Epoch Step: 15001 Loss: 3.250473 Tokens per Sec: 1352.120483
Epoch Step: 16001 Loss: 2.980281 Tokens per Sec: 1357.432129
Epoch Step: 17001 Loss: 2.712109 Tokens per Sec: 1345.098633
Epoch Step: 18001 Loss: 3.402998 Tokens per Sec: 1355.595337
Epoch Step: 19001 Loss: 2.149082 Tokens per Sec: 1351.249268
Epoch Step: 20001 Loss: 2.469291 Tokens per Sec: 1355.221680
Epoch Step: 21001 Loss: 3.076571 Tokens per Sec: 1354.489502
Epoch Step: 22001 Loss: 3.195441 Tokens per Sec: 1349.821289
Epoch Step: 23001 Loss: 2.808451 Tokens per Sec: 1350.018799
Epoch Step: 24001 Loss: 2.350456 Tokens per Sec: 1353.072510
Epoch Step: 25001 Loss: 3.535317 Tokens per Sec: 1351.548218
Epoch Step: 26001 Loss: 3.136181 Tokens per Sec: 1354.590210
Epoch Step: 27001 Loss: 2.716480 Tokens per Sec: 1357.930054
Epoch Step: 28001 Loss: 2.758971 Tokens per Sec: 1346.236816
Epoch Step: 29001 Loss: 2.213079 Tokens per Sec: 1353.232788
Epoch Step: 30001 Loss: 1.703519 Tokens per Sec: 1357.694824
Epoch Step: 31001 Loss: 3.460975 Tokens per Sec: 1343.438232
Epoch Step: 32001 Loss: 2.411031 Tokens per Sec: 1363.695190
Epoch Step: 33001 Loss: 2.492635 Tokens per Sec: 1348.520630
Epoch Step: 34001 Loss: 2.803836 Tokens per Sec: 1355.769653
Epoch Step: 35001 Loss: 3.189039 Tokens per Sec: 1343.972656
Epoch Step: 36001 Loss: 2.195884 Tokens per Sec: 1364.175293
Epoch Step: 37001 Loss: 3.293111 Tokens per Sec: 1343.985962
Epoch Step: 38001 Loss: 3.204261 Tokens per Sec: 1361.941284
Epoch Step: 39001 Loss: 2.793141 Tokens per Sec: 1349.021362
Epoch Step: 40001 Loss: 2.189055 Tokens per Sec: 1356.706055
Training elapsed time for epoch: 10477.104216
Epoch Step: 1 Loss: 0.380559 Tokens per Sec: 770.433777
Training elapsed time for epoch: 39.075344
Validation loss: 2.443512
Epoch 34 / 50
Epoch Step: 1 Loss: 0.879531 Tokens per Sec: 60.012222
Epoch Step: 1001 Loss: 2.653258 Tokens per Sec: 1356.185425
Epoch Step: 2001 Loss: 2.433193 Tokens per Sec: 1357.094971
Epoch Step: 3001 Loss: 2.431480 Tokens per Sec: 1354.423706
Epoch Step: 4001 Loss: 1.739620 Tokens per Sec: 1349.784668
Epoch Step: 5001 Loss: 2.258544 Tokens per Sec: 1353.053589
Epoch Step: 6001 Loss: 2.375407 Tokens per Sec: 1350.479126
Epoch Step: 7001 Loss: 2.073336 Tokens per Sec: 1358.347046
Epoch Step: 8001 Loss: 2.426674 Tokens per Sec: 1350.952148
Epoch Step: 9001 Loss: 3.364704 Tokens per Sec: 1347.047485
Epoch Step: 10001 Loss: 2.541672 Tokens per Sec: 1358.344604
Epoch Step: 11001 Loss: 3.665032 Tokens per Sec: 1354.494385
Epoch Step: 12001 Loss: 2.894357 Tokens per Sec: 1355.222656
Epoch Step: 13001 Loss: 2.848933 Tokens per Sec: 1352.958374
Epoch Step: 14001 Loss: 2.245757 Tokens per Sec: 1350.398315
Epoch Step: 15001 Loss: 3.164993 Tokens per Sec: 1354.962036
Epoch Step: 16001 Loss: 2.887965 Tokens per Sec: 1340.941772
Epoch Step: 17001 Loss: 1.513110 Tokens per Sec: 1357.257690
Epoch Step: 18001 Loss: 3.731149 Tokens per Sec: 1359.776855
Epoch Step: 19001 Loss: 2.837254 Tokens per Sec: 1351.096191
Epoch Step: 20001 Loss: 3.548647 Tokens per Sec: 1348.189331
Epoch Step: 21001 Loss: 3.345320 Tokens per Sec: 1350.038086
Epoch Step: 22001 Loss: 1.357059 Tokens per Sec: 1350.770264
Epoch Step: 23001 Loss: 2.487970 Tokens per Sec: 1354.451904
Epoch Step: 24001 Loss: 2.825779 Tokens per Sec: 1352.403320
Epoch Step: 25001 Loss: 2.440718 Tokens per Sec: 1351.089233
Epoch Step: 26001 Loss: 2.125479 Tokens per Sec: 1357.058716
Epoch Step: 27001 Loss: 2.415134 Tokens per Sec: 1357.883545
Epoch Step: 28001 Loss: 2.335693 Tokens per Sec: 1356.889526
Epoch Step: 29001 Loss: 3.222328 Tokens per Sec: 1347.813843
Epoch Step: 30001 Loss: 2.354901 Tokens per Sec: 1346.753296
Epoch Step: 31001 Loss: 2.564385 Tokens per Sec: 1361.997192
Epoch Step: 32001 Loss: 2.243901 Tokens per Sec: 1350.955933
Epoch Step: 33001 Loss: 2.142561 Tokens per Sec: 1347.536743
Epoch Step: 34001 Loss: 2.993525 Tokens per Sec: 1353.390381
Epoch Step: 35001 Loss: 1.451976 Tokens per Sec: 1351.669922
Epoch Step: 36001 Loss: 3.164964 Tokens per Sec: 1357.397461
Epoch Step: 37001 Loss: 2.589798 Tokens per Sec: 1360.223389
Epoch Step: 38001 Loss: 2.539489 Tokens per Sec: 1340.957642
Epoch Step: 39001 Loss: 2.515543 Tokens per Sec: 1357.115234
Epoch Step: 40001 Loss: 2.999393 Tokens per Sec: 1346.735107
Training elapsed time for epoch: 10475.518723
Epoch Step: 1 Loss: 0.399218 Tokens per Sec: 762.915894
Training elapsed time for epoch: 39.077353
Validation loss: 2.435324
Epoch 35 / 50
Epoch Step: 1 Loss: 3.407239 Tokens per Sec: 153.326569
Epoch Step: 1001 Loss: 2.325207 Tokens per Sec: 1358.983276
Epoch Step: 2001 Loss: 2.628732 Tokens per Sec: 1356.477051
Epoch Step: 3001 Loss: 3.183437 Tokens per Sec: 1348.176270
Epoch Step: 4001 Loss: 2.849920 Tokens per Sec: 1347.760864
Epoch Step: 5001 Loss: 2.454988 Tokens per Sec: 1357.493286
Epoch Step: 6001 Loss: 1.350035 Tokens per Sec: 1351.543701
Epoch Step: 7001 Loss: 2.139998 Tokens per Sec: 1356.393311
Epoch Step: 8001 Loss: 2.244153 Tokens per Sec: 1135.703735
Epoch Step: 9001 Loss: 2.775584 Tokens per Sec: 656.396179
Epoch Step: 10001 Loss: 2.874300 Tokens per Sec: 656.968201
Epoch Step: 11001 Loss: 1.708707 Tokens per Sec: 660.221008
Epoch Step: 12001 Loss: 2.701047 Tokens per Sec: 654.274353
Epoch Step: 13001 Loss: 3.404513 Tokens per Sec: 661.184998
Epoch Step: 14001 Loss: 2.505496 Tokens per Sec: 658.125000
Epoch Step: 15001 Loss: 3.045435 Tokens per Sec: 661.821289
Epoch Step: 16001 Loss: 1.989945 Tokens per Sec: 661.653137
Epoch Step: 17001 Loss: 2.443198 Tokens per Sec: 660.834351
Epoch Step: 18001 Loss: 1.598504 Tokens per Sec: 658.558899
Epoch Step: 19001 Loss: 3.469381 Tokens per Sec: 659.286011
Epoch Step: 20001 Loss: 2.867359 Tokens per Sec: 659.799561
Epoch Step: 21001 Loss: 4.417016 Tokens per Sec: 657.564636
Epoch Step: 22001 Loss: 2.020145 Tokens per Sec: 661.827759
Epoch Step: 23001 Loss: 2.853256 Tokens per Sec: 657.235596
Epoch Step: 24001 Loss: 2.364909 Tokens per Sec: 660.933838
Epoch Step: 25001 Loss: 2.944366 Tokens per Sec: 658.859009
Epoch Step: 26001 Loss: 2.322428 Tokens per Sec: 658.220703
Epoch Step: 27001 Loss: 2.113834 Tokens per Sec: 655.967224
Epoch Step: 28001 Loss: 2.301615 Tokens per Sec: 660.458679
Epoch Step: 29001 Loss: 3.346735 Tokens per Sec: 661.489563
Epoch Step: 30001 Loss: 2.402646 Tokens per Sec: 651.828979
Epoch Step: 31001 Loss: 2.000586 Tokens per Sec: 660.703125
Epoch Step: 32001 Loss: 3.163058 Tokens per Sec: 659.963440
Epoch Step: 33001 Loss: 2.336621 Tokens per Sec: 663.197144
Epoch Step: 34001 Loss: 2.480782 Tokens per Sec: 654.196777
Epoch Step: 35001 Loss: 2.957218 Tokens per Sec: 657.100220
Epoch Step: 36001 Loss: 2.462440 Tokens per Sec: 655.818542
Epoch Step: 37001 Loss: 1.835332 Tokens per Sec: 664.372192
Epoch Step: 38001 Loss: 2.574043 Tokens per Sec: 655.874695
Epoch Step: 39001 Loss: 0.406463 Tokens per Sec: 662.637695
Epoch Step: 40001 Loss: 3.469296 Tokens per Sec: 658.955200
Training elapsed time for epoch: 19386.048478
Epoch Step: 1 Loss: 0.378539 Tokens per Sec: 445.962708
Training elapsed time for epoch: 67.941894
Validation loss: 2.426155
Saved model to models/save_35.pt.
Epoch 36 / 50
Epoch Step: 1 Loss: 2.202622 Tokens per Sec: 127.640411
Epoch Step: 1001 Loss: 2.022882 Tokens per Sec: 659.205261
Epoch Step: 2001 Loss: 3.119842 Tokens per Sec: 656.389221
Epoch Step: 3001 Loss: 2.634590 Tokens per Sec: 661.508423
Epoch Step: 4001 Loss: 3.561270 Tokens per Sec: 654.623840
Epoch Step: 5001 Loss: 3.266271 Tokens per Sec: 663.420044
Epoch Step: 6001 Loss: 2.001250 Tokens per Sec: 655.506531
Epoch Step: 7001 Loss: 2.094458 Tokens per Sec: 659.778687
Epoch Step: 8001 Loss: 1.990997 Tokens per Sec: 659.030090
Epoch Step: 9001 Loss: 1.644042 Tokens per Sec: 664.353821
Epoch Step: 10001 Loss: 2.782098 Tokens per Sec: 646.540405
Epoch Step: 11001 Loss: 4.185051 Tokens per Sec: 662.935425
Epoch Step: 12001 Loss: 3.303800 Tokens per Sec: 657.003235
Epoch Step: 13001 Loss: 3.472620 Tokens per Sec: 657.126648
Epoch Step: 14001 Loss: 2.797835 Tokens per Sec: 659.421692
Epoch Step: 15001 Loss: 3.182357 Tokens per Sec: 663.086853
Epoch Step: 16001 Loss: 2.659324 Tokens per Sec: 655.007080
Epoch Step: 17001 Loss: 2.936351 Tokens per Sec: 659.063477
Epoch Step: 18001 Loss: 2.431892 Tokens per Sec: 662.099976
Epoch Step: 19001 Loss: 3.034833 Tokens per Sec: 656.971802
Epoch Step: 20001 Loss: 3.045812 Tokens per Sec: 660.776917
Epoch Step: 21001 Loss: 2.297278 Tokens per Sec: 657.637451
Epoch Step: 22001 Loss: 1.989182 Tokens per Sec: 656.869934
Epoch Step: 23001 Loss: 0.439654 Tokens per Sec: 660.183533
Epoch Step: 24001 Loss: 2.402639 Tokens per Sec: 659.889465
Epoch Step: 25001 Loss: 2.314104 Tokens per Sec: 659.498718
Epoch Step: 26001 Loss: 2.959279 Tokens per Sec: 658.660278
Epoch Step: 27001 Loss: 3.040805 Tokens per Sec: 659.018005
Epoch Step: 28001 Loss: 2.359069 Tokens per Sec: 659.276001
